[ 2018-03-14T11:58:08+08:00 ] 127.0.0.1 /appMusic/
INFO: [ app_init ] --START--
INFO: Run Behavior\BuildLiteBehavior [ RunTime:0.000000s ]
INFO: [ app_init ] --END-- [ RunTime:0.001000s ]
INFO: [ app_begin ] --START--
NOTIC: [2] filemtime(): stat failed for ./Application/Home/View/Index/index.html D:\phpStudy\PHPTutorial\WWW\appMusic\ThinkPHP\Library\Behavior\ReadHtmlCacheBehavior.class.php 第 118 行.
NOTIC: [2] fopen(.././index_html_cache.lock): failed to open stream: No such file or directory D:\phpStudy\PHPTutorial\WWW\appMusic\ThinkPHP\Library\Behavior\ReadHtmlCacheBehavior.class.php 第 31 行.
NOTIC: [2] flock() expects parameter 1 to be resource, boolean given D:\phpStudy\PHPTutorial\WWW\appMusic\ThinkPHP\Library\Behavior\ReadHtmlCacheBehavior.class.php 第 32 行.
NOTIC: [2] filemtime(): stat failed for ./Application/Home/View/Index/index.html D:\phpStudy\PHPTutorial\WWW\appMusic\ThinkPHP\Library\Behavior\ReadHtmlCacheBehavior.class.php 第 118 行.
INFO: Run Behavior\ReadHtmlCacheBehavior [ RunTime:0.028001s ]
INFO: [ app_begin ] --END-- [ RunTime:0.028001s ]
ERR: 非法操作:index

[ 2018-03-14T12:06:50+08:00 ] 127.0.0.1 /appMusic/index.php/Home/index/index
INFO: [ app_init ] --START--
INFO: Run Behavior\BuildLiteBehavior [ RunTime:0.000000s ]
INFO: [ app_init ] --END-- [ RunTime:0.001000s ]
INFO: [ app_begin ] --START--
NOTIC: [2] filemtime(): stat failed for ./Application/Home/View/Index/index.html D:\phpStudy\PHPTutorial\WWW\appMusic\ThinkPHP\Library\Behavior\ReadHtmlCacheBehavior.class.php 第 118 行.
NOTIC: [2] fopen(.././index_html_cache.lock): failed to open stream: No such file or directory D:\phpStudy\PHPTutorial\WWW\appMusic\ThinkPHP\Library\Behavior\ReadHtmlCacheBehavior.class.php 第 31 行.
NOTIC: [2] flock() expects parameter 1 to be resource, boolean given D:\phpStudy\PHPTutorial\WWW\appMusic\ThinkPHP\Library\Behavior\ReadHtmlCacheBehavior.class.php 第 32 行.
NOTIC: [2] filemtime(): stat failed for ./Application/Home/View/Index/index.html D:\phpStudy\PHPTutorial\WWW\appMusic\ThinkPHP\Library\Behavior\ReadHtmlCacheBehavior.class.php 第 118 行.
INFO: Run Behavior\ReadHtmlCacheBehavior [ RunTime:0.001001s ]
INFO: [ app_begin ] --END-- [ RunTime:0.001001s ]
NOTIC: [2] Declaration of Home\Model\UserModel::_before_insert(&$data) should be compatible with Think\Model::_before_insert(&$data, $options) D:\phpStudy\PHPTutorial\WWW\appMusic\Application\Home\Model\UserModel.class.php 第 10 行.
NOTIC: [2] Declaration of Home\Model\UserModel::_after_insert($option) should be compatible with Think\Model::_after_insert($data, $options) D:\phpStudy\PHPTutorial\WWW\appMusic\Application\Home\Model\UserModel.class.php 第 10 行.
NOTIC: [2] Declaration of Home\Model\UserModel::_before_update(&$data) should be compatible with Think\Model::_before_update(&$data, $options) D:\phpStudy\PHPTutorial\WWW\appMusic\Application\Home\Model\UserModel.class.php 第 10 行.
ERR: SQLSTATE[HY000] [1049] Unknown database 'music_app'

[ 2018-03-14T12:08:06+08:00 ] 127.0.0.1 /appMusic/index.php/Home/index/index
INFO: [ app_init ] --START--
INFO: Run Behavior\BuildLiteBehavior [ RunTime:0.000000s ]
INFO: [ app_init ] --END-- [ RunTime:0.000000s ]
INFO: [ app_begin ] --START--
NOTIC: [2] filemtime(): stat failed for ./Application/Home/View/Index/index.html D:\phpStudy\PHPTutorial\WWW\appMusic\ThinkPHP\Library\Behavior\ReadHtmlCacheBehavior.class.php 第 118 行.
NOTIC: [2] fopen(.././index_html_cache.lock): failed to open stream: No such file or directory D:\phpStudy\PHPTutorial\WWW\appMusic\ThinkPHP\Library\Behavior\ReadHtmlCacheBehavior.class.php 第 31 行.
NOTIC: [2] flock() expects parameter 1 to be resource, boolean given D:\phpStudy\PHPTutorial\WWW\appMusic\ThinkPHP\Library\Behavior\ReadHtmlCacheBehavior.class.php 第 32 行.
NOTIC: [2] filemtime(): stat failed for ./Application/Home/View/Index/index.html D:\phpStudy\PHPTutorial\WWW\appMusic\ThinkPHP\Library\Behavior\ReadHtmlCacheBehavior.class.php 第 118 行.
INFO: Run Behavior\ReadHtmlCacheBehavior [ RunTime:0.000000s ]
INFO: [ app_begin ] --END-- [ RunTime:0.000000s ]
NOTIC: [2] Declaration of Home\Model\UserModel::_before_insert(&$data) should be compatible with Think\Model::_before_insert(&$data, $options) D:\phpStudy\PHPTutorial\WWW\appMusic\Application\Home\Model\UserModel.class.php 第 10 行.
NOTIC: [2] Declaration of Home\Model\UserModel::_after_insert($option) should be compatible with Think\Model::_after_insert($data, $options) D:\phpStudy\PHPTutorial\WWW\appMusic\Application\Home\Model\UserModel.class.php 第 10 行.
NOTIC: [2] Declaration of Home\Model\UserModel::_before_update(&$data) should be compatible with Think\Model::_before_update(&$data, $options) D:\phpStudy\PHPTutorial\WWW\appMusic\Application\Home\Model\UserModel.class.php 第 10 行.
SQL: SHOW COLUMNS FROM `music_user` [ RunTime:0.0280s ]
SQL: SELECT * FROM `music_user` WHERE `id` = 1 LIMIT 1   [ RunTime:0.0010s ]
INFO: [ app_end ] --START--
INFO: Run Behavior\ShowPageTraceBehavior [ RunTime:0.012001s ]
INFO: [ app_end ] --END-- [ RunTime:0.012001s ]

[ 2018-03-14T12:54:08+08:00 ] 127.0.0.1 /appMusic/
INFO: [ app_init ] --START--
INFO: Run Behavior\BuildLiteBehavior [ RunTime:0.000000s ]
INFO: [ app_init ] --END-- [ RunTime:0.001000s ]
INFO: [ app_begin ] --START--
NOTIC: [2] filemtime(): stat failed for ./Application/Home/View/Index/index.html D:\phpStudy\PHPTutorial\WWW\appMusic\ThinkPHP\Library\Behavior\ReadHtmlCacheBehavior.class.php 第 118 行.
NOTIC: [2] fopen(.././index_html_cache.lock): failed to open stream: No such file or directory D:\phpStudy\PHPTutorial\WWW\appMusic\ThinkPHP\Library\Behavior\ReadHtmlCacheBehavior.class.php 第 31 行.
NOTIC: [2] flock() expects parameter 1 to be resource, boolean given D:\phpStudy\PHPTutorial\WWW\appMusic\ThinkPHP\Library\Behavior\ReadHtmlCacheBehavior.class.php 第 32 行.
NOTIC: [2] filemtime(): stat failed for ./Application/Home/View/Index/index.html D:\phpStudy\PHPTutorial\WWW\appMusic\ThinkPHP\Library\Behavior\ReadHtmlCacheBehavior.class.php 第 118 行.
INFO: Run Behavior\ReadHtmlCacheBehavior [ RunTime:0.001000s ]
INFO: [ app_begin ] --END-- [ RunTime:0.001000s ]
NOTIC: [2] Declaration of Home\Model\UserModel::_before_insert(&$data) should be compatible with Think\Model::_before_insert(&$data, $options) D:\phpStudy\PHPTutorial\WWW\appMusic\Application\Home\Model\UserModel.class.php 第 10 行.
NOTIC: [2] Declaration of Home\Model\UserModel::_after_insert($option) should be compatible with Think\Model::_after_insert($data, $options) D:\phpStudy\PHPTutorial\WWW\appMusic\Application\Home\Model\UserModel.class.php 第 10 行.
NOTIC: [2] Declaration of Home\Model\UserModel::_before_update(&$data) should be compatible with Think\Model::_before_update(&$data, $options) D:\phpStudy\PHPTutorial\WWW\appMusic\Application\Home\Model\UserModel.class.php 第 10 行.
SQL: SHOW COLUMNS FROM `music_user` [ RunTime:0.0040s ]
SQL: SELECT * FROM `music_user` WHERE `id` = 1 LIMIT 1   [ RunTime:0.0000s ]
INFO: [ app_end ] --START--
INFO: Run Behavior\ShowPageTraceBehavior [ RunTime:0.001000s ]
INFO: [ app_end ] --END-- [ RunTime:0.001000s ]

[ 2018-03-14T12:57:07+08:00 ] 127.0.0.1 /appMusic/
INFO: [ app_init ] --START--
INFO: Run Behavior\BuildLiteBehavior [ RunTime:0.000000s ]
INFO: [ app_init ] --END-- [ RunTime:0.001000s ]
INFO: [ app_begin ] --START--
NOTIC: [2] filemtime(): stat failed for ./Application/Home/View/Index/index.html D:\phpStudy\PHPTutorial\WWW\appMusic\ThinkPHP\Library\Behavior\ReadHtmlCacheBehavior.class.php 第 118 行.
NOTIC: [2] fopen(.././index_html_cache.lock): failed to open stream: No such file or directory D:\phpStudy\PHPTutorial\WWW\appMusic\ThinkPHP\Library\Behavior\ReadHtmlCacheBehavior.class.php 第 31 行.
NOTIC: [2] flock() expects parameter 1 to be resource, boolean given D:\phpStudy\PHPTutorial\WWW\appMusic\ThinkPHP\Library\Behavior\ReadHtmlCacheBehavior.class.php 第 32 行.
NOTIC: [2] filemtime(): stat failed for ./Application/Home/View/Index/index.html D:\phpStudy\PHPTutorial\WWW\appMusic\ThinkPHP\Library\Behavior\ReadHtmlCacheBehavior.class.php 第 118 行.
INFO: Run Behavior\ReadHtmlCacheBehavior [ RunTime:0.001000s ]
INFO: [ app_begin ] --END-- [ RunTime:0.001000s ]
NOTIC: [2] Declaration of Home\Model\UserModel::_before_insert(&$data) should be compatible with Think\Model::_before_insert(&$data, $options) D:\phpStudy\PHPTutorial\WWW\appMusic\Application\Home\Model\UserModel.class.php 第 10 行.
NOTIC: [2] Declaration of Home\Model\UserModel::_after_insert($option) should be compatible with Think\Model::_after_insert($data, $options) D:\phpStudy\PHPTutorial\WWW\appMusic\Application\Home\Model\UserModel.class.php 第 10 行.
NOTIC: [2] Declaration of Home\Model\UserModel::_before_update(&$data) should be compatible with Think\Model::_before_update(&$data, $options) D:\phpStudy\PHPTutorial\WWW\appMusic\Application\Home\Model\UserModel.class.php 第 10 行.
SQL: SHOW COLUMNS FROM `music_user` [ RunTime:0.0030s ]
SQL: SELECT * FROM `music_user` WHERE `id` = 1 LIMIT 1   [ RunTime:0.0000s ]
INFO: [ app_end ] --START--
INFO: Run Behavior\ShowPageTraceBehavior [ RunTime:0.000000s ]
INFO: [ app_end ] --END-- [ RunTime:0.000000s ]

[ 2018-03-14T13:00:51+08:00 ] ::1 /appMusic/
INFO: [ app_init ] --START--
INFO: Run Behavior\BuildLiteBehavior [ RunTime:0.000000s ]
INFO: [ app_init ] --END-- [ RunTime:0.001000s ]
INFO: [ app_begin ] --START--
NOTIC: [2] filemtime(): stat failed for ./Application/Home/View/Index/index.html D:\phpStudy\PHPTutorial\WWW\appMusic\ThinkPHP\Library\Behavior\ReadHtmlCacheBehavior.class.php 第 118 行.
NOTIC: [2] fopen(.././index_html_cache.lock): failed to open stream: No such file or directory D:\phpStudy\PHPTutorial\WWW\appMusic\ThinkPHP\Library\Behavior\ReadHtmlCacheBehavior.class.php 第 31 行.
NOTIC: [2] flock() expects parameter 1 to be resource, boolean given D:\phpStudy\PHPTutorial\WWW\appMusic\ThinkPHP\Library\Behavior\ReadHtmlCacheBehavior.class.php 第 32 行.
NOTIC: [2] filemtime(): stat failed for ./Application/Home/View/Index/index.html D:\phpStudy\PHPTutorial\WWW\appMusic\ThinkPHP\Library\Behavior\ReadHtmlCacheBehavior.class.php 第 118 行.
INFO: Run Behavior\ReadHtmlCacheBehavior [ RunTime:0.001000s ]
INFO: [ app_begin ] --END-- [ RunTime:0.001000s ]
NOTIC: [2] Declaration of Home\Model\UserModel::_before_insert(&$data) should be compatible with Think\Model::_before_insert(&$data, $options) D:\phpStudy\PHPTutorial\WWW\appMusic\Application\Home\Model\UserModel.class.php 第 10 行.
NOTIC: [2] Declaration of Home\Model\UserModel::_after_insert($option) should be compatible with Think\Model::_after_insert($data, $options) D:\phpStudy\PHPTutorial\WWW\appMusic\Application\Home\Model\UserModel.class.php 第 10 行.
NOTIC: [2] Declaration of Home\Model\UserModel::_before_update(&$data) should be compatible with Think\Model::_before_update(&$data, $options) D:\phpStudy\PHPTutorial\WWW\appMusic\Application\Home\Model\UserModel.class.php 第 10 行.
SQL: SHOW COLUMNS FROM `music_user` [ RunTime:0.0310s ]
SQL: SELECT * FROM `music_user` WHERE `id` = 1 LIMIT 1   [ RunTime:0.0010s ]
INFO: [ app_end ] --START--
INFO: Run Behavior\ShowPageTraceBehavior [ RunTime:0.000000s ]
INFO: [ app_end ] --END-- [ RunTime:0.000000s ]

[ 2018-03-14T13:08:08+08:00 ] ::1 /appMusic/index.php/Home/index/index
INFO: [ app_init ] --START--
INFO: Run Behavior\BuildLiteBehavior [ RunTime:0.000000s ]
INFO: [ app_init ] --END-- [ RunTime:0.000000s ]
INFO: [ app_begin ] --START--
NOTIC: [2] filemtime(): stat failed for ./Application/Home/View/Index/index.html D:\phpStudy\PHPTutorial\WWW\appMusic\ThinkPHP\Library\Behavior\ReadHtmlCacheBehavior.class.php 第 118 行.
NOTIC: [2] fopen(.././index_html_cache.lock): failed to open stream: No such file or directory D:\phpStudy\PHPTutorial\WWW\appMusic\ThinkPHP\Library\Behavior\ReadHtmlCacheBehavior.class.php 第 31 行.
NOTIC: [2] flock() expects parameter 1 to be resource, boolean given D:\phpStudy\PHPTutorial\WWW\appMusic\ThinkPHP\Library\Behavior\ReadHtmlCacheBehavior.class.php 第 32 行.
NOTIC: [2] filemtime(): stat failed for ./Application/Home/View/Index/index.html D:\phpStudy\PHPTutorial\WWW\appMusic\ThinkPHP\Library\Behavior\ReadHtmlCacheBehavior.class.php 第 118 行.
INFO: Run Behavior\ReadHtmlCacheBehavior [ RunTime:0.001000s ]
INFO: [ app_begin ] --END-- [ RunTime:0.001000s ]
NOTIC: [2] Declaration of Home\Model\UserModel::_before_insert(&$data) should be compatible with Think\Model::_before_insert(&$data, $options) D:\phpStudy\PHPTutorial\WWW\appMusic\Application\Home\Model\UserModel.class.php 第 10 行.
NOTIC: [2] Declaration of Home\Model\UserModel::_after_insert($option) should be compatible with Think\Model::_after_insert($data, $options) D:\phpStudy\PHPTutorial\WWW\appMusic\Application\Home\Model\UserModel.class.php 第 10 行.
NOTIC: [2] Declaration of Home\Model\UserModel::_before_update(&$data) should be compatible with Think\Model::_before_update(&$data, $options) D:\phpStudy\PHPTutorial\WWW\appMusic\Application\Home\Model\UserModel.class.php 第 10 行.
SQL: SHOW COLUMNS FROM `music_user` [ RunTime:0.0040s ]
SQL: SELECT * FROM `music_user` WHERE `id` = 1 LIMIT 1   [ RunTime:0.0000s ]
INFO: [ app_end ] --START--
INFO: Run Behavior\ShowPageTraceBehavior [ RunTime:0.001000s ]
INFO: [ app_end ] --END-- [ RunTime:0.001000s ]

[ 2018-03-14T13:08:31+08:00 ] ::1 /appMusic/index.php/Home/index/index
INFO: [ app_init ] --START--
INFO: Run Behavior\BuildLiteBehavior [ RunTime:0.000000s ]
INFO: [ app_init ] --END-- [ RunTime:0.001000s ]
INFO: [ app_begin ] --START--
NOTIC: [2] filemtime(): stat failed for ./Application/Home/View/Index/index.html D:\phpStudy\PHPTutorial\WWW\appMusic\ThinkPHP\Library\Behavior\ReadHtmlCacheBehavior.class.php 第 118 行.
NOTIC: [2] fopen(.././index_html_cache.lock): failed to open stream: No such file or directory D:\phpStudy\PHPTutorial\WWW\appMusic\ThinkPHP\Library\Behavior\ReadHtmlCacheBehavior.class.php 第 31 行.
NOTIC: [2] flock() expects parameter 1 to be resource, boolean given D:\phpStudy\PHPTutorial\WWW\appMusic\ThinkPHP\Library\Behavior\ReadHtmlCacheBehavior.class.php 第 32 行.
NOTIC: [2] filemtime(): stat failed for ./Application/Home/View/Index/index.html D:\phpStudy\PHPTutorial\WWW\appMusic\ThinkPHP\Library\Behavior\ReadHtmlCacheBehavior.class.php 第 118 行.
INFO: Run Behavior\ReadHtmlCacheBehavior [ RunTime:0.001001s ]
INFO: [ app_begin ] --END-- [ RunTime:0.001001s ]
NOTIC: [2] Declaration of Home\Model\UserModel::_before_insert(&$data) should be compatible with Think\Model::_before_insert(&$data, $options) D:\phpStudy\PHPTutorial\WWW\appMusic\Application\Home\Model\UserModel.class.php 第 10 行.
NOTIC: [2] Declaration of Home\Model\UserModel::_after_insert($option) should be compatible with Think\Model::_after_insert($data, $options) D:\phpStudy\PHPTutorial\WWW\appMusic\Application\Home\Model\UserModel.class.php 第 10 行.
NOTIC: [2] Declaration of Home\Model\UserModel::_before_update(&$data) should be compatible with Think\Model::_before_update(&$data, $options) D:\phpStudy\PHPTutorial\WWW\appMusic\Application\Home\Model\UserModel.class.php 第 10 行.
SQL: SHOW COLUMNS FROM `music_user` [ RunTime:0.0030s ]
SQL: SELECT * FROM `music_user` WHERE `id` = 1 LIMIT 1   [ RunTime:0.0010s ]
INFO: [ app_end ] --START--
INFO: Run Behavior\ShowPageTraceBehavior [ RunTime:0.000000s ]
INFO: [ app_end ] --END-- [ RunTime:0.000000s ]

[ 2018-03-14T13:10:57+08:00 ] ::1 /appMusic/index.php/Home/Musical/getMusical
INFO: [ app_init ] --START--
INFO: Run Behavior\BuildLiteBehavior [ RunTime:0.000000s ]
INFO: [ app_init ] --END-- [ RunTime:0.000000s ]
INFO: [ app_begin ] --START--
NOTIC: [2] fopen(.././index_html_cache.lock): failed to open stream: No such file or directory D:\phpStudy\PHPTutorial\WWW\appMusic\ThinkPHP\Library\Behavior\ReadHtmlCacheBehavior.class.php 第 31 行.
NOTIC: [2] flock() expects parameter 1 to be resource, boolean given D:\phpStudy\PHPTutorial\WWW\appMusic\ThinkPHP\Library\Behavior\ReadHtmlCacheBehavior.class.php 第 32 行.
INFO: Run Behavior\ReadHtmlCacheBehavior [ RunTime:0.001000s ]
INFO: [ app_begin ] --END-- [ RunTime:0.001000s ]
SQL: SHOW COLUMNS FROM `music_musical` [ RunTime:0.0040s ]
SQL: SELECT * FROM `music_musical`  [ RunTime:0.0000s ]
INFO: [ app_end ] --START--
INFO: Run Behavior\ShowPageTraceBehavior [ RunTime:0.001000s ]
INFO: [ app_end ] --END-- [ RunTime:0.001000s ]

[ 2018-03-14T13:12:27+08:00 ] ::1 /appMusic/index.php/Home/index/index
INFO: [ app_init ] --START--
INFO: Run Behavior\BuildLiteBehavior [ RunTime:0.000000s ]
INFO: [ app_init ] --END-- [ RunTime:0.000000s ]
INFO: [ app_begin ] --START--
NOTIC: [2] filemtime(): stat failed for ./Application/Home/View/Index/index.html D:\phpStudy\PHPTutorial\WWW\appMusic\ThinkPHP\Library\Behavior\ReadHtmlCacheBehavior.class.php 第 118 行.
NOTIC: [2] fopen(.././index_html_cache.lock): failed to open stream: No such file or directory D:\phpStudy\PHPTutorial\WWW\appMusic\ThinkPHP\Library\Behavior\ReadHtmlCacheBehavior.class.php 第 31 行.
NOTIC: [2] flock() expects parameter 1 to be resource, boolean given D:\phpStudy\PHPTutorial\WWW\appMusic\ThinkPHP\Library\Behavior\ReadHtmlCacheBehavior.class.php 第 32 行.
NOTIC: [2] filemtime(): stat failed for ./Application/Home/View/Index/index.html D:\phpStudy\PHPTutorial\WWW\appMusic\ThinkPHP\Library\Behavior\ReadHtmlCacheBehavior.class.php 第 118 行.
INFO: Run Behavior\ReadHtmlCacheBehavior [ RunTime:0.001001s ]
INFO: [ app_begin ] --END-- [ RunTime:0.001001s ]
INFO: [ app_end ] --START--
INFO: Run Behavior\ShowPageTraceBehavior [ RunTime:0.001000s ]
INFO: [ app_end ] --END-- [ RunTime:0.001000s ]

[ 2018-03-14T13:29:11+08:00 ] ::1 /appMusic/index.php/Home/index/index
INFO: [ app_init ] --START--
INFO: Run Behavior\BuildLiteBehavior [ RunTime:0.000000s ]
INFO: [ app_init ] --END-- [ RunTime:0.000000s ]
INFO: [ app_begin ] --START--
NOTIC: [2] filemtime(): stat failed for ./Application/Home/View/Index/index.html D:\phpStudy\PHPTutorial\WWW\appMusic\ThinkPHP\Library\Behavior\ReadHtmlCacheBehavior.class.php 第 118 行.
NOTIC: [2] fopen(.././index_html_cache.lock): failed to open stream: No such file or directory D:\phpStudy\PHPTutorial\WWW\appMusic\ThinkPHP\Library\Behavior\ReadHtmlCacheBehavior.class.php 第 31 行.
NOTIC: [2] flock() expects parameter 1 to be resource, boolean given D:\phpStudy\PHPTutorial\WWW\appMusic\ThinkPHP\Library\Behavior\ReadHtmlCacheBehavior.class.php 第 32 行.
NOTIC: [2] filemtime(): stat failed for ./Application/Home/View/Index/index.html D:\phpStudy\PHPTutorial\WWW\appMusic\ThinkPHP\Library\Behavior\ReadHtmlCacheBehavior.class.php 第 118 行.
INFO: Run Behavior\ReadHtmlCacheBehavior [ RunTime:0.001000s ]
INFO: [ app_begin ] --END-- [ RunTime:0.001000s ]
NOTIC: [2] Declaration of Home\Model\UserModel::_before_insert(&$data) should be compatible with Think\Model::_before_insert(&$data, $options) D:\phpStudy\PHPTutorial\WWW\appMusic\Application\Home\Model\UserModel.class.php 第 10 行.
NOTIC: [2] Declaration of Home\Model\UserModel::_after_insert($option) should be compatible with Think\Model::_after_insert($data, $options) D:\phpStudy\PHPTutorial\WWW\appMusic\Application\Home\Model\UserModel.class.php 第 10 行.
NOTIC: [2] Declaration of Home\Model\UserModel::_before_update(&$data) should be compatible with Think\Model::_before_update(&$data, $options) D:\phpStudy\PHPTutorial\WWW\appMusic\Application\Home\Model\UserModel.class.php 第 10 行.
SQL: SHOW COLUMNS FROM `music_user` [ RunTime:0.0030s ]
SQL: SELECT * FROM `music_user` WHERE `id` = 1 LIMIT 1   [ RunTime:0.0000s ]
NOTIC: [8] Undefined variable: str D:\phpStudy\PHPTutorial\WWW\appMusic\Application\Home\Controller\IndexController.class.php 第 29 行.
INFO: [ app_end ] --START--
INFO: Run Behavior\ShowPageTraceBehavior [ RunTime:0.000000s ]
INFO: [ app_end ] --END-- [ RunTime:0.000000s ]

[ 2018-03-14T13:35:02+08:00 ] ::1 /appMusic/index.php/Home/index/index
INFO: [ app_init ] --START--
INFO: Run Behavior\BuildLiteBehavior [ RunTime:0.000000s ]
INFO: [ app_init ] --END-- [ RunTime:0.000000s ]
INFO: [ app_begin ] --START--
NOTIC: [2] filemtime(): stat failed for ./Application/Home/View/Index/index.html D:\phpStudy\PHPTutorial\WWW\appMusic\ThinkPHP\Library\Behavior\ReadHtmlCacheBehavior.class.php 第 118 行.
NOTIC: [2] fopen(.././index_html_cache.lock): failed to open stream: No such file or directory D:\phpStudy\PHPTutorial\WWW\appMusic\ThinkPHP\Library\Behavior\ReadHtmlCacheBehavior.class.php 第 31 行.
NOTIC: [2] flock() expects parameter 1 to be resource, boolean given D:\phpStudy\PHPTutorial\WWW\appMusic\ThinkPHP\Library\Behavior\ReadHtmlCacheBehavior.class.php 第 32 行.
NOTIC: [2] filemtime(): stat failed for ./Application/Home/View/Index/index.html D:\phpStudy\PHPTutorial\WWW\appMusic\ThinkPHP\Library\Behavior\ReadHtmlCacheBehavior.class.php 第 118 行.
INFO: Run Behavior\ReadHtmlCacheBehavior [ RunTime:0.001000s ]
INFO: [ app_begin ] --END-- [ RunTime:0.001000s ]
NOTIC: [2] Declaration of Home\Model\UserModel::_before_insert(&$data) should be compatible with Think\Model::_before_insert(&$data, $options) D:\phpStudy\PHPTutorial\WWW\appMusic\Application\Home\Model\UserModel.class.php 第 10 行.
NOTIC: [2] Declaration of Home\Model\UserModel::_after_insert($option) should be compatible with Think\Model::_after_insert($data, $options) D:\phpStudy\PHPTutorial\WWW\appMusic\Application\Home\Model\UserModel.class.php 第 10 行.
NOTIC: [2] Declaration of Home\Model\UserModel::_before_update(&$data) should be compatible with Think\Model::_before_update(&$data, $options) D:\phpStudy\PHPTutorial\WWW\appMusic\Application\Home\Model\UserModel.class.php 第 10 行.
SQL: SHOW COLUMNS FROM `music_user` [ RunTime:0.0030s ]
SQL: SELECT * FROM `music_user` WHERE `id` = 1 LIMIT 1   [ RunTime:0.0000s ]
NOTIC: [8] Undefined variable: str D:\phpStudy\PHPTutorial\WWW\appMusic\Application\Home\Controller\IndexController.class.php 第 29 行.
INFO: [ app_end ] --START--
INFO: Run Behavior\ShowPageTraceBehavior [ RunTime:0.001000s ]
INFO: [ app_end ] --END-- [ RunTime:0.001000s ]

[ 2018-03-14T13:37:18+08:00 ] ::1 /appMusic/index.php/Home/index/showTeach
INFO: [ app_init ] --START--
INFO: Run Behavior\BuildLiteBehavior [ RunTime:0.000000s ]
INFO: [ app_init ] --END-- [ RunTime:0.000000s ]
INFO: [ app_begin ] --START--
NOTIC: [2] fopen(.././index_html_cache.lock): failed to open stream: No such file or directory D:\phpStudy\PHPTutorial\WWW\appMusic\ThinkPHP\Library\Behavior\ReadHtmlCacheBehavior.class.php 第 31 行.
NOTIC: [2] flock() expects parameter 1 to be resource, boolean given D:\phpStudy\PHPTutorial\WWW\appMusic\ThinkPHP\Library\Behavior\ReadHtmlCacheBehavior.class.php 第 32 行.
INFO: Run Behavior\ReadHtmlCacheBehavior [ RunTime:0.001000s ]
INFO: [ app_begin ] --END-- [ RunTime:0.001000s ]
NOTIC: [2] Declaration of Home\Model\UserModel::_before_insert(&$data) should be compatible with Think\Model::_before_insert(&$data, $options) D:\phpStudy\PHPTutorial\WWW\appMusic\Application\Home\Model\UserModel.class.php 第 10 行.
NOTIC: [2] Declaration of Home\Model\UserModel::_after_insert($option) should be compatible with Think\Model::_after_insert($data, $options) D:\phpStudy\PHPTutorial\WWW\appMusic\Application\Home\Model\UserModel.class.php 第 10 行.
NOTIC: [2] Declaration of Home\Model\UserModel::_before_update(&$data) should be compatible with Think\Model::_before_update(&$data, $options) D:\phpStudy\PHPTutorial\WWW\appMusic\Application\Home\Model\UserModel.class.php 第 10 行.
SQL: SHOW COLUMNS FROM `music_user` [ RunTime:0.0030s ]
ERR: Too few arguments to function Home\Model\UserModel::getTeach(), 0 passed in D:\phpStudy\PHPTutorial\WWW\appMusic\Application\Home\Controller\IndexController.class.php on line 21 and exactly 1 expected

[ 2018-03-14T13:37:56+08:00 ] ::1 /appMusic/index.php/Home/index/showTeach
INFO: [ app_init ] --START--
INFO: Run Behavior\BuildLiteBehavior [ RunTime:0.000000s ]
INFO: [ app_init ] --END-- [ RunTime:0.000000s ]
INFO: [ app_begin ] --START--
NOTIC: [2] fopen(.././index_html_cache.lock): failed to open stream: No such file or directory D:\phpStudy\PHPTutorial\WWW\appMusic\ThinkPHP\Library\Behavior\ReadHtmlCacheBehavior.class.php 第 31 行.
NOTIC: [2] flock() expects parameter 1 to be resource, boolean given D:\phpStudy\PHPTutorial\WWW\appMusic\ThinkPHP\Library\Behavior\ReadHtmlCacheBehavior.class.php 第 32 行.
INFO: Run Behavior\ReadHtmlCacheBehavior [ RunTime:0.000000s ]
INFO: [ app_begin ] --END-- [ RunTime:0.001000s ]
NOTIC: [2] Declaration of Home\Model\UserModel::_before_insert(&$data) should be compatible with Think\Model::_before_insert(&$data, $options) D:\phpStudy\PHPTutorial\WWW\appMusic\Application\Home\Model\UserModel.class.php 第 10 行.
NOTIC: [2] Declaration of Home\Model\UserModel::_after_insert($option) should be compatible with Think\Model::_after_insert($data, $options) D:\phpStudy\PHPTutorial\WWW\appMusic\Application\Home\Model\UserModel.class.php 第 10 行.
NOTIC: [2] Declaration of Home\Model\UserModel::_before_update(&$data) should be compatible with Think\Model::_before_update(&$data, $options) D:\phpStudy\PHPTutorial\WWW\appMusic\Application\Home\Model\UserModel.class.php 第 10 行.
SQL: SHOW COLUMNS FROM `music_user` [ RunTime:0.0030s ]
ERR: Too few arguments to function Home\Model\UserModel::getTeach(), 0 passed in D:\phpStudy\PHPTutorial\WWW\appMusic\Application\Home\Controller\IndexController.class.php on line 21 and exactly 1 expected

[ 2018-03-14T13:38:15+08:00 ] ::1 /appMusic/index.php/Home/index/showTeach?name=0
INFO: [ app_init ] --START--
INFO: Run Behavior\BuildLiteBehavior [ RunTime:0.000000s ]
INFO: [ app_init ] --END-- [ RunTime:0.000000s ]
INFO: [ app_begin ] --START--
NOTIC: [2] fopen(.././index_html_cache.lock): failed to open stream: No such file or directory D:\phpStudy\PHPTutorial\WWW\appMusic\ThinkPHP\Library\Behavior\ReadHtmlCacheBehavior.class.php 第 31 行.
NOTIC: [2] flock() expects parameter 1 to be resource, boolean given D:\phpStudy\PHPTutorial\WWW\appMusic\ThinkPHP\Library\Behavior\ReadHtmlCacheBehavior.class.php 第 32 行.
INFO: Run Behavior\ReadHtmlCacheBehavior [ RunTime:0.001000s ]
INFO: [ app_begin ] --END-- [ RunTime:0.001000s ]
NOTIC: [2] Declaration of Home\Model\UserModel::_before_insert(&$data) should be compatible with Think\Model::_before_insert(&$data, $options) D:\phpStudy\PHPTutorial\WWW\appMusic\Application\Home\Model\UserModel.class.php 第 10 行.
NOTIC: [2] Declaration of Home\Model\UserModel::_after_insert($option) should be compatible with Think\Model::_after_insert($data, $options) D:\phpStudy\PHPTutorial\WWW\appMusic\Application\Home\Model\UserModel.class.php 第 10 行.
NOTIC: [2] Declaration of Home\Model\UserModel::_before_update(&$data) should be compatible with Think\Model::_before_update(&$data, $options) D:\phpStudy\PHPTutorial\WWW\appMusic\Application\Home\Model\UserModel.class.php 第 10 行.
SQL: SHOW COLUMNS FROM `music_user` [ RunTime:0.0040s ]
ERR: Too few arguments to function Home\Model\UserModel::getTeach(), 0 passed in D:\phpStudy\PHPTutorial\WWW\appMusic\Application\Home\Controller\IndexController.class.php on line 21 and exactly 1 expected

[ 2018-03-14T13:38:23+08:00 ] ::1 /appMusic/index.php/Home/index/index
INFO: [ app_init ] --START--
INFO: Run Behavior\BuildLiteBehavior [ RunTime:0.000000s ]
INFO: [ app_init ] --END-- [ RunTime:0.001000s ]
INFO: [ app_begin ] --START--
NOTIC: [2] filemtime(): stat failed for ./Application/Home/View/Index/index.html D:\phpStudy\PHPTutorial\WWW\appMusic\ThinkPHP\Library\Behavior\ReadHtmlCacheBehavior.class.php 第 118 行.
NOTIC: [2] fopen(.././index_html_cache.lock): failed to open stream: No such file or directory D:\phpStudy\PHPTutorial\WWW\appMusic\ThinkPHP\Library\Behavior\ReadHtmlCacheBehavior.class.php 第 31 行.
NOTIC: [2] flock() expects parameter 1 to be resource, boolean given D:\phpStudy\PHPTutorial\WWW\appMusic\ThinkPHP\Library\Behavior\ReadHtmlCacheBehavior.class.php 第 32 行.
NOTIC: [2] filemtime(): stat failed for ./Application/Home/View/Index/index.html D:\phpStudy\PHPTutorial\WWW\appMusic\ThinkPHP\Library\Behavior\ReadHtmlCacheBehavior.class.php 第 118 行.
INFO: Run Behavior\ReadHtmlCacheBehavior [ RunTime:0.001000s ]
INFO: [ app_begin ] --END-- [ RunTime:0.001000s ]
NOTIC: [2] Declaration of Home\Model\UserModel::_before_insert(&$data) should be compatible with Think\Model::_before_insert(&$data, $options) D:\phpStudy\PHPTutorial\WWW\appMusic\Application\Home\Model\UserModel.class.php 第 10 行.
NOTIC: [2] Declaration of Home\Model\UserModel::_after_insert($option) should be compatible with Think\Model::_after_insert($data, $options) D:\phpStudy\PHPTutorial\WWW\appMusic\Application\Home\Model\UserModel.class.php 第 10 行.
NOTIC: [2] Declaration of Home\Model\UserModel::_before_update(&$data) should be compatible with Think\Model::_before_update(&$data, $options) D:\phpStudy\PHPTutorial\WWW\appMusic\Application\Home\Model\UserModel.class.php 第 10 行.
SQL: SHOW COLUMNS FROM `music_user` [ RunTime:0.0030s ]
SQL: SELECT * FROM `music_user` WHERE `id` = 1 LIMIT 1   [ RunTime:0.0000s ]
NOTIC: [8] Undefined variable: str D:\phpStudy\PHPTutorial\WWW\appMusic\Application\Home\Controller\IndexController.class.php 第 29 行.
INFO: [ app_end ] --START--
INFO: Run Behavior\ShowPageTraceBehavior [ RunTime:0.001000s ]
INFO: [ app_end ] --END-- [ RunTime:0.001000s ]

[ 2018-03-14T13:39:06+08:00 ] ::1 /appMusic/index.php/Home/index/showTeach
INFO: [ app_init ] --START--
INFO: Run Behavior\BuildLiteBehavior [ RunTime:0.000000s ]
INFO: [ app_init ] --END-- [ RunTime:0.000000s ]
INFO: [ app_begin ] --START--
NOTIC: [2] fopen(.././index_html_cache.lock): failed to open stream: No such file or directory D:\phpStudy\PHPTutorial\WWW\appMusic\ThinkPHP\Library\Behavior\ReadHtmlCacheBehavior.class.php 第 31 行.
NOTIC: [2] flock() expects parameter 1 to be resource, boolean given D:\phpStudy\PHPTutorial\WWW\appMusic\ThinkPHP\Library\Behavior\ReadHtmlCacheBehavior.class.php 第 32 行.
INFO: Run Behavior\ReadHtmlCacheBehavior [ RunTime:0.001000s ]
INFO: [ app_begin ] --END-- [ RunTime:0.001000s ]
NOTIC: [2] Declaration of Home\Model\UserModel::_before_insert(&$data) should be compatible with Think\Model::_before_insert(&$data, $options) D:\phpStudy\PHPTutorial\WWW\appMusic\Application\Home\Model\UserModel.class.php 第 10 行.
NOTIC: [2] Declaration of Home\Model\UserModel::_after_insert($option) should be compatible with Think\Model::_after_insert($data, $options) D:\phpStudy\PHPTutorial\WWW\appMusic\Application\Home\Model\UserModel.class.php 第 10 行.
NOTIC: [2] Declaration of Home\Model\UserModel::_before_update(&$data) should be compatible with Think\Model::_before_update(&$data, $options) D:\phpStudy\PHPTutorial\WWW\appMusic\Application\Home\Model\UserModel.class.php 第 10 行.
SQL: SHOW COLUMNS FROM `music_user` [ RunTime:0.0030s ]
SQL: SELECT * FROM `music_user` WHERE `defaul` = '1'  [ RunTime:0.0010s ]
INFO: [ app_end ] --START--
INFO: Run Behavior\ShowPageTraceBehavior [ RunTime:0.000000s ]
INFO: [ app_end ] --END-- [ RunTime:0.000000s ]

[ 2018-03-14T13:39:10+08:00 ] ::1 /appMusic/index.php/Home/index/showTeach?name=0
INFO: [ app_init ] --START--
INFO: Run Behavior\BuildLiteBehavior [ RunTime:0.000000s ]
INFO: [ app_init ] --END-- [ RunTime:0.000000s ]
INFO: [ app_begin ] --START--
NOTIC: [2] fopen(.././index_html_cache.lock): failed to open stream: No such file or directory D:\phpStudy\PHPTutorial\WWW\appMusic\ThinkPHP\Library\Behavior\ReadHtmlCacheBehavior.class.php 第 31 行.
NOTIC: [2] flock() expects parameter 1 to be resource, boolean given D:\phpStudy\PHPTutorial\WWW\appMusic\ThinkPHP\Library\Behavior\ReadHtmlCacheBehavior.class.php 第 32 行.
INFO: Run Behavior\ReadHtmlCacheBehavior [ RunTime:0.001000s ]
INFO: [ app_begin ] --END-- [ RunTime:0.001000s ]
NOTIC: [2] Declaration of Home\Model\UserModel::_before_insert(&$data) should be compatible with Think\Model::_before_insert(&$data, $options) D:\phpStudy\PHPTutorial\WWW\appMusic\Application\Home\Model\UserModel.class.php 第 10 行.
NOTIC: [2] Declaration of Home\Model\UserModel::_after_insert($option) should be compatible with Think\Model::_after_insert($data, $options) D:\phpStudy\PHPTutorial\WWW\appMusic\Application\Home\Model\UserModel.class.php 第 10 行.
NOTIC: [2] Declaration of Home\Model\UserModel::_before_update(&$data) should be compatible with Think\Model::_before_update(&$data, $options) D:\phpStudy\PHPTutorial\WWW\appMusic\Application\Home\Model\UserModel.class.php 第 10 行.
SQL: SHOW COLUMNS FROM `music_user` [ RunTime:0.0030s ]
SQL: SELECT * FROM `music_user` WHERE `defaul` = '1'  [ RunTime:0.0000s ]
INFO: [ app_end ] --START--
INFO: Run Behavior\ShowPageTraceBehavior [ RunTime:0.000000s ]
INFO: [ app_end ] --END-- [ RunTime:0.000000s ]

[ 2018-03-14T13:39:21+08:00 ] ::1 /appMusic/index.php/Home/index/showTeach?name=0
INFO: [ app_init ] --START--
INFO: Run Behavior\BuildLiteBehavior [ RunTime:0.000000s ]
INFO: [ app_init ] --END-- [ RunTime:0.000000s ]
INFO: [ app_begin ] --START--
NOTIC: [2] fopen(.././index_html_cache.lock): failed to open stream: No such file or directory D:\phpStudy\PHPTutorial\WWW\appMusic\ThinkPHP\Library\Behavior\ReadHtmlCacheBehavior.class.php 第 31 行.
NOTIC: [2] flock() expects parameter 1 to be resource, boolean given D:\phpStudy\PHPTutorial\WWW\appMusic\ThinkPHP\Library\Behavior\ReadHtmlCacheBehavior.class.php 第 32 行.
INFO: Run Behavior\ReadHtmlCacheBehavior [ RunTime:0.001000s ]
INFO: [ app_begin ] --END-- [ RunTime:0.001000s ]
NOTIC: [2] Declaration of Home\Model\UserModel::_before_insert(&$data) should be compatible with Think\Model::_before_insert(&$data, $options) D:\phpStudy\PHPTutorial\WWW\appMusic\Application\Home\Model\UserModel.class.php 第 10 行.
NOTIC: [2] Declaration of Home\Model\UserModel::_after_insert($option) should be compatible with Think\Model::_after_insert($data, $options) D:\phpStudy\PHPTutorial\WWW\appMusic\Application\Home\Model\UserModel.class.php 第 10 行.
NOTIC: [2] Declaration of Home\Model\UserModel::_before_update(&$data) should be compatible with Think\Model::_before_update(&$data, $options) D:\phpStudy\PHPTutorial\WWW\appMusic\Application\Home\Model\UserModel.class.php 第 10 行.
SQL: SHOW COLUMNS FROM `music_user` [ RunTime:0.0040s ]
SQL: SELECT * FROM `music_user` WHERE `defaul` = '1'  [ RunTime:0.0000s ]
INFO: [ app_end ] --START--
INFO: Run Behavior\ShowPageTraceBehavior [ RunTime:0.001000s ]
INFO: [ app_end ] --END-- [ RunTime:0.001000s ]

[ 2018-03-14T13:39:38+08:00 ] ::1 /appMusic/index.php/Home/index/showTeach
INFO: [ app_init ] --START--
INFO: Run Behavior\BuildLiteBehavior [ RunTime:0.000000s ]
INFO: [ app_init ] --END-- [ RunTime:0.001000s ]
INFO: [ app_begin ] --START--
NOTIC: [2] fopen(.././index_html_cache.lock): failed to open stream: No such file or directory D:\phpStudy\PHPTutorial\WWW\appMusic\ThinkPHP\Library\Behavior\ReadHtmlCacheBehavior.class.php 第 31 行.
NOTIC: [2] flock() expects parameter 1 to be resource, boolean given D:\phpStudy\PHPTutorial\WWW\appMusic\ThinkPHP\Library\Behavior\ReadHtmlCacheBehavior.class.php 第 32 行.
INFO: Run Behavior\ReadHtmlCacheBehavior [ RunTime:0.000000s ]
INFO: [ app_begin ] --END-- [ RunTime:0.000000s ]
NOTIC: [2] Declaration of Home\Model\UserModel::_before_insert(&$data) should be compatible with Think\Model::_before_insert(&$data, $options) D:\phpStudy\PHPTutorial\WWW\appMusic\Application\Home\Model\UserModel.class.php 第 10 行.
NOTIC: [2] Declaration of Home\Model\UserModel::_after_insert($option) should be compatible with Think\Model::_after_insert($data, $options) D:\phpStudy\PHPTutorial\WWW\appMusic\Application\Home\Model\UserModel.class.php 第 10 行.
NOTIC: [2] Declaration of Home\Model\UserModel::_before_update(&$data) should be compatible with Think\Model::_before_update(&$data, $options) D:\phpStudy\PHPTutorial\WWW\appMusic\Application\Home\Model\UserModel.class.php 第 10 行.
SQL: SHOW COLUMNS FROM `music_user` [ RunTime:0.0040s ]
SQL: SELECT * FROM `music_user` WHERE `defaul` = '1'  [ RunTime:0.0000s ]
INFO: [ app_end ] --START--
INFO: Run Behavior\ShowPageTraceBehavior [ RunTime:0.001000s ]
INFO: [ app_end ] --END-- [ RunTime:0.001000s ]

[ 2018-03-14T15:46:26+08:00 ] ::1 /appMusic/index.php/Home/user/reg
INFO: [ app_init ] --START--
INFO: Run Behavior\BuildLiteBehavior [ RunTime:0.000000s ]
INFO: [ app_init ] --END-- [ RunTime:0.001000s ]
INFO: [ app_begin ] --START--
INFO: Run Behavior\ReadHtmlCacheBehavior [ RunTime:0.000000s ]
INFO: [ app_begin ] --END-- [ RunTime:0.000000s ]
INFO: [ app_end ] --START--
INFO: Run Behavior\ShowPageTraceBehavior [ RunTime:0.000000s ]
INFO: [ app_end ] --END-- [ RunTime:0.000000s ]

[ 2018-03-14T15:46:42+08:00 ] ::1 /appMusic/index.php/Home/user/reg
INFO: [ app_init ] --START--
INFO: Run Behavior\BuildLiteBehavior [ RunTime:0.000000s ]
INFO: [ app_init ] --END-- [ RunTime:0.000000s ]
INFO: [ app_begin ] --START--
INFO: Run Behavior\ReadHtmlCacheBehavior [ RunTime:0.001000s ]
INFO: [ app_begin ] --END-- [ RunTime:0.001000s ]
INFO: [ app_end ] --START--
INFO: Run Behavior\ShowPageTraceBehavior [ RunTime:0.001000s ]
INFO: [ app_end ] --END-- [ RunTime:0.001000s ]

[ 2018-03-14T15:46:45+08:00 ] ::1 /appMusic/index.php/Home/user/reg
INFO: [ app_init ] --START--
INFO: Run Behavior\BuildLiteBehavior [ RunTime:0.000000s ]
INFO: [ app_init ] --END-- [ RunTime:0.000000s ]
INFO: [ app_begin ] --START--
INFO: Run Behavior\ReadHtmlCacheBehavior [ RunTime:0.000000s ]
INFO: [ app_begin ] --END-- [ RunTime:0.000000s ]
INFO: [ app_end ] --START--
INFO: Run Behavior\ShowPageTraceBehavior [ RunTime:0.000000s ]
INFO: [ app_end ] --END-- [ RunTime:0.000000s ]

[ 2018-03-14T15:47:03+08:00 ] ::1 /appMusic/index.php/Home/user/reg
INFO: [ app_init ] --START--
INFO: Run Behavior\BuildLiteBehavior [ RunTime:0.000000s ]
INFO: [ app_init ] --END-- [ RunTime:0.001000s ]
INFO: [ app_begin ] --START--
INFO: Run Behavior\ReadHtmlCacheBehavior [ RunTime:0.000000s ]
INFO: [ app_begin ] --END-- [ RunTime:0.000000s ]
INFO: [ app_end ] --START--
INFO: Run Behavior\ShowPageTraceBehavior [ RunTime:0.000000s ]
INFO: [ app_end ] --END-- [ RunTime:0.000000s ]

[ 2018-03-14T15:47:17+08:00 ] ::1 /appMusic/index.php/Home/user/reg
INFO: [ app_init ] --START--
INFO: Run Behavior\BuildLiteBehavior [ RunTime:0.000000s ]
INFO: [ app_init ] --END-- [ RunTime:0.000000s ]
INFO: [ app_begin ] --START--
INFO: Run Behavior\ReadHtmlCacheBehavior [ RunTime:0.001000s ]
INFO: [ app_begin ] --END-- [ RunTime:0.001000s ]
INFO: [ app_end ] --START--
INFO: Run Behavior\ShowPageTraceBehavior [ RunTime:0.001000s ]
INFO: [ app_end ] --END-- [ RunTime:0.001000s ]

[ 2018-03-14T15:47:40+08:00 ] ::1 /appMusic/index.php/Home/user/reg
INFO: [ app_init ] --START--
INFO: Run Behavior\BuildLiteBehavior [ RunTime:0.000000s ]
INFO: [ app_init ] --END-- [ RunTime:0.001000s ]
INFO: [ app_begin ] --START--
INFO: Run Behavior\ReadHtmlCacheBehavior [ RunTime:0.000000s ]
INFO: [ app_begin ] --END-- [ RunTime:0.000000s ]
ERR: Call to undefined function Home\Controller\post()

[ 2018-03-14T15:48:21+08:00 ] ::1 /appMusic/index.php/Home/user/reg
INFO: [ app_init ] --START--
INFO: Run Behavior\BuildLiteBehavior [ RunTime:0.000000s ]
INFO: [ app_init ] --END-- [ RunTime:0.000000s ]
INFO: [ app_begin ] --START--
INFO: Run Behavior\ReadHtmlCacheBehavior [ RunTime:0.001000s ]
INFO: [ app_begin ] --END-- [ RunTime:0.001000s ]
INFO: [ app_end ] --START--
INFO: Run Behavior\ShowPageTraceBehavior [ RunTime:0.000000s ]
INFO: [ app_end ] --END-- [ RunTime:0.000000s ]

[ 2018-03-14T15:50:09+08:00 ] ::1 /appMusic/index.php/Home/user/reg
INFO: [ app_init ] --START--
INFO: Run Behavior\BuildLiteBehavior [ RunTime:0.000000s ]
INFO: [ app_init ] --END-- [ RunTime:0.000000s ]
INFO: [ app_begin ] --START--
INFO: Run Behavior\ReadHtmlCacheBehavior [ RunTime:0.000000s ]
INFO: [ app_begin ] --END-- [ RunTime:0.000000s ]
INFO: [ app_end ] --START--
INFO: Run Behavior\ShowPageTraceBehavior [ RunTime:0.000000s ]
INFO: [ app_end ] --END-- [ RunTime:0.000000s ]

[ 2018-03-14T15:50:31+08:00 ] ::1 /appMusic/index.php/Home/user/reg
INFO: [ app_init ] --START--
INFO: Run Behavior\BuildLiteBehavior [ RunTime:0.000000s ]
INFO: [ app_init ] --END-- [ RunTime:0.000000s ]
INFO: [ app_begin ] --START--
INFO: Run Behavior\ReadHtmlCacheBehavior [ RunTime:0.000000s ]
INFO: [ app_begin ] --END-- [ RunTime:0.000000s ]
INFO: [ app_end ] --START--
INFO: Run Behavior\ShowPageTraceBehavior [ RunTime:0.000000s ]
INFO: [ app_end ] --END-- [ RunTime:0.000000s ]

[ 2018-03-14T15:50:47+08:00 ] ::1 /appMusic/index.php/Home/user/reg
INFO: [ app_init ] --START--
INFO: Run Behavior\BuildLiteBehavior [ RunTime:0.000000s ]
INFO: [ app_init ] --END-- [ RunTime:0.000000s ]
INFO: [ app_begin ] --START--
INFO: Run Behavior\ReadHtmlCacheBehavior [ RunTime:0.000000s ]
INFO: [ app_begin ] --END-- [ RunTime:0.000000s ]
NOTIC: [8] Undefined index: tel D:\phpStudy\PHPTutorial\WWW\appMusic\Application\Home\Controller\UserController.class.php 第 45 行.
INFO: [ app_end ] --START--
INFO: Run Behavior\ShowPageTraceBehavior [ RunTime:0.001000s ]
INFO: [ app_end ] --END-- [ RunTime:0.001000s ]

[ 2018-03-14T15:53:09+08:00 ] ::1 /appMusic/index.php/Home/index/showTeach
INFO: [ app_init ] --START--
INFO: Run Behavior\BuildLiteBehavior [ RunTime:0.000000s ]
INFO: [ app_init ] --END-- [ RunTime:0.000000s ]
INFO: [ app_begin ] --START--
INFO: Run Behavior\ReadHtmlCacheBehavior [ RunTime:0.001000s ]
INFO: [ app_begin ] --END-- [ RunTime:0.001000s ]
NOTIC: [2] Declaration of Home\Model\UserModel::_before_insert(&$data) should be compatible with Think\Model::_before_insert(&$data, $options) D:\phpStudy\PHPTutorial\WWW\appMusic\Application\Home\Model\UserModel.class.php 第 10 行.
NOTIC: [2] Declaration of Home\Model\UserModel::_after_insert($option) should be compatible with Think\Model::_after_insert($data, $options) D:\phpStudy\PHPTutorial\WWW\appMusic\Application\Home\Model\UserModel.class.php 第 10 行.
NOTIC: [2] Declaration of Home\Model\UserModel::_before_update(&$data) should be compatible with Think\Model::_before_update(&$data, $options) D:\phpStudy\PHPTutorial\WWW\appMusic\Application\Home\Model\UserModel.class.php 第 10 行.
SQL: SHOW COLUMNS FROM `music_user` [ RunTime:0.0030s ]
SQL: SELECT * FROM `music_user` WHERE `defaul` = '1'  [ RunTime:0.0000s ]
INFO: [ app_end ] --START--
INFO: Run Behavior\ShowPageTraceBehavior [ RunTime:0.001000s ]
INFO: [ app_end ] --END-- [ RunTime:0.001000s ]

[ 2018-03-14T15:55:08+08:00 ] ::1 /appMusic/index.php/Home/index/showTeach
INFO: [ app_init ] --START--
INFO: Run Behavior\BuildLiteBehavior [ RunTime:0.000000s ]
INFO: [ app_init ] --END-- [ RunTime:0.000000s ]
INFO: [ app_begin ] --START--
NOTIC: [2] fopen(.././index_html_cache.lock): failed to open stream: No such file or directory D:\phpStudy\PHPTutorial\WWW\appMusic\ThinkPHP\Library\Behavior\ReadHtmlCacheBehavior.class.php 第 31 行.
NOTIC: [2] flock() expects parameter 1 to be resource, boolean given D:\phpStudy\PHPTutorial\WWW\appMusic\ThinkPHP\Library\Behavior\ReadHtmlCacheBehavior.class.php 第 32 行.
INFO: Run Behavior\ReadHtmlCacheBehavior [ RunTime:0.000000s ]
INFO: [ app_begin ] --END-- [ RunTime:0.000000s ]
NOTIC: [2] Declaration of Home\Model\UserModel::_before_insert(&$data) should be compatible with Think\Model::_before_insert(&$data, $options) D:\phpStudy\PHPTutorial\WWW\appMusic\Application\Home\Model\UserModel.class.php 第 10 行.
NOTIC: [2] Declaration of Home\Model\UserModel::_after_insert($option) should be compatible with Think\Model::_after_insert($data, $options) D:\phpStudy\PHPTutorial\WWW\appMusic\Application\Home\Model\UserModel.class.php 第 10 行.
NOTIC: [2] Declaration of Home\Model\UserModel::_before_update(&$data) should be compatible with Think\Model::_before_update(&$data, $options) D:\phpStudy\PHPTutorial\WWW\appMusic\Application\Home\Model\UserModel.class.php 第 10 行.
SQL: SHOW COLUMNS FROM `music_user` [ RunTime:0.0030s ]
SQL: SELECT * FROM `music_user` WHERE `defaul` = '1'  [ RunTime:0.0110s ]
INFO: [ app_end ] --START--
INFO: Run Behavior\ShowPageTraceBehavior [ RunTime:0.000000s ]
INFO: [ app_end ] --END-- [ RunTime:0.000000s ]

[ 2018-03-14T15:55:42+08:00 ] ::1 /appMusic/index.php/Home/index/showTeach?name=llin
INFO: [ app_init ] --START--
INFO: Run Behavior\BuildLiteBehavior [ RunTime:0.000000s ]
INFO: [ app_init ] --END-- [ RunTime:0.000000s ]
INFO: [ app_begin ] --START--
NOTIC: [2] fopen(.././index_html_cache.lock): failed to open stream: No such file or directory D:\phpStudy\PHPTutorial\WWW\appMusic\ThinkPHP\Library\Behavior\ReadHtmlCacheBehavior.class.php 第 31 行.
NOTIC: [2] flock() expects parameter 1 to be resource, boolean given D:\phpStudy\PHPTutorial\WWW\appMusic\ThinkPHP\Library\Behavior\ReadHtmlCacheBehavior.class.php 第 32 行.
INFO: Run Behavior\ReadHtmlCacheBehavior [ RunTime:0.001000s ]
INFO: [ app_begin ] --END-- [ RunTime:0.001000s ]
NOTIC: [2] Declaration of Home\Model\UserModel::_before_insert(&$data) should be compatible with Think\Model::_before_insert(&$data, $options) D:\phpStudy\PHPTutorial\WWW\appMusic\Application\Home\Model\UserModel.class.php 第 10 行.
NOTIC: [2] Declaration of Home\Model\UserModel::_after_insert($option) should be compatible with Think\Model::_after_insert($data, $options) D:\phpStudy\PHPTutorial\WWW\appMusic\Application\Home\Model\UserModel.class.php 第 10 行.
NOTIC: [2] Declaration of Home\Model\UserModel::_before_update(&$data) should be compatible with Think\Model::_before_update(&$data, $options) D:\phpStudy\PHPTutorial\WWW\appMusic\Application\Home\Model\UserModel.class.php 第 10 行.
SQL: SHOW COLUMNS FROM `music_user` [ RunTime:0.0030s ]
SQL: SELECT * FROM `music_user` WHERE `name` LIKE '%llin%' AND `defaul` = '1'  [ RunTime:0.0000s ]
INFO: [ app_end ] --START--
INFO: Run Behavior\ShowPageTraceBehavior [ RunTime:0.001000s ]
INFO: [ app_end ] --END-- [ RunTime:0.001000s ]

[ 2018-03-14T15:56:04+08:00 ] ::1 /appMusic/index.php/Home/user/reg?tel=13734715267
INFO: [ app_init ] --START--
INFO: Run Behavior\BuildLiteBehavior [ RunTime:0.000000s ]
INFO: [ app_init ] --END-- [ RunTime:0.000000s ]
INFO: [ app_begin ] --START--
INFO: Run Behavior\ReadHtmlCacheBehavior [ RunTime:0.000000s ]
INFO: [ app_begin ] --END-- [ RunTime:0.000000s ]
ERR: 非法操作:reg

[ 2018-03-14T15:56:13+08:00 ] ::1 /appMusic/index.php/Home/user/reg?tel=13734715267
INFO: [ app_init ] --START--
INFO: Run Behavior\BuildLiteBehavior [ RunTime:0.000000s ]
INFO: [ app_init ] --END-- [ RunTime:0.000000s ]
INFO: [ app_begin ] --START--
INFO: Run Behavior\ReadHtmlCacheBehavior [ RunTime:0.001000s ]
INFO: [ app_begin ] --END-- [ RunTime:0.001000s ]
NOTIC: [8] Undefined index: tel D:\phpStudy\PHPTutorial\WWW\appMusic\Application\Home\Controller\UserController.class.php 第 45 行.
INFO: [ app_end ] --START--
INFO: Run Behavior\ShowPageTraceBehavior [ RunTime:0.000000s ]
INFO: [ app_end ] --END-- [ RunTime:0.000000s ]

[ 2018-03-14T15:56:29+08:00 ] ::1 /appMusic/index.php/Home/user/reg?tel=13734715267
INFO: [ app_init ] --START--
INFO: Run Behavior\BuildLiteBehavior [ RunTime:0.000000s ]
INFO: [ app_init ] --END-- [ RunTime:0.001000s ]
INFO: [ app_begin ] --START--
INFO: Run Behavior\ReadHtmlCacheBehavior [ RunTime:0.001000s ]
INFO: [ app_begin ] --END-- [ RunTime:0.001000s ]
INFO: [ app_end ] --START--
INFO: Run Behavior\ShowPageTraceBehavior [ RunTime:0.001000s ]
INFO: [ app_end ] --END-- [ RunTime:0.001000s ]

[ 2018-03-14T15:56:38+08:00 ] ::1 /appMusic/index.php/Home/user/reg
INFO: [ app_init ] --START--
INFO: Run Behavior\BuildLiteBehavior [ RunTime:0.000000s ]
INFO: [ app_init ] --END-- [ RunTime:0.001000s ]
INFO: [ app_begin ] --START--
INFO: Run Behavior\ReadHtmlCacheBehavior [ RunTime:0.000000s ]
INFO: [ app_begin ] --END-- [ RunTime:0.000000s ]
INFO: [ app_end ] --START--
INFO: Run Behavior\ShowPageTraceBehavior [ RunTime:0.001000s ]
INFO: [ app_end ] --END-- [ RunTime:0.001000s ]

[ 2018-03-14T15:56:40+08:00 ] ::1 /appMusic/index.php/Home/user/reg
INFO: [ app_init ] --START--
INFO: Run Behavior\BuildLiteBehavior [ RunTime:0.000000s ]
INFO: [ app_init ] --END-- [ RunTime:0.000000s ]
INFO: [ app_begin ] --START--
INFO: Run Behavior\ReadHtmlCacheBehavior [ RunTime:0.000000s ]
INFO: [ app_begin ] --END-- [ RunTime:0.000000s ]
INFO: [ app_end ] --START--
INFO: Run Behavior\ShowPageTraceBehavior [ RunTime:0.001000s ]
INFO: [ app_end ] --END-- [ RunTime:0.001000s ]

[ 2018-03-14T15:56:41+08:00 ] ::1 /appMusic/index.php/Home/user/reg
INFO: [ app_init ] --START--
INFO: Run Behavior\BuildLiteBehavior [ RunTime:0.000000s ]
INFO: [ app_init ] --END-- [ RunTime:0.001000s ]
INFO: [ app_begin ] --START--
INFO: Run Behavior\ReadHtmlCacheBehavior [ RunTime:0.000000s ]
INFO: [ app_begin ] --END-- [ RunTime:0.000000s ]
INFO: [ app_end ] --START--
INFO: Run Behavior\ShowPageTraceBehavior [ RunTime:0.001000s ]
INFO: [ app_end ] --END-- [ RunTime:0.001000s ]

[ 2018-03-14T15:57:15+08:00 ] ::1 /appMusic/index.php/Home/user/reg
INFO: [ app_init ] --START--
INFO: Run Behavior\BuildLiteBehavior [ RunTime:0.000000s ]
INFO: [ app_init ] --END-- [ RunTime:0.000000s ]
INFO: [ app_begin ] --START--
INFO: Run Behavior\ReadHtmlCacheBehavior [ RunTime:0.000000s ]
INFO: [ app_begin ] --END-- [ RunTime:0.000000s ]
INFO: [ app_end ] --START--
INFO: Run Behavior\ShowPageTraceBehavior [ RunTime:0.000000s ]
INFO: [ app_end ] --END-- [ RunTime:0.000000s ]

[ 2018-03-14T15:57:23+08:00 ] ::1 /appMusic/index.php/Home/user/reg?tel=123456798
INFO: [ app_init ] --START--
INFO: Run Behavior\BuildLiteBehavior [ RunTime:0.000000s ]
INFO: [ app_init ] --END-- [ RunTime:0.000000s ]
INFO: [ app_begin ] --START--
INFO: Run Behavior\ReadHtmlCacheBehavior [ RunTime:0.001000s ]
INFO: [ app_begin ] --END-- [ RunTime:0.001000s ]
INFO: [ app_end ] --START--
INFO: Run Behavior\ShowPageTraceBehavior [ RunTime:0.001000s ]
INFO: [ app_end ] --END-- [ RunTime:0.001000s ]

[ 2018-03-14T15:57:47+08:00 ] ::1 /appMusic/index.php/Home/user/reg?tel=123456798
INFO: [ app_init ] --START--
INFO: Run Behavior\BuildLiteBehavior [ RunTime:0.000000s ]
INFO: [ app_init ] --END-- [ RunTime:0.001000s ]
INFO: [ app_begin ] --START--
INFO: Run Behavior\ReadHtmlCacheBehavior [ RunTime:0.001000s ]
INFO: [ app_begin ] --END-- [ RunTime:0.001000s ]
INFO: [ app_end ] --START--
INFO: Run Behavior\ShowPageTraceBehavior [ RunTime:0.001000s ]
INFO: [ app_end ] --END-- [ RunTime:0.001000s ]

[ 2018-03-14T15:57:48+08:00 ] ::1 /appMusic/index.php/Home/user/reg?tel=123456798
INFO: [ app_init ] --START--
INFO: Run Behavior\BuildLiteBehavior [ RunTime:0.000000s ]
INFO: [ app_init ] --END-- [ RunTime:0.001000s ]
INFO: [ app_begin ] --START--
INFO: Run Behavior\ReadHtmlCacheBehavior [ RunTime:0.001000s ]
INFO: [ app_begin ] --END-- [ RunTime:0.001000s ]
INFO: [ app_end ] --START--
INFO: Run Behavior\ShowPageTraceBehavior [ RunTime:0.001000s ]
INFO: [ app_end ] --END-- [ RunTime:0.001000s ]

[ 2018-03-14T15:57:48+08:00 ] ::1 /appMusic/index.php/Home/user/reg?tel=123456798
INFO: [ app_init ] --START--
INFO: Run Behavior\BuildLiteBehavior [ RunTime:0.000000s ]
INFO: [ app_init ] --END-- [ RunTime:0.000000s ]
INFO: [ app_begin ] --START--
INFO: Run Behavior\ReadHtmlCacheBehavior [ RunTime:0.000000s ]
INFO: [ app_begin ] --END-- [ RunTime:0.000000s ]
INFO: [ app_end ] --START--
INFO: Run Behavior\ShowPageTraceBehavior [ RunTime:0.000000s ]
INFO: [ app_end ] --END-- [ RunTime:0.000000s ]

[ 2018-03-14T15:57:48+08:00 ] ::1 /appMusic/index.php/Home/user/reg?tel=123456798
INFO: [ app_init ] --START--
INFO: Run Behavior\BuildLiteBehavior [ RunTime:0.000000s ]
INFO: [ app_init ] --END-- [ RunTime:0.000000s ]
INFO: [ app_begin ] --START--
INFO: Run Behavior\ReadHtmlCacheBehavior [ RunTime:0.001000s ]
INFO: [ app_begin ] --END-- [ RunTime:0.001000s ]
INFO: [ app_end ] --START--
INFO: Run Behavior\ShowPageTraceBehavior [ RunTime:0.000000s ]
INFO: [ app_end ] --END-- [ RunTime:0.000000s ]

[ 2018-03-14T15:57:48+08:00 ] ::1 /appMusic/index.php/Home/user/reg?tel=123456798
INFO: [ app_init ] --START--
INFO: Run Behavior\BuildLiteBehavior [ RunTime:0.000000s ]
INFO: [ app_init ] --END-- [ RunTime:0.001000s ]
INFO: [ app_begin ] --START--
INFO: Run Behavior\ReadHtmlCacheBehavior [ RunTime:0.000000s ]
INFO: [ app_begin ] --END-- [ RunTime:0.001000s ]
INFO: [ app_end ] --START--
INFO: Run Behavior\ShowPageTraceBehavior [ RunTime:0.001000s ]
INFO: [ app_end ] --END-- [ RunTime:0.001000s ]

[ 2018-03-14T15:58:46+08:00 ] ::1 /appMusic/index.php/Home/user/reg
INFO: [ app_init ] --START--
INFO: Run Behavior\BuildLiteBehavior [ RunTime:0.000000s ]
INFO: [ app_init ] --END-- [ RunTime:0.000000s ]
INFO: [ app_begin ] --START--
INFO: Run Behavior\ReadHtmlCacheBehavior [ RunTime:0.000000s ]
INFO: [ app_begin ] --END-- [ RunTime:0.000000s ]
INFO: [ app_end ] --START--
INFO: Run Behavior\ShowPageTraceBehavior [ RunTime:0.000000s ]
INFO: [ app_end ] --END-- [ RunTime:0.000000s ]

[ 2018-03-14T15:58:47+08:00 ] ::1 /appMusic/index.php/Home/user/reg
INFO: [ app_init ] --START--
INFO: Run Behavior\BuildLiteBehavior [ RunTime:0.000000s ]
INFO: [ app_init ] --END-- [ RunTime:0.000000s ]
INFO: [ app_begin ] --START--
INFO: Run Behavior\ReadHtmlCacheBehavior [ RunTime:0.001000s ]
INFO: [ app_begin ] --END-- [ RunTime:0.001000s ]
INFO: [ app_end ] --START--
INFO: Run Behavior\ShowPageTraceBehavior [ RunTime:0.001000s ]
INFO: [ app_end ] --END-- [ RunTime:0.001000s ]

[ 2018-03-14T16:00:13+08:00 ] ::1 /appMusic/index.php/Home/user/reg
INFO: [ app_init ] --START--
INFO: Run Behavior\BuildLiteBehavior [ RunTime:0.000000s ]
INFO: [ app_init ] --END-- [ RunTime:0.000000s ]
INFO: [ app_begin ] --START--
INFO: Run Behavior\ReadHtmlCacheBehavior [ RunTime:0.000000s ]
INFO: [ app_begin ] --END-- [ RunTime:0.000000s ]
INFO: [ app_end ] --START--
INFO: Run Behavior\ShowPageTraceBehavior [ RunTime:0.000000s ]
INFO: [ app_end ] --END-- [ RunTime:0.000000s ]

[ 2018-03-14T16:00:19+08:00 ] ::1 /appMusic/index.php/Home/user/reg
INFO: [ app_init ] --START--
INFO: Run Behavior\BuildLiteBehavior [ RunTime:0.000000s ]
INFO: [ app_init ] --END-- [ RunTime:0.000000s ]
INFO: [ app_begin ] --START--
INFO: Run Behavior\ReadHtmlCacheBehavior [ RunTime:0.000000s ]
INFO: [ app_begin ] --END-- [ RunTime:0.000000s ]
INFO: [ app_end ] --START--
INFO: Run Behavior\ShowPageTraceBehavior [ RunTime:0.000000s ]
INFO: [ app_end ] --END-- [ RunTime:0.000000s ]

