[ 2018-03-15T10:45:44+08:00 ] ::1 /appMusic/index.php/Admin/Login/login.html
INFO: [ app_init ] --START--
INFO: Run Behavior\BuildLiteBehavior [ RunTime:0.000000s ]
INFO: [ app_init ] --END-- [ RunTime:0.000000s ]
INFO: [ app_begin ] --START--
INFO: Run Behavior\ReadHtmlCacheBehavior [ RunTime:0.001000s ]
INFO: [ app_begin ] --END-- [ RunTime:0.001000s ]
INFO: [ view_parse ] --START--
INFO: [ template_filter ] --START--
INFO: Run Behavior\ContentReplaceBehavior [ RunTime:0.000000s ]
INFO: [ template_filter ] --END-- [ RunTime:0.000000s ]
INFO: Run Behavior\ParseTemplateBehavior [ RunTime:0.235013s ]
INFO: [ view_parse ] --END-- [ RunTime:0.235013s ]
INFO: [ view_filter ] --START--
INFO: Run Behavior\WriteHtmlCacheBehavior [ RunTime:0.000000s ]
INFO: [ view_filter ] --END-- [ RunTime:0.000000s ]
INFO: [ app_end ] --START--
INFO: Run Behavior\ShowPageTraceBehavior [ RunTime:0.001000s ]
INFO: [ app_end ] --END-- [ RunTime:0.001000s ]

[ 2018-03-15T10:45:44+08:00 ] ::1 /appMusic/index.php/Admin/Login/chkcode.html
INFO: [ app_init ] --START--
INFO: Run Behavior\BuildLiteBehavior [ RunTime:0.000000s ]
INFO: [ app_init ] --END-- [ RunTime:0.001000s ]
INFO: [ app_begin ] --START--
INFO: Run Behavior\ReadHtmlCacheBehavior [ RunTime:0.001000s ]
INFO: [ app_begin ] --END-- [ RunTime:0.001000s ]
INFO: [ app_end ] --START--
INFO: Run Behavior\ShowPageTraceBehavior [ RunTime:0.001000s ]
INFO: [ app_end ] --END-- [ RunTime:0.001000s ]

[ 2018-03-15T10:45:53+08:00 ] ::1 /appMusic/index.php/Admin/Login/login.html
INFO: [ app_init ] --START--
INFO: Run Behavior\BuildLiteBehavior [ RunTime:0.000000s ]
INFO: [ app_init ] --END-- [ RunTime:0.001000s ]
INFO: [ app_begin ] --START--
INFO: Run Behavior\ReadHtmlCacheBehavior [ RunTime:0.001000s ]
INFO: [ app_begin ] --END-- [ RunTime:0.001000s ]
NOTIC: [2] Declaration of Admin\Model\AdminModel::_before_insert(&$data) should be compatible with Think\Model::_before_insert(&$data, $options) D:\phpStudy\PHPTutorial\WWW\appMusic\Application\Admin\Model\AdminModel.class.php 第 11 行.
SQL: SHOW COLUMNS FROM `music_admin` [ RunTime:0.0690s ]
NOTIC: [8] Undefined index: auto D:\phpStudy\PHPTutorial\WWW\appMusic\ThinkPHP\Library\Think\Model.class.php 第 1128 行.
SQL: SELECT * FROM `music_admin` WHERE `username` = 'admin' LIMIT 1   [ RunTime:0.0000s ]
INFO: [ view_parse ] --START--
INFO: [ template_filter ] --START--
INFO: Run Behavior\ContentReplaceBehavior [ RunTime:0.000000s ]
INFO: [ template_filter ] --END-- [ RunTime:0.000000s ]
INFO: Run Behavior\ParseTemplateBehavior [ RunTime:0.003001s ]
INFO: [ view_parse ] --END-- [ RunTime:0.003001s ]
INFO: [ view_filter ] --START--
INFO: Run Behavior\WriteHtmlCacheBehavior [ RunTime:0.000000s ]
INFO: [ view_filter ] --END-- [ RunTime:0.000000s ]

[ 2018-03-15T10:45:54+08:00 ] ::1 /appMusic/index.php/Admin/Index/index.html
INFO: [ app_init ] --START--
INFO: Run Behavior\BuildLiteBehavior [ RunTime:0.000000s ]
INFO: [ app_init ] --END-- [ RunTime:0.001000s ]
INFO: [ app_begin ] --START--
INFO: Run Behavior\ReadHtmlCacheBehavior [ RunTime:0.000000s ]
INFO: [ app_begin ] --END-- [ RunTime:0.000000s ]
INFO: [ view_parse ] --START--
INFO: [ template_filter ] --START--
INFO: Run Behavior\ContentReplaceBehavior [ RunTime:0.000000s ]
INFO: [ template_filter ] --END-- [ RunTime:0.000000s ]
INFO: Run Behavior\ParseTemplateBehavior [ RunTime:0.040003s ]
INFO: [ view_parse ] --END-- [ RunTime:0.040003s ]
INFO: [ view_filter ] --START--
INFO: Run Behavior\WriteHtmlCacheBehavior [ RunTime:0.000000s ]
INFO: [ view_filter ] --END-- [ RunTime:0.001000s ]
INFO: [ app_end ] --START--
INFO: Run Behavior\ShowPageTraceBehavior [ RunTime:0.000000s ]
INFO: [ app_end ] --END-- [ RunTime:0.000000s ]

[ 2018-03-15T10:45:54+08:00 ] ::1 /appMusic/index.php/Admin/images/y.jpg
INFO: [ app_init ] --START--
INFO: Run Behavior\BuildLiteBehavior [ RunTime:0.000000s ]
INFO: [ app_init ] --END-- [ RunTime:0.000000s ]

[ 2018-03-15T10:45:55+08:00 ] ::1 /appMusic/index.php/Admin/Info/info.html
INFO: [ app_init ] --START--
INFO: Run Behavior\BuildLiteBehavior [ RunTime:0.000000s ]
INFO: [ app_init ] --END-- [ RunTime:0.000000s ]
INFO: [ app_begin ] --START--
INFO: Run Behavior\ReadHtmlCacheBehavior [ RunTime:0.000000s ]
INFO: [ app_begin ] --END-- [ RunTime:0.000000s ]
INFO: [ view_parse ] --START--
INFO: [ template_filter ] --START--
INFO: Run Behavior\ContentReplaceBehavior [ RunTime:0.000000s ]
INFO: [ template_filter ] --END-- [ RunTime:0.001000s ]
INFO: Run Behavior\ParseTemplateBehavior [ RunTime:0.003000s ]
INFO: [ view_parse ] --END-- [ RunTime:0.003000s ]
INFO: [ view_filter ] --START--
INFO: Run Behavior\WriteHtmlCacheBehavior [ RunTime:0.001000s ]
INFO: [ view_filter ] --END-- [ RunTime:0.001000s ]
INFO: [ app_end ] --START--
INFO: Run Behavior\ShowPageTraceBehavior [ RunTime:0.000000s ]
INFO: [ app_end ] --END-- [ RunTime:0.000000s ]

[ 2018-03-15T10:45:58+08:00 ] ::1 /appMusic/index.php/Admin/Info/info.html
INFO: [ app_init ] --START--
INFO: Run Behavior\BuildLiteBehavior [ RunTime:0.000000s ]
INFO: [ app_init ] --END-- [ RunTime:0.000000s ]
INFO: [ app_begin ] --START--
INFO: Run Behavior\ReadHtmlCacheBehavior [ RunTime:0.000000s ]
INFO: [ app_begin ] --END-- [ RunTime:0.000000s ]
INFO: [ view_parse ] --START--
INFO: [ template_filter ] --START--
INFO: Run Behavior\ContentReplaceBehavior [ RunTime:0.000000s ]
INFO: [ template_filter ] --END-- [ RunTime:0.000000s ]
INFO: Run Behavior\ParseTemplateBehavior [ RunTime:0.003000s ]
INFO: [ view_parse ] --END-- [ RunTime:0.003000s ]
INFO: [ view_filter ] --START--
INFO: Run Behavior\WriteHtmlCacheBehavior [ RunTime:0.000000s ]
INFO: [ view_filter ] --END-- [ RunTime:0.000000s ]
INFO: [ app_end ] --START--
INFO: Run Behavior\ShowPageTraceBehavior [ RunTime:0.000000s ]
INFO: [ app_end ] --END-- [ RunTime:0.000000s ]

[ 2018-03-15T10:46:00+08:00 ] ::1 /appMusic/index.php/Admin/Banner/lst.html
INFO: [ app_init ] --START--
INFO: Run Behavior\BuildLiteBehavior [ RunTime:0.000000s ]
INFO: [ app_init ] --END-- [ RunTime:0.000000s ]
INFO: [ app_begin ] --START--
INFO: Run Behavior\ReadHtmlCacheBehavior [ RunTime:0.000000s ]
INFO: [ app_begin ] --END-- [ RunTime:0.000000s ]
SQL: SHOW COLUMNS FROM `music_banner` [ RunTime:0.0030s ]
SQL: SELECT COUNT(*) AS tp_count FROM `music_banner` LIMIT 1   [ RunTime:0.0470s ]
SQL: SELECT * FROM `music_banner` LIMIT 0,2   [ RunTime:0.0010s ]
INFO: [ view_parse ] --START--
INFO: [ template_filter ] --START--
INFO: Run Behavior\ContentReplaceBehavior [ RunTime:0.001000s ]
INFO: [ template_filter ] --END-- [ RunTime:0.001000s ]
INFO: Run Behavior\ParseTemplateBehavior [ RunTime:0.005001s ]
INFO: [ view_parse ] --END-- [ RunTime:0.005001s ]
INFO: [ view_filter ] --START--
INFO: Run Behavior\WriteHtmlCacheBehavior [ RunTime:0.000000s ]
INFO: [ view_filter ] --END-- [ RunTime:0.000000s ]
INFO: [ app_end ] --START--
INFO: Run Behavior\ShowPageTraceBehavior [ RunTime:0.000000s ]
INFO: [ app_end ] --END-- [ RunTime:0.000000s ]

[ 2018-03-15T10:46:05+08:00 ] ::1 /appMusic/index.php/Admin/Order/lst.html
INFO: [ app_init ] --START--
INFO: Run Behavior\BuildLiteBehavior [ RunTime:0.000000s ]
INFO: [ app_init ] --END-- [ RunTime:0.000000s ]
INFO: [ app_begin ] --START--
INFO: Run Behavior\ReadHtmlCacheBehavior [ RunTime:0.001000s ]
INFO: [ app_begin ] --END-- [ RunTime:0.001000s ]
SQL: SHOW COLUMNS FROM `music_order` [ RunTime:0.0350s ]
SQL: SELECT COUNT(*) AS tp_count FROM `music_order` WHERE `user_name` LIKE '%%' LIMIT 1   [ RunTime:0.0000s ]
SQL: SELECT * FROM `music_order` WHERE `user_name` LIKE '%%' LIMIT 0,1   [ RunTime:0.0000s ]
INFO: [ view_parse ] --START--
INFO: [ template_filter ] --START--
INFO: Run Behavior\ContentReplaceBehavior [ RunTime:0.000000s ]
INFO: [ template_filter ] --END-- [ RunTime:0.000000s ]
INFO: Run Behavior\ParseTemplateBehavior [ RunTime:0.022001s ]
INFO: [ view_parse ] --END-- [ RunTime:0.022001s ]
INFO: [ view_filter ] --START--
INFO: Run Behavior\WriteHtmlCacheBehavior [ RunTime:0.000000s ]
INFO: [ view_filter ] --END-- [ RunTime:0.000000s ]
INFO: [ app_end ] --START--
INFO: Run Behavior\ShowPageTraceBehavior [ RunTime:0.001000s ]
INFO: [ app_end ] --END-- [ RunTime:0.001000s ]

[ 2018-03-15T10:46:11+08:00 ] ::1 /appMusic/index.php/Admin/type/lst.html
INFO: [ app_init ] --START--
INFO: Run Behavior\BuildLiteBehavior [ RunTime:0.000000s ]
INFO: [ app_init ] --END-- [ RunTime:0.001000s ]
INFO: [ app_begin ] --START--
INFO: Run Behavior\ReadHtmlCacheBehavior [ RunTime:0.000000s ]
INFO: [ app_begin ] --END-- [ RunTime:0.000000s ]
SQL: SHOW COLUMNS FROM `music_type` [ RunTime:0.0030s ]
SQL: SELECT * FROM `music_type`  [ RunTime:0.0000s ]
INFO: [ view_parse ] --START--
INFO: [ template_filter ] --START--
INFO: Run Behavior\ContentReplaceBehavior [ RunTime:0.000000s ]
INFO: [ template_filter ] --END-- [ RunTime:0.000000s ]
NOTIC: [8] Undefined variable: page D:\phpStudy\PHPTutorial\WWW\appMusic\Application\Runtime\Cache\Admin\9e1e5841af12860e6ba08b9e55eb68af.php 第 51 行.
INFO: Run Behavior\ParseTemplateBehavior [ RunTime:0.004000s ]
INFO: [ view_parse ] --END-- [ RunTime:0.004000s ]
INFO: [ view_filter ] --START--
INFO: Run Behavior\WriteHtmlCacheBehavior [ RunTime:0.000000s ]
INFO: [ view_filter ] --END-- [ RunTime:0.000000s ]
INFO: [ app_end ] --START--
INFO: Run Behavior\ShowPageTraceBehavior [ RunTime:0.001001s ]
INFO: [ app_end ] --END-- [ RunTime:0.001001s ]

[ 2018-03-15T10:46:16+08:00 ] ::1 /appMusic/index.php/Admin/brand/lst.html
INFO: [ app_init ] --START--
INFO: Run Behavior\BuildLiteBehavior [ RunTime:0.000000s ]
INFO: [ app_init ] --END-- [ RunTime:0.000000s ]
INFO: [ app_begin ] --START--
INFO: Run Behavior\ReadHtmlCacheBehavior [ RunTime:0.000000s ]
INFO: [ app_begin ] --END-- [ RunTime:0.000000s ]
NOTIC: [2] Declaration of Admin\Model\BrandModel::_before_insert(&$data) should be compatible with Think\Model::_before_insert(&$data, $options) D:\phpStudy\PHPTutorial\WWW\appMusic\Application\Admin\Model\BrandModel.class.php 第 12 行.
NOTIC: [2] Declaration of Admin\Model\BrandModel::_before_update(&$data) should be compatible with Think\Model::_before_update(&$data, $options) D:\phpStudy\PHPTutorial\WWW\appMusic\Application\Admin\Model\BrandModel.class.php 第 12 行.
NOTIC: [2] Declaration of Admin\Model\BrandModel::_before_delete(&$data, $option) should be compatible with Think\Model::_before_delete($options) D:\phpStudy\PHPTutorial\WWW\appMusic\Application\Admin\Model\BrandModel.class.php 第 12 行.
SQL: SHOW COLUMNS FROM `music_brand` [ RunTime:0.0260s ]
ERR: Too few arguments to function Admin\Model\BrandModel::lst(), 0 passed in D:\phpStudy\PHPTutorial\WWW\appMusic\Application\Admin\Controller\BrandController.class.php on line 33 and at least 1 expected

[ 2018-03-15T10:46:21+08:00 ] ::1 /appMusic/index.php/Admin/Musical/lst.html
INFO: [ app_init ] --START--
INFO: Run Behavior\BuildLiteBehavior [ RunTime:0.000000s ]
INFO: [ app_init ] --END-- [ RunTime:0.000000s ]
INFO: [ app_begin ] --START--
INFO: Run Behavior\ReadHtmlCacheBehavior [ RunTime:0.001000s ]
INFO: [ app_begin ] --END-- [ RunTime:0.001000s ]
NOTIC: [2] Declaration of Admin\Model\MusicalModel::_after_insert(&$data, $opt) should be compatible with Think\Model::_after_insert($data, $options) D:\phpStudy\PHPTutorial\WWW\appMusic\Application\Admin\Model\MusicalModel.class.php 第 14 行.
NOTIC: [2] Declaration of Admin\Model\MusicalModel::_after_update(&$data, $opt) should be compatible with Think\Model::_after_update($data, $options) D:\phpStudy\PHPTutorial\WWW\appMusic\Application\Admin\Model\MusicalModel.class.php 第 14 行.
NOTIC: [2] Declaration of Admin\Model\MusicalModel::_before_delete($data, $option) should be compatible with Think\Model::_before_delete($options) D:\phpStudy\PHPTutorial\WWW\appMusic\Application\Admin\Model\MusicalModel.class.php 第 14 行.
SQL: SHOW COLUMNS FROM `music_musical` [ RunTime:0.0030s ]
ERR: Too few arguments to function Admin\Model\MusicalModel::lst(), 0 passed in D:\phpStudy\PHPTutorial\WWW\appMusic\Application\Admin\Controller\MusicalController.class.php on line 39 and at least 1 expected

[ 2018-03-15T10:46:23+08:00 ] ::1 /appMusic/index.php/Admin/User/stulst.html
INFO: [ app_init ] --START--
INFO: Run Behavior\BuildLiteBehavior [ RunTime:0.000000s ]
INFO: [ app_init ] --END-- [ RunTime:0.000000s ]
INFO: [ app_begin ] --START--
INFO: Run Behavior\ReadHtmlCacheBehavior [ RunTime:0.001000s ]
INFO: [ app_begin ] --END-- [ RunTime:0.001000s ]
SQL: SHOW COLUMNS FROM `music_user` [ RunTime:0.0030s ]
SQL: SELECT COUNT(*) AS tp_count FROM `music_user` WHERE `defaul` = '2' LIMIT 1   [ RunTime:0.0000s ]
SQL: SELECT a.*,GROUP_CONCAT(DISTINCT(d.subject_name)) subject_name FROM music_user a LEFT JOIN music_stu_subject b ON a.id = b.stu_id
                        LEFT JOIN music_send_subjects c ON b.subjects_id = c.id
                         LEFT JOIN music_subjects_type d ON c.subjects_id = d.id   WHERE `defaul` = '2' GROUP BY a.id LIMIT 0,5   [ RunTime:0.0260s ]
INFO: [ view_parse ] --START--
INFO: [ template_filter ] --START--
INFO: Run Behavior\ContentReplaceBehavior [ RunTime:0.000000s ]
INFO: [ template_filter ] --END-- [ RunTime:0.000000s ]
NOTIC: [8] Undefined index: username D:\phpStudy\PHPTutorial\WWW\appMusic\Application\Runtime\Cache\Admin\9682c367801f2911d3ec4aa4719ac0ea.php 第 47 行.
NOTIC: [8] Undefined index: phoen D:\phpStudy\PHPTutorial\WWW\appMusic\Application\Runtime\Cache\Admin\9682c367801f2911d3ec4aa4719ac0ea.php 第 50 行.
NOTIC: [8] Undefined index: img D:\phpStudy\PHPTutorial\WWW\appMusic\Application\Runtime\Cache\Admin\9682c367801f2911d3ec4aa4719ac0ea.php 第 53 行.
NOTIC: [8] Undefined index: username D:\phpStudy\PHPTutorial\WWW\appMusic\Application\Runtime\Cache\Admin\9682c367801f2911d3ec4aa4719ac0ea.php 第 47 行.
NOTIC: [8] Undefined index: phoen D:\phpStudy\PHPTutorial\WWW\appMusic\Application\Runtime\Cache\Admin\9682c367801f2911d3ec4aa4719ac0ea.php 第 50 行.
NOTIC: [8] Undefined index: img D:\phpStudy\PHPTutorial\WWW\appMusic\Application\Runtime\Cache\Admin\9682c367801f2911d3ec4aa4719ac0ea.php 第 53 行.
INFO: Run Behavior\ParseTemplateBehavior [ RunTime:0.005000s ]
INFO: [ view_parse ] --END-- [ RunTime:0.005000s ]
INFO: [ view_filter ] --START--
INFO: Run Behavior\WriteHtmlCacheBehavior [ RunTime:0.000000s ]
INFO: [ view_filter ] --END-- [ RunTime:0.000000s ]
INFO: [ app_end ] --START--
INFO: Run Behavior\ShowPageTraceBehavior [ RunTime:0.001000s ]
INFO: [ app_end ] --END-- [ RunTime:0.001000s ]

[ 2018-03-15T10:46:30+08:00 ] ::1 /appMusic/index.php/Admin/User/teaLst.html
INFO: [ app_init ] --START--
INFO: Run Behavior\BuildLiteBehavior [ RunTime:0.000000s ]
INFO: [ app_init ] --END-- [ RunTime:0.000000s ]
INFO: [ app_begin ] --START--
INFO: Run Behavior\ReadHtmlCacheBehavior [ RunTime:0.000000s ]
INFO: [ app_begin ] --END-- [ RunTime:0.000000s ]
SQL: SHOW COLUMNS FROM `music_user` [ RunTime:0.0030s ]
SQL: SELECT COUNT(*) AS tp_count FROM `music_user` WHERE `defaul` = '1' LIMIT 1   [ RunTime:0.0000s ]
SQL: SELECT * FROM `music_user` WHERE `defaul` = '1'  [ RunTime:0.0010s ]
INFO: [ view_parse ] --START--
INFO: [ template_filter ] --START--
INFO: Run Behavior\ContentReplaceBehavior [ RunTime:0.000000s ]
INFO: [ template_filter ] --END-- [ RunTime:0.000000s ]
NOTIC: [8] Undefined index: username D:\phpStudy\PHPTutorial\WWW\appMusic\Application\Runtime\Cache\Admin\2e038a89194d4c7db0ad3dcc774e6aea.php 第 46 行.
NOTIC: [8] Undefined index: office_address D:\phpStudy\PHPTutorial\WWW\appMusic\Application\Runtime\Cache\Admin\2e038a89194d4c7db0ad3dcc774e6aea.php 第 49 行.
NOTIC: [8] Undefined index: education_age D:\phpStudy\PHPTutorial\WWW\appMusic\Application\Runtime\Cache\Admin\2e038a89194d4c7db0ad3dcc774e6aea.php 第 52 行.
NOTIC: [8] Undefined index: username D:\phpStudy\PHPTutorial\WWW\appMusic\Application\Runtime\Cache\Admin\2e038a89194d4c7db0ad3dcc774e6aea.php 第 46 行.
NOTIC: [8] Undefined index: office_address D:\phpStudy\PHPTutorial\WWW\appMusic\Application\Runtime\Cache\Admin\2e038a89194d4c7db0ad3dcc774e6aea.php 第 49 行.
NOTIC: [8] Undefined index: education_age D:\phpStudy\PHPTutorial\WWW\appMusic\Application\Runtime\Cache\Admin\2e038a89194d4c7db0ad3dcc774e6aea.php 第 52 行.
NOTIC: [8] Undefined index: username D:\phpStudy\PHPTutorial\WWW\appMusic\Application\Runtime\Cache\Admin\2e038a89194d4c7db0ad3dcc774e6aea.php 第 46 行.
NOTIC: [8] Undefined index: office_address D:\phpStudy\PHPTutorial\WWW\appMusic\Application\Runtime\Cache\Admin\2e038a89194d4c7db0ad3dcc774e6aea.php 第 49 行.
NOTIC: [8] Undefined index: education_age D:\phpStudy\PHPTutorial\WWW\appMusic\Application\Runtime\Cache\Admin\2e038a89194d4c7db0ad3dcc774e6aea.php 第 52 行.
NOTIC: [8] Undefined index: username D:\phpStudy\PHPTutorial\WWW\appMusic\Application\Runtime\Cache\Admin\2e038a89194d4c7db0ad3dcc774e6aea.php 第 46 行.
NOTIC: [8] Undefined index: office_address D:\phpStudy\PHPTutorial\WWW\appMusic\Application\Runtime\Cache\Admin\2e038a89194d4c7db0ad3dcc774e6aea.php 第 49 行.
NOTIC: [8] Undefined index: education_age D:\phpStudy\PHPTutorial\WWW\appMusic\Application\Runtime\Cache\Admin\2e038a89194d4c7db0ad3dcc774e6aea.php 第 52 行.
NOTIC: [8] Undefined index: username D:\phpStudy\PHPTutorial\WWW\appMusic\Application\Runtime\Cache\Admin\2e038a89194d4c7db0ad3dcc774e6aea.php 第 46 行.
NOTIC: [8] Undefined index: office_address D:\phpStudy\PHPTutorial\WWW\appMusic\Application\Runtime\Cache\Admin\2e038a89194d4c7db0ad3dcc774e6aea.php 第 49 行.
NOTIC: [8] Undefined index: education_age D:\phpStudy\PHPTutorial\WWW\appMusic\Application\Runtime\Cache\Admin\2e038a89194d4c7db0ad3dcc774e6aea.php 第 52 行.
NOTIC: [8] Undefined index: username D:\phpStudy\PHPTutorial\WWW\appMusic\Application\Runtime\Cache\Admin\2e038a89194d4c7db0ad3dcc774e6aea.php 第 46 行.
NOTIC: [8] Undefined index: office_address D:\phpStudy\PHPTutorial\WWW\appMusic\Application\Runtime\Cache\Admin\2e038a89194d4c7db0ad3dcc774e6aea.php 第 49 行.
NOTIC: [8] Undefined index: education_age D:\phpStudy\PHPTutorial\WWW\appMusic\Application\Runtime\Cache\Admin\2e038a89194d4c7db0ad3dcc774e6aea.php 第 52 行.
NOTIC: [8] Undefined index: username D:\phpStudy\PHPTutorial\WWW\appMusic\Application\Runtime\Cache\Admin\2e038a89194d4c7db0ad3dcc774e6aea.php 第 46 行.
NOTIC: [8] Undefined index: office_address D:\phpStudy\PHPTutorial\WWW\appMusic\Application\Runtime\Cache\Admin\2e038a89194d4c7db0ad3dcc774e6aea.php 第 49 行.
NOTIC: [8] Undefined index: education_age D:\phpStudy\PHPTutorial\WWW\appMusic\Application\Runtime\Cache\Admin\2e038a89194d4c7db0ad3dcc774e6aea.php 第 52 行.
NOTIC: [8] Undefined index: username D:\phpStudy\PHPTutorial\WWW\appMusic\Application\Runtime\Cache\Admin\2e038a89194d4c7db0ad3dcc774e6aea.php 第 46 行.
NOTIC: [8] Undefined index: office_address D:\phpStudy\PHPTutorial\WWW\appMusic\Application\Runtime\Cache\Admin\2e038a89194d4c7db0ad3dcc774e6aea.php 第 49 行.
NOTIC: [8] Undefined index: education_age D:\phpStudy\PHPTutorial\WWW\appMusic\Application\Runtime\Cache\Admin\2e038a89194d4c7db0ad3dcc774e6aea.php 第 52 行.
NOTIC: [8] Undefined index: username D:\phpStudy\PHPTutorial\WWW\appMusic\Application\Runtime\Cache\Admin\2e038a89194d4c7db0ad3dcc774e6aea.php 第 46 行.
NOTIC: [8] Undefined index: office_address D:\phpStudy\PHPTutorial\WWW\appMusic\Application\Runtime\Cache\Admin\2e038a89194d4c7db0ad3dcc774e6aea.php 第 49 行.
NOTIC: [8] Undefined index: education_age D:\phpStudy\PHPTutorial\WWW\appMusic\Application\Runtime\Cache\Admin\2e038a89194d4c7db0ad3dcc774e6aea.php 第 52 行.
NOTIC: [8] Undefined index: username D:\phpStudy\PHPTutorial\WWW\appMusic\Application\Runtime\Cache\Admin\2e038a89194d4c7db0ad3dcc774e6aea.php 第 46 行.
NOTIC: [8] Undefined index: office_address D:\phpStudy\PHPTutorial\WWW\appMusic\Application\Runtime\Cache\Admin\2e038a89194d4c7db0ad3dcc774e6aea.php 第 49 行.
NOTIC: [8] Undefined index: education_age D:\phpStudy\PHPTutorial\WWW\appMusic\Application\Runtime\Cache\Admin\2e038a89194d4c7db0ad3dcc774e6aea.php 第 52 行.
NOTIC: [8] Undefined index: username D:\phpStudy\PHPTutorial\WWW\appMusic\Application\Runtime\Cache\Admin\2e038a89194d4c7db0ad3dcc774e6aea.php 第 46 行.
NOTIC: [8] Undefined index: office_address D:\phpStudy\PHPTutorial\WWW\appMusic\Application\Runtime\Cache\Admin\2e038a89194d4c7db0ad3dcc774e6aea.php 第 49 行.
NOTIC: [8] Undefined index: education_age D:\phpStudy\PHPTutorial\WWW\appMusic\Application\Runtime\Cache\Admin\2e038a89194d4c7db0ad3dcc774e6aea.php 第 52 行.
INFO: Run Behavior\ParseTemplateBehavior [ RunTime:0.058004s ]
INFO: [ view_parse ] --END-- [ RunTime:0.058004s ]
INFO: [ view_filter ] --START--
INFO: Run Behavior\WriteHtmlCacheBehavior [ RunTime:0.001000s ]
INFO: [ view_filter ] --END-- [ RunTime:0.001000s ]
INFO: [ app_end ] --START--
INFO: Run Behavior\ShowPageTraceBehavior [ RunTime:0.000000s ]
INFO: [ app_end ] --END-- [ RunTime:0.000000s ]

[ 2018-03-15T10:46:32+08:00 ] ::1 /appMusic/index.php/Admin/type/lst.html
INFO: [ app_init ] --START--
INFO: Run Behavior\BuildLiteBehavior [ RunTime:0.000000s ]
INFO: [ app_init ] --END-- [ RunTime:0.001000s ]
INFO: [ app_begin ] --START--
INFO: Run Behavior\ReadHtmlCacheBehavior [ RunTime:0.000000s ]
INFO: [ app_begin ] --END-- [ RunTime:0.000000s ]
SQL: SHOW COLUMNS FROM `music_type` [ RunTime:0.0030s ]
SQL: SELECT * FROM `music_type`  [ RunTime:0.0010s ]
INFO: [ view_parse ] --START--
INFO: [ template_filter ] --START--
INFO: Run Behavior\ContentReplaceBehavior [ RunTime:0.000000s ]
INFO: [ template_filter ] --END-- [ RunTime:0.000000s ]
NOTIC: [8] Undefined variable: page D:\phpStudy\PHPTutorial\WWW\appMusic\Application\Runtime\Cache\Admin\9e1e5841af12860e6ba08b9e55eb68af.php 第 51 行.
INFO: Run Behavior\ParseTemplateBehavior [ RunTime:0.004000s ]
INFO: [ view_parse ] --END-- [ RunTime:0.004000s ]
INFO: [ view_filter ] --START--
INFO: Run Behavior\WriteHtmlCacheBehavior [ RunTime:0.000000s ]
INFO: [ view_filter ] --END-- [ RunTime:0.000000s ]
INFO: [ app_end ] --START--
INFO: Run Behavior\ShowPageTraceBehavior [ RunTime:0.001000s ]
INFO: [ app_end ] --END-- [ RunTime:0.001000s ]

[ 2018-03-15T10:46:36+08:00 ] ::1 /appMusic/index.php/Admin/Attribute/lst/id/4.html
INFO: [ app_init ] --START--
INFO: Run Behavior\BuildLiteBehavior [ RunTime:0.000000s ]
INFO: [ app_init ] --END-- [ RunTime:0.000000s ]
INFO: [ app_begin ] --START--
INFO: Run Behavior\ReadHtmlCacheBehavior [ RunTime:0.000000s ]
INFO: [ app_begin ] --END-- [ RunTime:0.000000s ]
NOTIC: [2] Declaration of Admin\Model\AttributeModel::_before_insert(&$data) should be compatible with Think\Model::_before_insert(&$data, $options) D:\phpStudy\PHPTutorial\WWW\appMusic\Application\Admin\Model\AttributeModel.class.php 第 12 行.
SQL: SHOW COLUMNS FROM `music_attribute` [ RunTime:0.0290s ]
SQL: SELECT COUNT(*) AS tp_count FROM music_attribute a LIMIT 1   [ RunTime:0.0000s ]
NOTIC: [8] Trying to get property 'firstRow' of non-object D:\phpStudy\PHPTutorial\WWW\appMusic\Application\Admin\Model\AttributeModel.class.php 第 65 行.
NOTIC: [8] Trying to get property 'listRows' of non-object D:\phpStudy\PHPTutorial\WWW\appMusic\Application\Admin\Model\AttributeModel.class.php 第 65 行.
SQL: SELECT a.*,b.type_name FROM music_attribute a LEFT JOIN music_type b ON a.type_id = b.id  GROUP BY a.id  [ RunTime:0.0010s ]
INFO: [ view_parse ] --START--
INFO: [ template_filter ] --START--
INFO: Run Behavior\ContentReplaceBehavior [ RunTime:0.000000s ]
INFO: [ template_filter ] --END-- [ RunTime:0.000000s ]
INFO: Run Behavior\ParseTemplateBehavior [ RunTime:0.004000s ]
INFO: [ view_parse ] --END-- [ RunTime:0.004000s ]
INFO: [ view_filter ] --START--
INFO: Run Behavior\WriteHtmlCacheBehavior [ RunTime:0.000000s ]
INFO: [ view_filter ] --END-- [ RunTime:0.000000s ]
INFO: [ app_end ] --START--
INFO: Run Behavior\ShowPageTraceBehavior [ RunTime:0.001000s ]
INFO: [ app_end ] --END-- [ RunTime:0.001000s ]

[ 2018-03-15T10:46:38+08:00 ] ::1 /appMusic/index.php/Admin/type/lst.html
INFO: [ app_init ] --START--
INFO: Run Behavior\BuildLiteBehavior [ RunTime:0.000000s ]
INFO: [ app_init ] --END-- [ RunTime:0.000000s ]
INFO: [ app_begin ] --START--
INFO: Run Behavior\ReadHtmlCacheBehavior [ RunTime:0.001000s ]
INFO: [ app_begin ] --END-- [ RunTime:0.001000s ]
SQL: SHOW COLUMNS FROM `music_type` [ RunTime:0.0030s ]
SQL: SELECT * FROM `music_type`  [ RunTime:0.0000s ]
INFO: [ view_parse ] --START--
INFO: [ template_filter ] --START--
INFO: Run Behavior\ContentReplaceBehavior [ RunTime:0.000000s ]
INFO: [ template_filter ] --END-- [ RunTime:0.000000s ]
NOTIC: [8] Undefined variable: page D:\phpStudy\PHPTutorial\WWW\appMusic\Application\Runtime\Cache\Admin\9e1e5841af12860e6ba08b9e55eb68af.php 第 51 行.
INFO: Run Behavior\ParseTemplateBehavior [ RunTime:0.004000s ]
INFO: [ view_parse ] --END-- [ RunTime:0.004000s ]
INFO: [ view_filter ] --START--
INFO: Run Behavior\WriteHtmlCacheBehavior [ RunTime:0.000000s ]
INFO: [ view_filter ] --END-- [ RunTime:0.000000s ]
INFO: [ app_end ] --START--
INFO: Run Behavior\ShowPageTraceBehavior [ RunTime:0.001000s ]
INFO: [ app_end ] --END-- [ RunTime:0.001000s ]

[ 2018-03-15T10:47:00+08:00 ] ::1 /appMusic/index.php/Admin/User/stulst.html
INFO: [ app_init ] --START--
INFO: Run Behavior\BuildLiteBehavior [ RunTime:0.000000s ]
INFO: [ app_init ] --END-- [ RunTime:0.000000s ]
INFO: [ app_begin ] --START--
INFO: Run Behavior\ReadHtmlCacheBehavior [ RunTime:0.001000s ]
INFO: [ app_begin ] --END-- [ RunTime:0.001000s ]
SQL: SHOW COLUMNS FROM `music_user` [ RunTime:0.0030s ]
SQL: SELECT COUNT(*) AS tp_count FROM `music_user` WHERE `defaul` = '2' LIMIT 1   [ RunTime:0.0000s ]
SQL: SELECT a.*,GROUP_CONCAT(DISTINCT(d.subject_name)) subject_name FROM music_user a LEFT JOIN music_stu_subject b ON a.id = b.stu_id
                        LEFT JOIN music_send_subjects c ON b.subjects_id = c.id
                         LEFT JOIN music_subjects_type d ON c.subjects_id = d.id   WHERE `defaul` = '2' GROUP BY a.id LIMIT 0,5   [ RunTime:0.0000s ]
INFO: [ view_parse ] --START--
INFO: [ template_filter ] --START--
INFO: Run Behavior\ContentReplaceBehavior [ RunTime:0.000000s ]
INFO: [ template_filter ] --END-- [ RunTime:0.000000s ]
NOTIC: [8] Undefined index: username D:\phpStudy\PHPTutorial\WWW\appMusic\Application\Runtime\Cache\Admin\9682c367801f2911d3ec4aa4719ac0ea.php 第 47 行.
NOTIC: [8] Undefined index: phoen D:\phpStudy\PHPTutorial\WWW\appMusic\Application\Runtime\Cache\Admin\9682c367801f2911d3ec4aa4719ac0ea.php 第 50 行.
NOTIC: [8] Undefined index: img D:\phpStudy\PHPTutorial\WWW\appMusic\Application\Runtime\Cache\Admin\9682c367801f2911d3ec4aa4719ac0ea.php 第 53 行.
NOTIC: [8] Undefined index: username D:\phpStudy\PHPTutorial\WWW\appMusic\Application\Runtime\Cache\Admin\9682c367801f2911d3ec4aa4719ac0ea.php 第 47 行.
NOTIC: [8] Undefined index: phoen D:\phpStudy\PHPTutorial\WWW\appMusic\Application\Runtime\Cache\Admin\9682c367801f2911d3ec4aa4719ac0ea.php 第 50 行.
NOTIC: [8] Undefined index: img D:\phpStudy\PHPTutorial\WWW\appMusic\Application\Runtime\Cache\Admin\9682c367801f2911d3ec4aa4719ac0ea.php 第 53 行.
INFO: Run Behavior\ParseTemplateBehavior [ RunTime:0.004000s ]
INFO: [ view_parse ] --END-- [ RunTime:0.004000s ]
INFO: [ view_filter ] --START--
INFO: Run Behavior\WriteHtmlCacheBehavior [ RunTime:0.000000s ]
INFO: [ view_filter ] --END-- [ RunTime:0.000000s ]
INFO: [ app_end ] --START--
INFO: Run Behavior\ShowPageTraceBehavior [ RunTime:0.000000s ]
INFO: [ app_end ] --END-- [ RunTime:0.000000s ]

[ 2018-03-15T10:47:01+08:00 ] ::1 /appMusic/index.php/Admin/User/teaLst.html
INFO: [ app_init ] --START--
INFO: Run Behavior\BuildLiteBehavior [ RunTime:0.000000s ]
INFO: [ app_init ] --END-- [ RunTime:0.000000s ]
INFO: [ app_begin ] --START--
INFO: Run Behavior\ReadHtmlCacheBehavior [ RunTime:0.000000s ]
INFO: [ app_begin ] --END-- [ RunTime:0.000000s ]
SQL: SHOW COLUMNS FROM `music_user` [ RunTime:0.0030s ]
SQL: SELECT COUNT(*) AS tp_count FROM `music_user` WHERE `defaul` = '1' LIMIT 1   [ RunTime:0.0000s ]
SQL: SELECT * FROM `music_user` WHERE `defaul` = '1'  [ RunTime:0.0000s ]
INFO: [ view_parse ] --START--
INFO: [ template_filter ] --START--
INFO: Run Behavior\ContentReplaceBehavior [ RunTime:0.000000s ]
INFO: [ template_filter ] --END-- [ RunTime:0.000000s ]
NOTIC: [8] Undefined index: username D:\phpStudy\PHPTutorial\WWW\appMusic\Application\Runtime\Cache\Admin\2e038a89194d4c7db0ad3dcc774e6aea.php 第 46 行.
NOTIC: [8] Undefined index: office_address D:\phpStudy\PHPTutorial\WWW\appMusic\Application\Runtime\Cache\Admin\2e038a89194d4c7db0ad3dcc774e6aea.php 第 49 行.
NOTIC: [8] Undefined index: education_age D:\phpStudy\PHPTutorial\WWW\appMusic\Application\Runtime\Cache\Admin\2e038a89194d4c7db0ad3dcc774e6aea.php 第 52 行.
NOTIC: [8] Undefined index: username D:\phpStudy\PHPTutorial\WWW\appMusic\Application\Runtime\Cache\Admin\2e038a89194d4c7db0ad3dcc774e6aea.php 第 46 行.
NOTIC: [8] Undefined index: office_address D:\phpStudy\PHPTutorial\WWW\appMusic\Application\Runtime\Cache\Admin\2e038a89194d4c7db0ad3dcc774e6aea.php 第 49 行.
NOTIC: [8] Undefined index: education_age D:\phpStudy\PHPTutorial\WWW\appMusic\Application\Runtime\Cache\Admin\2e038a89194d4c7db0ad3dcc774e6aea.php 第 52 行.
NOTIC: [8] Undefined index: username D:\phpStudy\PHPTutorial\WWW\appMusic\Application\Runtime\Cache\Admin\2e038a89194d4c7db0ad3dcc774e6aea.php 第 46 行.
NOTIC: [8] Undefined index: office_address D:\phpStudy\PHPTutorial\WWW\appMusic\Application\Runtime\Cache\Admin\2e038a89194d4c7db0ad3dcc774e6aea.php 第 49 行.
NOTIC: [8] Undefined index: education_age D:\phpStudy\PHPTutorial\WWW\appMusic\Application\Runtime\Cache\Admin\2e038a89194d4c7db0ad3dcc774e6aea.php 第 52 行.
NOTIC: [8] Undefined index: username D:\phpStudy\PHPTutorial\WWW\appMusic\Application\Runtime\Cache\Admin\2e038a89194d4c7db0ad3dcc774e6aea.php 第 46 行.
NOTIC: [8] Undefined index: office_address D:\phpStudy\PHPTutorial\WWW\appMusic\Application\Runtime\Cache\Admin\2e038a89194d4c7db0ad3dcc774e6aea.php 第 49 行.
NOTIC: [8] Undefined index: education_age D:\phpStudy\PHPTutorial\WWW\appMusic\Application\Runtime\Cache\Admin\2e038a89194d4c7db0ad3dcc774e6aea.php 第 52 行.
NOTIC: [8] Undefined index: username D:\phpStudy\PHPTutorial\WWW\appMusic\Application\Runtime\Cache\Admin\2e038a89194d4c7db0ad3dcc774e6aea.php 第 46 行.
NOTIC: [8] Undefined index: office_address D:\phpStudy\PHPTutorial\WWW\appMusic\Application\Runtime\Cache\Admin\2e038a89194d4c7db0ad3dcc774e6aea.php 第 49 行.
NOTIC: [8] Undefined index: education_age D:\phpStudy\PHPTutorial\WWW\appMusic\Application\Runtime\Cache\Admin\2e038a89194d4c7db0ad3dcc774e6aea.php 第 52 行.
NOTIC: [8] Undefined index: username D:\phpStudy\PHPTutorial\WWW\appMusic\Application\Runtime\Cache\Admin\2e038a89194d4c7db0ad3dcc774e6aea.php 第 46 行.
NOTIC: [8] Undefined index: office_address D:\phpStudy\PHPTutorial\WWW\appMusic\Application\Runtime\Cache\Admin\2e038a89194d4c7db0ad3dcc774e6aea.php 第 49 行.
NOTIC: [8] Undefined index: education_age D:\phpStudy\PHPTutorial\WWW\appMusic\Application\Runtime\Cache\Admin\2e038a89194d4c7db0ad3dcc774e6aea.php 第 52 行.
NOTIC: [8] Undefined index: username D:\phpStudy\PHPTutorial\WWW\appMusic\Application\Runtime\Cache\Admin\2e038a89194d4c7db0ad3dcc774e6aea.php 第 46 行.
NOTIC: [8] Undefined index: office_address D:\phpStudy\PHPTutorial\WWW\appMusic\Application\Runtime\Cache\Admin\2e038a89194d4c7db0ad3dcc774e6aea.php 第 49 行.
NOTIC: [8] Undefined index: education_age D:\phpStudy\PHPTutorial\WWW\appMusic\Application\Runtime\Cache\Admin\2e038a89194d4c7db0ad3dcc774e6aea.php 第 52 行.
NOTIC: [8] Undefined index: username D:\phpStudy\PHPTutorial\WWW\appMusic\Application\Runtime\Cache\Admin\2e038a89194d4c7db0ad3dcc774e6aea.php 第 46 行.
NOTIC: [8] Undefined index: office_address D:\phpStudy\PHPTutorial\WWW\appMusic\Application\Runtime\Cache\Admin\2e038a89194d4c7db0ad3dcc774e6aea.php 第 49 行.
NOTIC: [8] Undefined index: education_age D:\phpStudy\PHPTutorial\WWW\appMusic\Application\Runtime\Cache\Admin\2e038a89194d4c7db0ad3dcc774e6aea.php 第 52 行.
NOTIC: [8] Undefined index: username D:\phpStudy\PHPTutorial\WWW\appMusic\Application\Runtime\Cache\Admin\2e038a89194d4c7db0ad3dcc774e6aea.php 第 46 行.
NOTIC: [8] Undefined index: office_address D:\phpStudy\PHPTutorial\WWW\appMusic\Application\Runtime\Cache\Admin\2e038a89194d4c7db0ad3dcc774e6aea.php 第 49 行.
NOTIC: [8] Undefined index: education_age D:\phpStudy\PHPTutorial\WWW\appMusic\Application\Runtime\Cache\Admin\2e038a89194d4c7db0ad3dcc774e6aea.php 第 52 行.
NOTIC: [8] Undefined index: username D:\phpStudy\PHPTutorial\WWW\appMusic\Application\Runtime\Cache\Admin\2e038a89194d4c7db0ad3dcc774e6aea.php 第 46 行.
NOTIC: [8] Undefined index: office_address D:\phpStudy\PHPTutorial\WWW\appMusic\Application\Runtime\Cache\Admin\2e038a89194d4c7db0ad3dcc774e6aea.php 第 49 行.
NOTIC: [8] Undefined index: education_age D:\phpStudy\PHPTutorial\WWW\appMusic\Application\Runtime\Cache\Admin\2e038a89194d4c7db0ad3dcc774e6aea.php 第 52 行.
NOTIC: [8] Undefined index: username D:\phpStudy\PHPTutorial\WWW\appMusic\Application\Runtime\Cache\Admin\2e038a89194d4c7db0ad3dcc774e6aea.php 第 46 行.
NOTIC: [8] Undefined index: office_address D:\phpStudy\PHPTutorial\WWW\appMusic\Application\Runtime\Cache\Admin\2e038a89194d4c7db0ad3dcc774e6aea.php 第 49 行.
NOTIC: [8] Undefined index: education_age D:\phpStudy\PHPTutorial\WWW\appMusic\Application\Runtime\Cache\Admin\2e038a89194d4c7db0ad3dcc774e6aea.php 第 52 行.
INFO: Run Behavior\ParseTemplateBehavior [ RunTime:0.005000s ]
INFO: [ view_parse ] --END-- [ RunTime:0.005000s ]
INFO: [ view_filter ] --START--
INFO: Run Behavior\WriteHtmlCacheBehavior [ RunTime:0.000000s ]
INFO: [ view_filter ] --END-- [ RunTime:0.000000s ]
INFO: [ app_end ] --START--
INFO: Run Behavior\ShowPageTraceBehavior [ RunTime:0.000000s ]
INFO: [ app_end ] --END-- [ RunTime:0.000000s ]

[ 2018-03-15T10:47:02+08:00 ] ::1 /appMusic/index.php/Admin/Admin/lst.html
INFO: [ app_init ] --START--
INFO: Run Behavior\BuildLiteBehavior [ RunTime:0.000000s ]
INFO: [ app_init ] --END-- [ RunTime:0.000000s ]
INFO: [ app_begin ] --START--
INFO: Run Behavior\ReadHtmlCacheBehavior [ RunTime:0.000000s ]
INFO: [ app_begin ] --END-- [ RunTime:0.000000s ]
NOTIC: [2] Declaration of Admin\Model\AdminModel::_before_insert(&$data) should be compatible with Think\Model::_before_insert(&$data, $options) D:\phpStudy\PHPTutorial\WWW\appMusic\Application\Admin\Model\AdminModel.class.php 第 11 行.
SQL: SHOW COLUMNS FROM `music_admin` [ RunTime:0.0030s ]
SQL: SELECT COUNT(*) AS tp_count FROM `music_admin` LIMIT 1   [ RunTime:0.0000s ]
SQL: SELECT * FROM `music_admin` LIMIT 0,2   [ RunTime:0.0000s ]
INFO: [ view_parse ] --START--
INFO: [ template_filter ] --START--
INFO: Run Behavior\ContentReplaceBehavior [ RunTime:0.000000s ]
INFO: [ template_filter ] --END-- [ RunTime:0.000000s ]
INFO: Run Behavior\ParseTemplateBehavior [ RunTime:0.005000s ]
INFO: [ view_parse ] --END-- [ RunTime:0.005000s ]
INFO: [ view_filter ] --START--
INFO: Run Behavior\WriteHtmlCacheBehavior [ RunTime:0.000000s ]
INFO: [ view_filter ] --END-- [ RunTime:0.000000s ]
INFO: [ app_end ] --START--
INFO: Run Behavior\ShowPageTraceBehavior [ RunTime:0.000000s ]
INFO: [ app_end ] --END-- [ RunTime:0.000000s ]

[ 2018-03-15T10:47:03+08:00 ] ::1 /appMusic/index.php/Admin/User/stulst.html
INFO: [ app_init ] --START--
INFO: Run Behavior\BuildLiteBehavior [ RunTime:0.000000s ]
INFO: [ app_init ] --END-- [ RunTime:0.001000s ]
INFO: [ app_begin ] --START--
INFO: Run Behavior\ReadHtmlCacheBehavior [ RunTime:0.001000s ]
INFO: [ app_begin ] --END-- [ RunTime:0.001000s ]
SQL: SHOW COLUMNS FROM `music_user` [ RunTime:0.0030s ]
SQL: SELECT COUNT(*) AS tp_count FROM `music_user` WHERE `defaul` = '2' LIMIT 1   [ RunTime:0.0000s ]
SQL: SELECT a.*,GROUP_CONCAT(DISTINCT(d.subject_name)) subject_name FROM music_user a LEFT JOIN music_stu_subject b ON a.id = b.stu_id
                        LEFT JOIN music_send_subjects c ON b.subjects_id = c.id
                         LEFT JOIN music_subjects_type d ON c.subjects_id = d.id   WHERE `defaul` = '2' GROUP BY a.id LIMIT 0,5   [ RunTime:0.0010s ]
INFO: [ view_parse ] --START--
INFO: [ template_filter ] --START--
INFO: Run Behavior\ContentReplaceBehavior [ RunTime:0.000000s ]
INFO: [ template_filter ] --END-- [ RunTime:0.000000s ]
NOTIC: [8] Undefined index: username D:\phpStudy\PHPTutorial\WWW\appMusic\Application\Runtime\Cache\Admin\9682c367801f2911d3ec4aa4719ac0ea.php 第 47 行.
NOTIC: [8] Undefined index: phoen D:\phpStudy\PHPTutorial\WWW\appMusic\Application\Runtime\Cache\Admin\9682c367801f2911d3ec4aa4719ac0ea.php 第 50 行.
NOTIC: [8] Undefined index: img D:\phpStudy\PHPTutorial\WWW\appMusic\Application\Runtime\Cache\Admin\9682c367801f2911d3ec4aa4719ac0ea.php 第 53 行.
NOTIC: [8] Undefined index: username D:\phpStudy\PHPTutorial\WWW\appMusic\Application\Runtime\Cache\Admin\9682c367801f2911d3ec4aa4719ac0ea.php 第 47 行.
NOTIC: [8] Undefined index: phoen D:\phpStudy\PHPTutorial\WWW\appMusic\Application\Runtime\Cache\Admin\9682c367801f2911d3ec4aa4719ac0ea.php 第 50 行.
NOTIC: [8] Undefined index: img D:\phpStudy\PHPTutorial\WWW\appMusic\Application\Runtime\Cache\Admin\9682c367801f2911d3ec4aa4719ac0ea.php 第 53 行.
INFO: Run Behavior\ParseTemplateBehavior [ RunTime:0.003001s ]
INFO: [ view_parse ] --END-- [ RunTime:0.004001s ]
INFO: [ view_filter ] --START--
INFO: Run Behavior\WriteHtmlCacheBehavior [ RunTime:0.000000s ]
INFO: [ view_filter ] --END-- [ RunTime:0.000000s ]
INFO: [ app_end ] --START--
INFO: Run Behavior\ShowPageTraceBehavior [ RunTime:0.000000s ]
INFO: [ app_end ] --END-- [ RunTime:0.000000s ]

[ 2018-03-15T10:47:04+08:00 ] ::1 /appMusic/index.php/Admin/Musical/lst.html
INFO: [ app_init ] --START--
INFO: Run Behavior\BuildLiteBehavior [ RunTime:0.000000s ]
INFO: [ app_init ] --END-- [ RunTime:0.001001s ]
INFO: [ app_begin ] --START--
INFO: Run Behavior\ReadHtmlCacheBehavior [ RunTime:0.000000s ]
INFO: [ app_begin ] --END-- [ RunTime:0.000000s ]
NOTIC: [2] Declaration of Admin\Model\MusicalModel::_after_insert(&$data, $opt) should be compatible with Think\Model::_after_insert($data, $options) D:\phpStudy\PHPTutorial\WWW\appMusic\Application\Admin\Model\MusicalModel.class.php 第 14 行.
NOTIC: [2] Declaration of Admin\Model\MusicalModel::_after_update(&$data, $opt) should be compatible with Think\Model::_after_update($data, $options) D:\phpStudy\PHPTutorial\WWW\appMusic\Application\Admin\Model\MusicalModel.class.php 第 14 行.
NOTIC: [2] Declaration of Admin\Model\MusicalModel::_before_delete($data, $option) should be compatible with Think\Model::_before_delete($options) D:\phpStudy\PHPTutorial\WWW\appMusic\Application\Admin\Model\MusicalModel.class.php 第 14 行.
SQL: SHOW COLUMNS FROM `music_musical` [ RunTime:0.0020s ]
ERR: Too few arguments to function Admin\Model\MusicalModel::lst(), 0 passed in D:\phpStudy\PHPTutorial\WWW\appMusic\Application\Admin\Controller\MusicalController.class.php on line 39 and at least 1 expected

[ 2018-03-15T10:47:04+08:00 ] ::1 /appMusic/index.php/Admin/brand/lst.html
INFO: [ app_init ] --START--
INFO: Run Behavior\BuildLiteBehavior [ RunTime:0.000000s ]
INFO: [ app_init ] --END-- [ RunTime:0.001000s ]
INFO: [ app_begin ] --START--
INFO: Run Behavior\ReadHtmlCacheBehavior [ RunTime:0.001000s ]
INFO: [ app_begin ] --END-- [ RunTime:0.001000s ]
NOTIC: [2] Declaration of Admin\Model\BrandModel::_before_insert(&$data) should be compatible with Think\Model::_before_insert(&$data, $options) D:\phpStudy\PHPTutorial\WWW\appMusic\Application\Admin\Model\BrandModel.class.php 第 12 行.
NOTIC: [2] Declaration of Admin\Model\BrandModel::_before_update(&$data) should be compatible with Think\Model::_before_update(&$data, $options) D:\phpStudy\PHPTutorial\WWW\appMusic\Application\Admin\Model\BrandModel.class.php 第 12 行.
NOTIC: [2] Declaration of Admin\Model\BrandModel::_before_delete(&$data, $option) should be compatible with Think\Model::_before_delete($options) D:\phpStudy\PHPTutorial\WWW\appMusic\Application\Admin\Model\BrandModel.class.php 第 12 行.
SQL: SHOW COLUMNS FROM `music_brand` [ RunTime:0.0030s ]
ERR: Too few arguments to function Admin\Model\BrandModel::lst(), 0 passed in D:\phpStudy\PHPTutorial\WWW\appMusic\Application\Admin\Controller\BrandController.class.php on line 33 and at least 1 expected

[ 2018-03-15T10:47:05+08:00 ] ::1 /appMusic/index.php/Admin/type/lst.html
INFO: [ app_init ] --START--
INFO: Run Behavior\BuildLiteBehavior [ RunTime:0.000000s ]
INFO: [ app_init ] --END-- [ RunTime:0.001000s ]
INFO: [ app_begin ] --START--
INFO: Run Behavior\ReadHtmlCacheBehavior [ RunTime:0.000000s ]
INFO: [ app_begin ] --END-- [ RunTime:0.000000s ]
SQL: SHOW COLUMNS FROM `music_type` [ RunTime:0.0030s ]
SQL: SELECT * FROM `music_type`  [ RunTime:0.0000s ]
INFO: [ view_parse ] --START--
INFO: [ template_filter ] --START--
INFO: Run Behavior\ContentReplaceBehavior [ RunTime:0.000000s ]
INFO: [ template_filter ] --END-- [ RunTime:0.000000s ]
NOTIC: [8] Undefined variable: page D:\phpStudy\PHPTutorial\WWW\appMusic\Application\Runtime\Cache\Admin\9e1e5841af12860e6ba08b9e55eb68af.php 第 51 行.
INFO: Run Behavior\ParseTemplateBehavior [ RunTime:0.004000s ]
INFO: [ view_parse ] --END-- [ RunTime:0.004000s ]
INFO: [ view_filter ] --START--
INFO: Run Behavior\WriteHtmlCacheBehavior [ RunTime:0.001000s ]
INFO: [ view_filter ] --END-- [ RunTime:0.001000s ]
INFO: [ app_end ] --START--
INFO: Run Behavior\ShowPageTraceBehavior [ RunTime:0.000000s ]
INFO: [ app_end ] --END-- [ RunTime:0.000000s ]

[ 2018-03-15T11:56:21+08:00 ] ::1 /appMusic/index.php/Admin/Admin/lst.html
INFO: [ app_init ] --START--
INFO: Run Behavior\BuildLiteBehavior [ RunTime:0.000000s ]
INFO: [ app_init ] --END-- [ RunTime:0.000000s ]
INFO: [ app_begin ] --START--
INFO: Run Behavior\ReadHtmlCacheBehavior [ RunTime:0.000000s ]
INFO: [ app_begin ] --END-- [ RunTime:0.000000s ]
NOTIC: [2] Declaration of Admin\Model\AdminModel::_before_insert(&$data) should be compatible with Think\Model::_before_insert(&$data, $options) D:\phpStudy\PHPTutorial\WWW\appMusic\Application\Admin\Model\AdminModel.class.php 第 11 行.
SQL: SHOW COLUMNS FROM `music_admin` [ RunTime:0.0030s ]
SQL: SELECT COUNT(*) AS tp_count FROM `music_admin` LIMIT 1   [ RunTime:0.0000s ]
SQL: SELECT * FROM `music_admin` LIMIT 0,2   [ RunTime:0.0000s ]
INFO: [ view_parse ] --START--
INFO: [ template_filter ] --START--
INFO: Run Behavior\ContentReplaceBehavior [ RunTime:0.000000s ]
INFO: [ template_filter ] --END-- [ RunTime:0.000000s ]
INFO: Run Behavior\ParseTemplateBehavior [ RunTime:0.005000s ]
INFO: [ view_parse ] --END-- [ RunTime:0.005000s ]
INFO: [ view_filter ] --START--
INFO: Run Behavior\WriteHtmlCacheBehavior [ RunTime:0.000000s ]
INFO: [ view_filter ] --END-- [ RunTime:0.000000s ]
INFO: [ app_end ] --START--
INFO: Run Behavior\ShowPageTraceBehavior [ RunTime:0.001000s ]
INFO: [ app_end ] --END-- [ RunTime:0.001000s ]

[ 2018-03-15T11:56:25+08:00 ] ::1 /appMusic/index.php/Admin/Admin/add.html
INFO: [ app_init ] --START--
INFO: Run Behavior\BuildLiteBehavior [ RunTime:0.000000s ]
INFO: [ app_init ] --END-- [ RunTime:0.000000s ]
INFO: [ app_begin ] --START--
INFO: Run Behavior\ReadHtmlCacheBehavior [ RunTime:0.001000s ]
INFO: [ app_begin ] --END-- [ RunTime:0.001000s ]
INFO: [ view_parse ] --START--
INFO: [ template_filter ] --START--
INFO: Run Behavior\ContentReplaceBehavior [ RunTime:0.000000s ]
INFO: [ template_filter ] --END-- [ RunTime:0.000000s ]
INFO: Run Behavior\ParseTemplateBehavior [ RunTime:0.030002s ]
INFO: [ view_parse ] --END-- [ RunTime:0.030002s ]
INFO: [ view_filter ] --START--
INFO: Run Behavior\WriteHtmlCacheBehavior [ RunTime:0.000000s ]
INFO: [ view_filter ] --END-- [ RunTime:0.000000s ]
INFO: [ app_end ] --START--
INFO: Run Behavior\ShowPageTraceBehavior [ RunTime:0.001000s ]
INFO: [ app_end ] --END-- [ RunTime:0.001000s ]

[ 2018-03-15T11:56:25+08:00 ] ::1 /appMusic/index.php/Admin/Login/chkcode.html
INFO: [ app_init ] --START--
INFO: Run Behavior\BuildLiteBehavior [ RunTime:0.000000s ]
INFO: [ app_init ] --END-- [ RunTime:0.000000s ]
INFO: [ app_begin ] --START--
INFO: Run Behavior\ReadHtmlCacheBehavior [ RunTime:0.001000s ]
INFO: [ app_begin ] --END-- [ RunTime:0.001000s ]
INFO: [ app_end ] --START--
INFO: Run Behavior\ShowPageTraceBehavior [ RunTime:0.001000s ]
INFO: [ app_end ] --END-- [ RunTime:0.001000s ]

[ 2018-03-15T11:56:28+08:00 ] ::1 /appMusic/index.php/Admin/Index/index.html
INFO: [ app_init ] --START--
INFO: Run Behavior\BuildLiteBehavior [ RunTime:0.000000s ]
INFO: [ app_init ] --END-- [ RunTime:0.000000s ]
INFO: [ app_begin ] --START--
INFO: Run Behavior\ReadHtmlCacheBehavior [ RunTime:0.001001s ]
INFO: [ app_begin ] --END-- [ RunTime:0.001001s ]
INFO: [ view_parse ] --START--
INFO: [ template_filter ] --START--
INFO: Run Behavior\ContentReplaceBehavior [ RunTime:0.000000s ]
INFO: [ template_filter ] --END-- [ RunTime:0.000000s ]
INFO: Run Behavior\ParseTemplateBehavior [ RunTime:0.003000s ]
INFO: [ view_parse ] --END-- [ RunTime:0.003000s ]
INFO: [ view_filter ] --START--
INFO: Run Behavior\WriteHtmlCacheBehavior [ RunTime:0.001000s ]
INFO: [ view_filter ] --END-- [ RunTime:0.001000s ]
INFO: [ app_end ] --START--
INFO: Run Behavior\ShowPageTraceBehavior [ RunTime:0.000000s ]
INFO: [ app_end ] --END-- [ RunTime:0.000000s ]

[ 2018-03-15T11:56:28+08:00 ] ::1 /appMusic/index.php/Admin/images/y.jpg
INFO: [ app_init ] --START--
INFO: Run Behavior\BuildLiteBehavior [ RunTime:0.000000s ]
INFO: [ app_init ] --END-- [ RunTime:0.001000s ]

[ 2018-03-15T11:56:28+08:00 ] ::1 /appMusic/index.php/Admin/Info/info.html
INFO: [ app_init ] --START--
INFO: Run Behavior\BuildLiteBehavior [ RunTime:0.000000s ]
INFO: [ app_init ] --END-- [ RunTime:0.000000s ]
INFO: [ app_begin ] --START--
INFO: Run Behavior\ReadHtmlCacheBehavior [ RunTime:0.001000s ]
INFO: [ app_begin ] --END-- [ RunTime:0.001000s ]
INFO: [ view_parse ] --START--
INFO: [ template_filter ] --START--
INFO: Run Behavior\ContentReplaceBehavior [ RunTime:0.000000s ]
INFO: [ template_filter ] --END-- [ RunTime:0.000000s ]
INFO: Run Behavior\ParseTemplateBehavior [ RunTime:0.003000s ]
INFO: [ view_parse ] --END-- [ RunTime:0.003000s ]
INFO: [ view_filter ] --START--
INFO: Run Behavior\WriteHtmlCacheBehavior [ RunTime:0.000000s ]
INFO: [ view_filter ] --END-- [ RunTime:0.000000s ]
INFO: [ app_end ] --START--
INFO: Run Behavior\ShowPageTraceBehavior [ RunTime:0.000000s ]
INFO: [ app_end ] --END-- [ RunTime:0.000000s ]

[ 2018-03-15T18:03:50+08:00 ] ::1 /appMusic/index.php/Admin/User/avatar
INFO: [ app_init ] --START--
INFO: Run Behavior\BuildLiteBehavior [ RunTime:0.000000s ]
INFO: [ app_init ] --END-- [ RunTime:0.001000s ]
INFO: [ app_begin ] --START--
INFO: Run Behavior\ReadHtmlCacheBehavior [ RunTime:0.000000s ]
INFO: [ app_begin ] --END-- [ RunTime:0.000000s ]
INFO: [ view_parse ] --START--
INFO: [ template_filter ] --START--
INFO: Run Behavior\ContentReplaceBehavior [ RunTime:0.019001s ]
INFO: [ template_filter ] --END-- [ RunTime:0.019001s ]
INFO: Run Behavior\ParseTemplateBehavior [ RunTime:0.067004s ]
INFO: [ view_parse ] --END-- [ RunTime:0.067004s ]
INFO: [ view_filter ] --START--
INFO: Run Behavior\WriteHtmlCacheBehavior [ RunTime:0.019001s ]
INFO: [ view_filter ] --END-- [ RunTime:0.019001s ]

[ 2018-03-15T18:03:53+08:00 ] ::1 /appMusic/index.php/Admin/Login/login.html
INFO: [ app_init ] --START--
INFO: Run Behavior\BuildLiteBehavior [ RunTime:0.000000s ]
INFO: [ app_init ] --END-- [ RunTime:0.000000s ]
INFO: [ app_begin ] --START--
INFO: Run Behavior\ReadHtmlCacheBehavior [ RunTime:0.001000s ]
INFO: [ app_begin ] --END-- [ RunTime:0.001000s ]
INFO: [ view_parse ] --START--
INFO: [ template_filter ] --START--
INFO: Run Behavior\ContentReplaceBehavior [ RunTime:0.000000s ]
INFO: [ template_filter ] --END-- [ RunTime:0.000000s ]
INFO: Run Behavior\ParseTemplateBehavior [ RunTime:0.074004s ]
INFO: [ view_parse ] --END-- [ RunTime:0.074004s ]
INFO: [ view_filter ] --START--
INFO: Run Behavior\WriteHtmlCacheBehavior [ RunTime:0.000000s ]
INFO: [ view_filter ] --END-- [ RunTime:0.000000s ]
INFO: [ app_end ] --START--
INFO: Run Behavior\ShowPageTraceBehavior [ RunTime:0.001000s ]
INFO: [ app_end ] --END-- [ RunTime:0.001000s ]

[ 2018-03-15T18:03:54+08:00 ] ::1 /appMusic/index.php/Admin/Login/chkcode.html
INFO: [ app_init ] --START--
INFO: Run Behavior\BuildLiteBehavior [ RunTime:0.000000s ]
INFO: [ app_init ] --END-- [ RunTime:0.000000s ]
INFO: [ app_begin ] --START--
INFO: Run Behavior\ReadHtmlCacheBehavior [ RunTime:0.000000s ]
INFO: [ app_begin ] --END-- [ RunTime:0.000000s ]
INFO: [ app_end ] --START--
INFO: Run Behavior\ShowPageTraceBehavior [ RunTime:0.001000s ]
INFO: [ app_end ] --END-- [ RunTime:0.001000s ]

[ 2018-03-15T18:04:41+08:00 ] ::1 /appMusic/index.php/Admin/Login/avatar.html
INFO: [ app_init ] --START--
INFO: Run Behavior\BuildLiteBehavior [ RunTime:0.000000s ]
INFO: [ app_init ] --END-- [ RunTime:0.000000s ]
INFO: [ app_begin ] --START--
INFO: Run Behavior\ReadHtmlCacheBehavior [ RunTime:0.000000s ]
INFO: [ app_begin ] --END-- [ RunTime:0.000000s ]
INFO: [ view_parse ] --START--
INFO: [ template_filter ] --START--
INFO: Run Behavior\ContentReplaceBehavior [ RunTime:0.000000s ]
INFO: [ template_filter ] --END-- [ RunTime:0.000000s ]
INFO: Run Behavior\ParseTemplateBehavior [ RunTime:0.068004s ]
INFO: [ view_parse ] --END-- [ RunTime:0.068004s ]
INFO: [ view_filter ] --START--
INFO: Run Behavior\WriteHtmlCacheBehavior [ RunTime:0.000000s ]
INFO: [ view_filter ] --END-- [ RunTime:0.000000s ]
INFO: [ app_end ] --START--
INFO: Run Behavior\ShowPageTraceBehavior [ RunTime:0.000000s ]
INFO: [ app_end ] --END-- [ RunTime:0.000000s ]

[ 2018-03-15T18:06:40+08:00 ] ::1 /appMusic/index.php/Admin/Login/avatar.html
INFO: [ app_init ] --START--
INFO: Run Behavior\BuildLiteBehavior [ RunTime:0.000000s ]
INFO: [ app_init ] --END-- [ RunTime:0.000000s ]
INFO: [ app_begin ] --START--
INFO: Run Behavior\ReadHtmlCacheBehavior [ RunTime:0.001000s ]
INFO: [ app_begin ] --END-- [ RunTime:0.001000s ]
INFO: [ view_parse ] --START--
INFO: [ template_filter ] --START--
INFO: Run Behavior\ContentReplaceBehavior [ RunTime:0.000000s ]
INFO: [ template_filter ] --END-- [ RunTime:0.000000s ]
INFO: Run Behavior\ParseTemplateBehavior [ RunTime:0.002000s ]
INFO: [ view_parse ] --END-- [ RunTime:0.002000s ]
INFO: [ view_filter ] --START--
INFO: Run Behavior\WriteHtmlCacheBehavior [ RunTime:0.001000s ]
INFO: [ view_filter ] --END-- [ RunTime:0.001000s ]
INFO: [ app_end ] --START--
INFO: Run Behavior\ShowPageTraceBehavior [ RunTime:0.000000s ]
INFO: [ app_end ] --END-- [ RunTime:0.000000s ]

[ 2018-03-15T18:06:50+08:00 ] ::1 /appMusic/index.php/Admin/Login/avatar.html
INFO: [ app_init ] --START--
INFO: Run Behavior\BuildLiteBehavior [ RunTime:0.000000s ]
INFO: [ app_init ] --END-- [ RunTime:0.000000s ]
INFO: [ app_begin ] --START--
INFO: Run Behavior\ReadHtmlCacheBehavior [ RunTime:0.000000s ]
INFO: [ app_begin ] --END-- [ RunTime:0.000000s ]
INFO: [ view_parse ] --START--
INFO: [ template_filter ] --START--
INFO: Run Behavior\ContentReplaceBehavior [ RunTime:0.000000s ]
INFO: [ template_filter ] --END-- [ RunTime:0.000000s ]
INFO: Run Behavior\ParseTemplateBehavior [ RunTime:0.003001s ]
INFO: [ view_parse ] --END-- [ RunTime:0.003001s ]
INFO: [ view_filter ] --START--
INFO: Run Behavior\WriteHtmlCacheBehavior [ RunTime:0.000000s ]
INFO: [ view_filter ] --END-- [ RunTime:0.000000s ]
INFO: [ app_end ] --START--
INFO: Run Behavior\ShowPageTraceBehavior [ RunTime:0.001000s ]
INFO: [ app_end ] --END-- [ RunTime:0.001000s ]

[ 2018-03-15T18:07:44+08:00 ] ::1 /appMusic/index.php/Admin/Login/avatar.html
INFO: [ app_init ] --START--
INFO: Run Behavior\BuildLiteBehavior [ RunTime:0.000000s ]
INFO: [ app_init ] --END-- [ RunTime:0.000000s ]
INFO: [ app_begin ] --START--
INFO: Run Behavior\ReadHtmlCacheBehavior [ RunTime:0.001000s ]
INFO: [ app_begin ] --END-- [ RunTime:0.001000s ]
INFO: [ view_parse ] --START--
INFO: [ template_filter ] --START--
INFO: Run Behavior\ContentReplaceBehavior [ RunTime:0.000000s ]
INFO: [ template_filter ] --END-- [ RunTime:0.000000s ]
INFO: Run Behavior\ParseTemplateBehavior [ RunTime:0.003000s ]
INFO: [ view_parse ] --END-- [ RunTime:0.003000s ]
INFO: [ view_filter ] --START--
INFO: Run Behavior\WriteHtmlCacheBehavior [ RunTime:0.000000s ]
INFO: [ view_filter ] --END-- [ RunTime:0.000000s ]
INFO: [ app_end ] --START--
INFO: Run Behavior\ShowPageTraceBehavior [ RunTime:0.000000s ]
INFO: [ app_end ] --END-- [ RunTime:0.000000s ]

[ 2018-03-15T18:08:27+08:00 ] ::1 /appMusic/index.php/Admin/Login/avatar.html
INFO: [ app_init ] --START--
INFO: Run Behavior\BuildLiteBehavior [ RunTime:0.000000s ]
INFO: [ app_init ] --END-- [ RunTime:0.000000s ]
INFO: [ app_begin ] --START--
INFO: Run Behavior\ReadHtmlCacheBehavior [ RunTime:0.001000s ]
INFO: [ app_begin ] --END-- [ RunTime:0.001000s ]
INFO: [ view_parse ] --START--
INFO: [ template_filter ] --START--
INFO: Run Behavior\ContentReplaceBehavior [ RunTime:0.000000s ]
INFO: [ template_filter ] --END-- [ RunTime:0.000000s ]
INFO: Run Behavior\ParseTemplateBehavior [ RunTime:0.003000s ]
INFO: [ view_parse ] --END-- [ RunTime:0.003000s ]
INFO: [ view_filter ] --START--
INFO: Run Behavior\WriteHtmlCacheBehavior [ RunTime:0.000000s ]
INFO: [ view_filter ] --END-- [ RunTime:0.000000s ]
INFO: [ app_end ] --START--
INFO: Run Behavior\ShowPageTraceBehavior [ RunTime:0.000000s ]
INFO: [ app_end ] --END-- [ RunTime:0.000000s ]

[ 2018-03-15T18:08:49+08:00 ] ::1 /appMusic/index.php/Admin/Login/avatar.html
INFO: [ app_init ] --START--
INFO: Run Behavior\BuildLiteBehavior [ RunTime:0.000000s ]
INFO: [ app_init ] --END-- [ RunTime:0.000000s ]
INFO: [ app_begin ] --START--
INFO: Run Behavior\ReadHtmlCacheBehavior [ RunTime:0.000000s ]
INFO: [ app_begin ] --END-- [ RunTime:0.000000s ]
INFO: [ view_parse ] --START--
INFO: [ template_filter ] --START--
INFO: Run Behavior\ContentReplaceBehavior [ RunTime:0.000000s ]
INFO: [ template_filter ] --END-- [ RunTime:0.000000s ]
INFO: Run Behavior\ParseTemplateBehavior [ RunTime:0.004000s ]
INFO: [ view_parse ] --END-- [ RunTime:0.004000s ]
INFO: [ view_filter ] --START--
INFO: Run Behavior\WriteHtmlCacheBehavior [ RunTime:0.000000s ]
INFO: [ view_filter ] --END-- [ RunTime:0.000000s ]
INFO: [ app_end ] --START--
INFO: Run Behavior\ShowPageTraceBehavior [ RunTime:0.000000s ]
INFO: [ app_end ] --END-- [ RunTime:0.000000s ]

[ 2018-03-15T18:09:56+08:00 ] ::1 /appMusic/index.php/Admin/Login/avatar.html
INFO: [ app_init ] --START--
INFO: Run Behavior\BuildLiteBehavior [ RunTime:0.000000s ]
INFO: [ app_init ] --END-- [ RunTime:0.000000s ]
INFO: [ app_begin ] --START--
INFO: Run Behavior\ReadHtmlCacheBehavior [ RunTime:0.000000s ]
INFO: [ app_begin ] --END-- [ RunTime:0.000000s ]
INFO: [ view_parse ] --START--
INFO: [ template_filter ] --START--
INFO: Run Behavior\ContentReplaceBehavior [ RunTime:0.000000s ]
INFO: [ template_filter ] --END-- [ RunTime:0.000000s ]
INFO: Run Behavior\ParseTemplateBehavior [ RunTime:0.003000s ]
INFO: [ view_parse ] --END-- [ RunTime:0.003000s ]
INFO: [ view_filter ] --START--
INFO: Run Behavior\WriteHtmlCacheBehavior [ RunTime:0.000000s ]
INFO: [ view_filter ] --END-- [ RunTime:0.000000s ]
INFO: [ app_end ] --START--
INFO: Run Behavior\ShowPageTraceBehavior [ RunTime:0.001000s ]
INFO: [ app_end ] --END-- [ RunTime:0.001000s ]

[ 2018-03-15T18:11:38+08:00 ] ::1 /appMusic/index.php/Admin/Login/chkcode.html
INFO: [ app_init ] --START--
INFO: Run Behavior\BuildLiteBehavior [ RunTime:0.000000s ]
INFO: [ app_init ] --END-- [ RunTime:0.000000s ]
INFO: [ app_begin ] --START--
INFO: Run Behavior\ReadHtmlCacheBehavior [ RunTime:0.000000s ]
INFO: [ app_begin ] --END-- [ RunTime:0.000000s ]
INFO: [ app_end ] --START--
INFO: Run Behavior\ShowPageTraceBehavior [ RunTime:0.001000s ]
INFO: [ app_end ] --END-- [ RunTime:0.001000s ]

[ 2018-03-15T18:11:40+08:00 ] ::1 /appMusic/index.php/Admin/Login/avatar.html
INFO: [ app_init ] --START--
INFO: Run Behavior\BuildLiteBehavior [ RunTime:0.000000s ]
INFO: [ app_init ] --END-- [ RunTime:0.000000s ]
INFO: [ app_begin ] --START--
INFO: Run Behavior\ReadHtmlCacheBehavior [ RunTime:0.001000s ]
INFO: [ app_begin ] --END-- [ RunTime:0.001000s ]
INFO: [ view_parse ] --START--
INFO: [ template_filter ] --START--
INFO: Run Behavior\ContentReplaceBehavior [ RunTime:0.000000s ]
INFO: [ template_filter ] --END-- [ RunTime:0.000000s ]
INFO: Run Behavior\ParseTemplateBehavior [ RunTime:0.004000s ]
INFO: [ view_parse ] --END-- [ RunTime:0.004000s ]
INFO: [ view_filter ] --START--
INFO: Run Behavior\WriteHtmlCacheBehavior [ RunTime:0.000000s ]
INFO: [ view_filter ] --END-- [ RunTime:0.000000s ]
INFO: [ app_end ] --START--
INFO: Run Behavior\ShowPageTraceBehavior [ RunTime:0.001000s ]
INFO: [ app_end ] --END-- [ RunTime:0.001000s ]

[ 2018-03-15T18:11:41+08:00 ] ::1 /appMusic/index.php/Admin/Login/avatar.html
INFO: [ app_init ] --START--
INFO: Run Behavior\BuildLiteBehavior [ RunTime:0.000000s ]
INFO: [ app_init ] --END-- [ RunTime:0.000000s ]
INFO: [ app_begin ] --START--
INFO: Run Behavior\ReadHtmlCacheBehavior [ RunTime:0.000000s ]
INFO: [ app_begin ] --END-- [ RunTime:0.000000s ]
INFO: [ view_parse ] --START--
INFO: [ template_filter ] --START--
INFO: Run Behavior\ContentReplaceBehavior [ RunTime:0.000000s ]
INFO: [ template_filter ] --END-- [ RunTime:0.000000s ]
INFO: Run Behavior\ParseTemplateBehavior [ RunTime:0.002000s ]
INFO: [ view_parse ] --END-- [ RunTime:0.002000s ]
INFO: [ view_filter ] --START--
INFO: Run Behavior\WriteHtmlCacheBehavior [ RunTime:0.000000s ]
INFO: [ view_filter ] --END-- [ RunTime:0.000000s ]
INFO: [ app_end ] --START--
INFO: Run Behavior\ShowPageTraceBehavior [ RunTime:0.000000s ]
INFO: [ app_end ] --END-- [ RunTime:0.000000s ]

[ 2018-03-15T18:11:41+08:00 ] ::1 /appMusic/index.php/Admin/Login/avatar.html
INFO: [ app_init ] --START--
INFO: Run Behavior\BuildLiteBehavior [ RunTime:0.000000s ]
INFO: [ app_init ] --END-- [ RunTime:0.000000s ]
INFO: [ app_begin ] --START--
INFO: Run Behavior\ReadHtmlCacheBehavior [ RunTime:0.001000s ]
INFO: [ app_begin ] --END-- [ RunTime:0.001000s ]
INFO: [ view_parse ] --START--
INFO: [ template_filter ] --START--
INFO: Run Behavior\ContentReplaceBehavior [ RunTime:0.000000s ]
INFO: [ template_filter ] --END-- [ RunTime:0.000000s ]
INFO: Run Behavior\ParseTemplateBehavior [ RunTime:0.003000s ]
INFO: [ view_parse ] --END-- [ RunTime:0.003000s ]
INFO: [ view_filter ] --START--
INFO: Run Behavior\WriteHtmlCacheBehavior [ RunTime:0.000000s ]
INFO: [ view_filter ] --END-- [ RunTime:0.000000s ]
INFO: [ app_end ] --START--
INFO: Run Behavior\ShowPageTraceBehavior [ RunTime:0.000000s ]
INFO: [ app_end ] --END-- [ RunTime:0.000000s ]

[ 2018-03-15T18:12:46+08:00 ] ::1 /appMusic/index.php/Admin/Login/avatar.html
INFO: [ app_init ] --START--
INFO: Run Behavior\BuildLiteBehavior [ RunTime:0.000000s ]
INFO: [ app_init ] --END-- [ RunTime:0.000000s ]
INFO: [ app_begin ] --START--
INFO: Run Behavior\ReadHtmlCacheBehavior [ RunTime:0.001000s ]
INFO: [ app_begin ] --END-- [ RunTime:0.001000s ]
INFO: [ view_parse ] --START--
INFO: [ template_filter ] --START--
INFO: Run Behavior\ContentReplaceBehavior [ RunTime:0.000000s ]
INFO: [ template_filter ] --END-- [ RunTime:0.000000s ]
INFO: Run Behavior\ParseTemplateBehavior [ RunTime:0.003000s ]
INFO: [ view_parse ] --END-- [ RunTime:0.003000s ]
INFO: [ view_filter ] --START--
INFO: Run Behavior\WriteHtmlCacheBehavior [ RunTime:0.000000s ]
INFO: [ view_filter ] --END-- [ RunTime:0.000000s ]
INFO: [ app_end ] --START--
INFO: Run Behavior\ShowPageTraceBehavior [ RunTime:0.000000s ]
INFO: [ app_end ] --END-- [ RunTime:0.000000s ]

[ 2018-03-15T18:14:21+08:00 ] ::1 /appMusic/index.php/Admin/Login/avatar.html
INFO: [ app_init ] --START--
INFO: Run Behavior\BuildLiteBehavior [ RunTime:0.000000s ]
INFO: [ app_init ] --END-- [ RunTime:0.000000s ]
INFO: [ app_begin ] --START--
INFO: Run Behavior\ReadHtmlCacheBehavior [ RunTime:0.000000s ]
INFO: [ app_begin ] --END-- [ RunTime:0.001000s ]
INFO: [ view_parse ] --START--
INFO: [ template_filter ] --START--
INFO: Run Behavior\ContentReplaceBehavior [ RunTime:0.000000s ]
INFO: [ template_filter ] --END-- [ RunTime:0.000000s ]
INFO: Run Behavior\ParseTemplateBehavior [ RunTime:0.003000s ]
INFO: [ view_parse ] --END-- [ RunTime:0.003000s ]
INFO: [ view_filter ] --START--
INFO: Run Behavior\WriteHtmlCacheBehavior [ RunTime:0.000000s ]
INFO: [ view_filter ] --END-- [ RunTime:0.000000s ]
INFO: [ app_end ] --START--
INFO: Run Behavior\ShowPageTraceBehavior [ RunTime:0.001000s ]
INFO: [ app_end ] --END-- [ RunTime:0.001000s ]

