[ 2018-03-24T13:24:43+08:00 ] ::1 /appMusic/index.php/Admin/Login/login.html
INFO: [ app_init ] --START--
INFO: Run Behavior\BuildLiteBehavior [ RunTime:0.000000s ]
INFO: [ app_init ] --END-- [ RunTime:0.000000s ]
INFO: [ app_begin ] --START--
INFO: Run Behavior\ReadHtmlCacheBehavior [ RunTime:0.001001s ]
INFO: [ app_begin ] --END-- [ RunTime:0.001001s ]
INFO: [ view_parse ] --START--
INFO: [ template_filter ] --START--
INFO: Run Behavior\ContentReplaceBehavior [ RunTime:0.000000s ]
INFO: [ template_filter ] --END-- [ RunTime:0.000000s ]
INFO: Run Behavior\ParseTemplateBehavior [ RunTime:0.023001s ]
INFO: [ view_parse ] --END-- [ RunTime:0.023001s ]
INFO: [ view_filter ] --START--
INFO: Run Behavior\WriteHtmlCacheBehavior [ RunTime:0.000000s ]
INFO: [ view_filter ] --END-- [ RunTime:0.000000s ]
INFO: [ app_end ] --START--
INFO: Run Behavior\ShowPageTraceBehavior [ RunTime:0.001000s ]
INFO: [ app_end ] --END-- [ RunTime:0.001000s ]

[ 2018-03-24T13:24:43+08:00 ] ::1 /appMusic/index.php/Admin/Login/chkcode.html
INFO: [ app_init ] --START--
INFO: Run Behavior\BuildLiteBehavior [ RunTime:0.000000s ]
INFO: [ app_init ] --END-- [ RunTime:0.001000s ]
INFO: [ app_begin ] --START--
INFO: Run Behavior\ReadHtmlCacheBehavior [ RunTime:0.000000s ]
INFO: [ app_begin ] --END-- [ RunTime:0.000000s ]
INFO: [ app_end ] --START--
INFO: Run Behavior\ShowPageTraceBehavior [ RunTime:0.001000s ]
INFO: [ app_end ] --END-- [ RunTime:0.001000s ]

[ 2018-03-24T13:24:51+08:00 ] ::1 /appMusic/index.php/Admin/Login/login.html
INFO: [ app_init ] --START--
INFO: Run Behavior\BuildLiteBehavior [ RunTime:0.000000s ]
INFO: [ app_init ] --END-- [ RunTime:0.001000s ]
INFO: [ app_begin ] --START--
INFO: Run Behavior\ReadHtmlCacheBehavior [ RunTime:0.001000s ]
INFO: [ app_begin ] --END-- [ RunTime:0.001000s ]
NOTIC: [2048] Declaration of Admin\Model\AdminModel::_before_insert() should be compatible with Think\Model::_before_insert(&$data, $options) D:\phpStudy\PHPTutorial\WWW\appMusic\Application\Admin\Model\AdminModel.class.php 第 11 行.
SQL: SHOW COLUMNS FROM `music_admin` [ RunTime:0.0230s ]
NOTIC: [8] Undefined index: auto D:\phpStudy\PHPTutorial\WWW\appMusic\ThinkPHP\Library\Think\Model.class.php 第 1128 行.
SQL: SELECT * FROM `music_admin` WHERE `username` = 'admin' LIMIT 1   [ RunTime:0.0000s ]
INFO: [ view_parse ] --START--
INFO: [ template_filter ] --START--
INFO: Run Behavior\ContentReplaceBehavior [ RunTime:0.000000s ]
INFO: [ template_filter ] --END-- [ RunTime:0.000000s ]
INFO: Run Behavior\ParseTemplateBehavior [ RunTime:0.013000s ]
INFO: [ view_parse ] --END-- [ RunTime:0.013000s ]
INFO: [ view_filter ] --START--
INFO: Run Behavior\WriteHtmlCacheBehavior [ RunTime:0.000000s ]
INFO: [ view_filter ] --END-- [ RunTime:0.000000s ]

[ 2018-03-24T13:24:52+08:00 ] ::1 /appMusic/index.php/Admin/Index/index.html
INFO: [ app_init ] --START--
INFO: Run Behavior\BuildLiteBehavior [ RunTime:0.000000s ]
INFO: [ app_init ] --END-- [ RunTime:0.000000s ]
INFO: [ app_begin ] --START--
INFO: Run Behavior\ReadHtmlCacheBehavior [ RunTime:0.000000s ]
INFO: [ app_begin ] --END-- [ RunTime:0.000000s ]
INFO: [ view_parse ] --START--
INFO: [ template_filter ] --START--
INFO: Run Behavior\ContentReplaceBehavior [ RunTime:0.000000s ]
INFO: [ template_filter ] --END-- [ RunTime:0.000000s ]
INFO: Run Behavior\ParseTemplateBehavior [ RunTime:0.005000s ]
INFO: [ view_parse ] --END-- [ RunTime:0.005000s ]
INFO: [ view_filter ] --START--
INFO: Run Behavior\WriteHtmlCacheBehavior [ RunTime:0.000000s ]
INFO: [ view_filter ] --END-- [ RunTime:0.000000s ]
INFO: [ app_end ] --START--
INFO: Run Behavior\ShowPageTraceBehavior [ RunTime:0.000000s ]
INFO: [ app_end ] --END-- [ RunTime:0.001000s ]

[ 2018-03-24T13:24:52+08:00 ] ::1 /appMusic/index.php/Admin/images/y.jpg
INFO: [ app_init ] --START--
INFO: Run Behavior\BuildLiteBehavior [ RunTime:0.000000s ]
INFO: [ app_init ] --END-- [ RunTime:0.000000s ]

[ 2018-03-24T13:24:52+08:00 ] ::1 /appMusic/index.php/Admin/Info/info.html
INFO: [ app_init ] --START--
INFO: Run Behavior\BuildLiteBehavior [ RunTime:0.000000s ]
INFO: [ app_init ] --END-- [ RunTime:0.001000s ]
INFO: [ app_begin ] --START--
INFO: Run Behavior\ReadHtmlCacheBehavior [ RunTime:0.001000s ]
INFO: [ app_begin ] --END-- [ RunTime:0.001000s ]
INFO: [ view_parse ] --START--
INFO: [ template_filter ] --START--
INFO: Run Behavior\ContentReplaceBehavior [ RunTime:0.000000s ]
INFO: [ template_filter ] --END-- [ RunTime:0.000000s ]
INFO: Run Behavior\ParseTemplateBehavior [ RunTime:0.004000s ]
INFO: [ view_parse ] --END-- [ RunTime:0.004000s ]
INFO: [ view_filter ] --START--
INFO: Run Behavior\WriteHtmlCacheBehavior [ RunTime:0.000000s ]
INFO: [ view_filter ] --END-- [ RunTime:0.000000s ]
INFO: [ app_end ] --START--
INFO: Run Behavior\ShowPageTraceBehavior [ RunTime:0.000000s ]
INFO: [ app_end ] --END-- [ RunTime:0.000000s ]

[ 2018-03-24T13:24:55+08:00 ] ::1 /appMusic/index.php/Admin/Admin/lst.html
INFO: [ app_init ] --START--
INFO: Run Behavior\BuildLiteBehavior [ RunTime:0.000000s ]
INFO: [ app_init ] --END-- [ RunTime:0.000000s ]
INFO: [ app_begin ] --START--
INFO: Run Behavior\ReadHtmlCacheBehavior [ RunTime:0.001000s ]
INFO: [ app_begin ] --END-- [ RunTime:0.001000s ]
NOTIC: [2048] Declaration of Admin\Model\AdminModel::_before_insert() should be compatible with Think\Model::_before_insert(&$data, $options) D:\phpStudy\PHPTutorial\WWW\appMusic\Application\Admin\Model\AdminModel.class.php 第 11 行.
SQL: SHOW COLUMNS FROM `music_admin` [ RunTime:0.0030s ]
SQL: SELECT COUNT(*) AS tp_count FROM `music_admin` LIMIT 1   [ RunTime:0.0000s ]
SQL: SELECT * FROM `music_admin` LIMIT 0,2   [ RunTime:0.0000s ]
INFO: [ view_parse ] --START--
INFO: [ template_filter ] --START--
INFO: Run Behavior\ContentReplaceBehavior [ RunTime:0.000000s ]
INFO: [ template_filter ] --END-- [ RunTime:0.000000s ]
INFO: Run Behavior\ParseTemplateBehavior [ RunTime:0.005000s ]
INFO: [ view_parse ] --END-- [ RunTime:0.005000s ]
INFO: [ view_filter ] --START--
INFO: Run Behavior\WriteHtmlCacheBehavior [ RunTime:0.000000s ]
INFO: [ view_filter ] --END-- [ RunTime:0.000000s ]
INFO: [ app_end ] --START--
INFO: Run Behavior\ShowPageTraceBehavior [ RunTime:0.001000s ]
INFO: [ app_end ] --END-- [ RunTime:0.001000s ]

[ 2018-03-24T13:24:58+08:00 ] ::1 /appMusic/index.php/Admin/Admin/lst/p/2.html
INFO: [ app_init ] --START--
INFO: Run Behavior\BuildLiteBehavior [ RunTime:0.000000s ]
INFO: [ app_init ] --END-- [ RunTime:0.000000s ]
INFO: [ app_begin ] --START--
INFO: Run Behavior\ReadHtmlCacheBehavior [ RunTime:0.000000s ]
INFO: [ app_begin ] --END-- [ RunTime:0.000000s ]
NOTIC: [2048] Declaration of Admin\Model\AdminModel::_before_insert() should be compatible with Think\Model::_before_insert(&$data, $options) D:\phpStudy\PHPTutorial\WWW\appMusic\Application\Admin\Model\AdminModel.class.php 第 11 行.
SQL: SHOW COLUMNS FROM `music_admin` [ RunTime:0.0030s ]
SQL: SELECT COUNT(*) AS tp_count FROM `music_admin` LIMIT 1   [ RunTime:0.0010s ]
SQL: SELECT * FROM `music_admin` LIMIT 2,2   [ RunTime:0.0000s ]
INFO: [ view_parse ] --START--
INFO: [ template_filter ] --START--
INFO: Run Behavior\ContentReplaceBehavior [ RunTime:0.000000s ]
INFO: [ template_filter ] --END-- [ RunTime:0.000000s ]
INFO: Run Behavior\ParseTemplateBehavior [ RunTime:0.005000s ]
INFO: [ view_parse ] --END-- [ RunTime:0.005000s ]
INFO: [ view_filter ] --START--
INFO: Run Behavior\WriteHtmlCacheBehavior [ RunTime:0.000000s ]
INFO: [ view_filter ] --END-- [ RunTime:0.000000s ]
INFO: [ app_end ] --START--
INFO: Run Behavior\ShowPageTraceBehavior [ RunTime:0.000000s ]
INFO: [ app_end ] --END-- [ RunTime:0.000000s ]

[ 2018-03-24T13:24:59+08:00 ] ::1 /appMusic/index.php/Admin/Admin/lst/p/1.html
INFO: [ app_init ] --START--
INFO: Run Behavior\BuildLiteBehavior [ RunTime:0.000000s ]
INFO: [ app_init ] --END-- [ RunTime:0.000000s ]
INFO: [ app_begin ] --START--
INFO: Run Behavior\ReadHtmlCacheBehavior [ RunTime:0.000000s ]
INFO: [ app_begin ] --END-- [ RunTime:0.000000s ]
NOTIC: [2048] Declaration of Admin\Model\AdminModel::_before_insert() should be compatible with Think\Model::_before_insert(&$data, $options) D:\phpStudy\PHPTutorial\WWW\appMusic\Application\Admin\Model\AdminModel.class.php 第 11 行.
SQL: SHOW COLUMNS FROM `music_admin` [ RunTime:0.0030s ]
SQL: SELECT COUNT(*) AS tp_count FROM `music_admin` LIMIT 1   [ RunTime:0.0000s ]
SQL: SELECT * FROM `music_admin` LIMIT 0,2   [ RunTime:0.0010s ]
INFO: [ view_parse ] --START--
INFO: [ template_filter ] --START--
INFO: Run Behavior\ContentReplaceBehavior [ RunTime:0.001001s ]
INFO: [ template_filter ] --END-- [ RunTime:0.001001s ]
INFO: Run Behavior\ParseTemplateBehavior [ RunTime:0.004001s ]
INFO: [ view_parse ] --END-- [ RunTime:0.004001s ]
INFO: [ view_filter ] --START--
INFO: Run Behavior\WriteHtmlCacheBehavior [ RunTime:0.001000s ]
INFO: [ view_filter ] --END-- [ RunTime:0.001000s ]
INFO: [ app_end ] --START--
INFO: Run Behavior\ShowPageTraceBehavior [ RunTime:0.000000s ]
INFO: [ app_end ] --END-- [ RunTime:0.000000s ]

[ 2018-03-24T13:25:00+08:00 ] ::1 /appMusic/index.php/Admin/User/teaLst.html
INFO: [ app_init ] --START--
INFO: Run Behavior\BuildLiteBehavior [ RunTime:0.000000s ]
INFO: [ app_init ] --END-- [ RunTime:0.001000s ]
INFO: [ app_begin ] --START--
INFO: Run Behavior\ReadHtmlCacheBehavior [ RunTime:0.000000s ]
INFO: [ app_begin ] --END-- [ RunTime:0.001000s ]
SQL: SHOW COLUMNS FROM `music_user` [ RunTime:0.0220s ]
SQL: SHOW COLUMNS FROM `music_teacher` [ RunTime:0.0200s ]
SQL: SELECT COUNT(*) AS tp_count FROM `music_user` WHERE `defaul` = '1' LIMIT 1   [ RunTime:0.0000s ]
SQL: SELECT * FROM `music_user` WHERE `defaul` = '1' ORDER BY id desc LIMIT 0,5   [ RunTime:0.0000s ]
SQL: SELECT * FROM `music_teacher` WHERE `id` = 39 LIMIT 1   [ RunTime:0.0010s ]
SQL: SELECT * FROM `music_teacher` WHERE `id` = 38 LIMIT 1   [ RunTime:0.0010s ]
SQL: SELECT * FROM `music_teacher` WHERE `id` = 21 LIMIT 1   [ RunTime:0.0010s ]
SQL: SELECT * FROM `music_teacher` WHERE `id` = 20 LIMIT 1   [ RunTime:0.0010s ]
SQL: SELECT * FROM `music_teacher` WHERE `id` = 19 LIMIT 1   [ RunTime:0.0000s ]
INFO: [ view_parse ] --START--
INFO: [ template_filter ] --START--
INFO: Run Behavior\ContentReplaceBehavior [ RunTime:0.000000s ]
INFO: [ template_filter ] --END-- [ RunTime:0.000000s ]
INFO: Run Behavior\ParseTemplateBehavior [ RunTime:0.006001s ]
INFO: [ view_parse ] --END-- [ RunTime:0.006001s ]
INFO: [ view_filter ] --START--
INFO: Run Behavior\WriteHtmlCacheBehavior [ RunTime:0.000000s ]
INFO: [ view_filter ] --END-- [ RunTime:0.000000s ]
INFO: [ app_end ] --START--
INFO: Run Behavior\ShowPageTraceBehavior [ RunTime:0.000000s ]
INFO: [ app_end ] --END-- [ RunTime:0.000000s ]

[ 2018-03-24T13:25:18+08:00 ] ::1 /appMusic/index.php/Admin/User/sel/id/39.html
INFO: [ app_init ] --START--
INFO: Run Behavior\BuildLiteBehavior [ RunTime:0.000000s ]
INFO: [ app_init ] --END-- [ RunTime:0.000000s ]
INFO: [ app_begin ] --START--
INFO: Run Behavior\ReadHtmlCacheBehavior [ RunTime:0.001000s ]
INFO: [ app_begin ] --END-- [ RunTime:0.001000s ]
SQL: SHOW COLUMNS FROM `music_user` [ RunTime:0.0030s ]
SQL: SHOW COLUMNS FROM `music_comment` [ RunTime:0.0260s ]
SQL: SELECT COUNT(*) AS tp_count FROM `music_comment` WHERE `teacher_id` = 39 LIMIT 1   [ RunTime:0.0000s ]
SQL: SELECT * FROM `music_comment` WHERE `teacher_id` = 39  [ RunTime:0.0000s ]
SQL: SELECT `name` FROM `music_user` WHERE `id` = 37 LIMIT 1   [ RunTime:0.0000s ]
SQL: SELECT `name` FROM `music_user` WHERE `id` = 37 LIMIT 1   [ RunTime:0.0000s ]
SQL: SELECT `name` FROM `music_user` WHERE `id` = 37 LIMIT 1   [ RunTime:0.0000s ]
SQL: SELECT `name` FROM `music_user` WHERE `id` = 37 LIMIT 1   [ RunTime:0.0000s ]
INFO: [ view_parse ] --START--
INFO: [ template_filter ] --START--
INFO: Run Behavior\ContentReplaceBehavior [ RunTime:0.000000s ]
INFO: [ template_filter ] --END-- [ RunTime:0.000000s ]
INFO: Run Behavior\ParseTemplateBehavior [ RunTime:0.013001s ]
INFO: [ view_parse ] --END-- [ RunTime:0.013001s ]
INFO: [ view_filter ] --START--
INFO: Run Behavior\WriteHtmlCacheBehavior [ RunTime:0.001000s ]
INFO: [ view_filter ] --END-- [ RunTime:0.001000s ]
INFO: [ app_end ] --START--
INFO: Run Behavior\ShowPageTraceBehavior [ RunTime:0.000000s ]
INFO: [ app_end ] --END-- [ RunTime:0.000000s ]

[ 2018-03-24T13:25:22+08:00 ] ::1 /appMusic/index.php/Admin/User/see_video/id/39.html
INFO: [ app_init ] --START--
INFO: Run Behavior\BuildLiteBehavior [ RunTime:0.000000s ]
INFO: [ app_init ] --END-- [ RunTime:0.000000s ]
INFO: [ app_begin ] --START--
INFO: Run Behavior\ReadHtmlCacheBehavior [ RunTime:0.001000s ]
INFO: [ app_begin ] --END-- [ RunTime:0.001000s ]
SQL: SHOW COLUMNS FROM `music_user` [ RunTime:0.0030s ]
SQL: SHOW COLUMNS FROM `music_send_subjects` [ RunTime:0.0250s ]
SQL: SHOW COLUMNS FROM `music_stu_subject` [ RunTime:0.0320s ]
SQL: SELECT * FROM `music_send_subjects` WHERE `teacher_id` = 39  [ RunTime:0.0010s ]
SQL: SELECT * FROM `music_send_subjects` WHERE `teacher_id` = 39 ORDER BY id desc LIMIT 0,5   [ RunTime:0.0000s ]
SQL: SELECT COUNT(*) AS tp_count FROM `music_stu_subject` WHERE `subject_id` = 15 LIMIT 1   [ RunTime:0.0000s ]
SQL: SELECT COUNT(*) AS tp_count FROM `music_stu_subject` WHERE `subject_id` = 14 LIMIT 1   [ RunTime:0.0010s ]
SQL: SELECT COUNT(*) AS tp_count FROM `music_stu_subject` WHERE `subject_id` = 13 LIMIT 1   [ RunTime:0.0000s ]
SQL: SELECT COUNT(*) AS tp_count FROM `music_stu_subject` WHERE `subject_id` = 9 LIMIT 1   [ RunTime:0.0000s ]
SQL: SELECT COUNT(*) AS tp_count FROM `music_stu_subject` WHERE `subject_id` = 3 LIMIT 1   [ RunTime:0.0010s ]
INFO: [ view_parse ] --START--
INFO: [ template_filter ] --START--
INFO: Run Behavior\ContentReplaceBehavior [ RunTime:0.000000s ]
INFO: [ template_filter ] --END-- [ RunTime:0.000000s ]
INFO: Run Behavior\ParseTemplateBehavior [ RunTime:0.005000s ]
INFO: [ view_parse ] --END-- [ RunTime:0.005000s ]
INFO: [ view_filter ] --START--
INFO: Run Behavior\WriteHtmlCacheBehavior [ RunTime:0.000000s ]
INFO: [ view_filter ] --END-- [ RunTime:0.000000s ]
INFO: [ app_end ] --START--
INFO: Run Behavior\ShowPageTraceBehavior [ RunTime:0.001000s ]
INFO: [ app_end ] --END-- [ RunTime:0.001000s ]

[ 2018-03-24T13:25:25+08:00 ] ::1 /appMusic/index.php/Admin/User/sel/id/39.html
INFO: [ app_init ] --START--
INFO: Run Behavior\BuildLiteBehavior [ RunTime:0.000000s ]
INFO: [ app_init ] --END-- [ RunTime:0.000000s ]
INFO: [ app_begin ] --START--
INFO: Run Behavior\ReadHtmlCacheBehavior [ RunTime:0.000000s ]
INFO: [ app_begin ] --END-- [ RunTime:0.000000s ]
SQL: SHOW COLUMNS FROM `music_user` [ RunTime:0.0030s ]
SQL: SHOW COLUMNS FROM `music_comment` [ RunTime:0.0030s ]
SQL: SELECT COUNT(*) AS tp_count FROM `music_comment` WHERE `teacher_id` = 39 LIMIT 1   [ RunTime:0.0000s ]
SQL: SELECT * FROM `music_comment` WHERE `teacher_id` = 39  [ RunTime:0.0000s ]
SQL: SELECT `name` FROM `music_user` WHERE `id` = 37 LIMIT 1   [ RunTime:0.0000s ]
SQL: SELECT `name` FROM `music_user` WHERE `id` = 37 LIMIT 1   [ RunTime:0.0000s ]
SQL: SELECT `name` FROM `music_user` WHERE `id` = 37 LIMIT 1   [ RunTime:0.0010s ]
SQL: SELECT `name` FROM `music_user` WHERE `id` = 37 LIMIT 1   [ RunTime:0.0000s ]
INFO: [ view_parse ] --START--
INFO: [ template_filter ] --START--
INFO: Run Behavior\ContentReplaceBehavior [ RunTime:0.000000s ]
INFO: [ template_filter ] --END-- [ RunTime:0.000000s ]
INFO: Run Behavior\ParseTemplateBehavior [ RunTime:0.005000s ]
INFO: [ view_parse ] --END-- [ RunTime:0.005000s ]
INFO: [ view_filter ] --START--
INFO: Run Behavior\WriteHtmlCacheBehavior [ RunTime:0.000000s ]
INFO: [ view_filter ] --END-- [ RunTime:0.000000s ]
INFO: [ app_end ] --START--
INFO: Run Behavior\ShowPageTraceBehavior [ RunTime:0.000000s ]
INFO: [ app_end ] --END-- [ RunTime:0.000000s ]

[ 2018-03-24T13:27:09+08:00 ] ::1 /appMusic/index.php/Admin/User/teaLst.html
INFO: [ app_init ] --START--
INFO: Run Behavior\BuildLiteBehavior [ RunTime:0.000000s ]
INFO: [ app_init ] --END-- [ RunTime:0.000000s ]
INFO: [ app_begin ] --START--
INFO: Run Behavior\ReadHtmlCacheBehavior [ RunTime:0.000000s ]
INFO: [ app_begin ] --END-- [ RunTime:0.000000s ]
SQL: SHOW COLUMNS FROM `music_user` [ RunTime:0.0030s ]
SQL: SHOW COLUMNS FROM `music_teacher` [ RunTime:0.0030s ]
SQL: SELECT COUNT(*) AS tp_count FROM `music_user` WHERE `defaul` = '1' LIMIT 1   [ RunTime:0.0010s ]
SQL: SELECT * FROM `music_user` WHERE `defaul` = '1' ORDER BY id desc LIMIT 0,5   [ RunTime:0.0000s ]
SQL: SELECT * FROM `music_teacher` WHERE `id` = 39 LIMIT 1   [ RunTime:0.0000s ]
SQL: SELECT * FROM `music_teacher` WHERE `id` = 38 LIMIT 1   [ RunTime:0.0000s ]
SQL: SELECT * FROM `music_teacher` WHERE `id` = 21 LIMIT 1   [ RunTime:0.0000s ]
SQL: SELECT * FROM `music_teacher` WHERE `id` = 20 LIMIT 1   [ RunTime:0.0000s ]
SQL: SELECT * FROM `music_teacher` WHERE `id` = 19 LIMIT 1   [ RunTime:0.0000s ]
INFO: [ view_parse ] --START--
INFO: [ template_filter ] --START--
INFO: Run Behavior\ContentReplaceBehavior [ RunTime:0.000000s ]
INFO: [ template_filter ] --END-- [ RunTime:0.000000s ]
INFO: Run Behavior\ParseTemplateBehavior [ RunTime:0.005000s ]
INFO: [ view_parse ] --END-- [ RunTime:0.005000s ]
INFO: [ view_filter ] --START--
INFO: Run Behavior\WriteHtmlCacheBehavior [ RunTime:0.000000s ]
INFO: [ view_filter ] --END-- [ RunTime:0.000000s ]
INFO: [ app_end ] --START--
INFO: Run Behavior\ShowPageTraceBehavior [ RunTime:0.000000s ]
INFO: [ app_end ] --END-- [ RunTime:0.000000s ]

[ 2018-03-24T13:27:20+08:00 ] ::1 /appMusic/index.php/Admin/User/sel/id/39.html
INFO: [ app_init ] --START--
INFO: Run Behavior\BuildLiteBehavior [ RunTime:0.000000s ]
INFO: [ app_init ] --END-- [ RunTime:0.000000s ]
INFO: [ app_begin ] --START--
INFO: Run Behavior\ReadHtmlCacheBehavior [ RunTime:0.001000s ]
INFO: [ app_begin ] --END-- [ RunTime:0.001000s ]
SQL: SHOW COLUMNS FROM `music_user` [ RunTime:0.0030s ]
SQL: SHOW COLUMNS FROM `music_comment` [ RunTime:0.0030s ]
SQL: SELECT COUNT(*) AS tp_count FROM `music_comment` WHERE `teacher_id` = 39 LIMIT 1   [ RunTime:0.0010s ]
SQL: SELECT * FROM `music_comment` WHERE `teacher_id` = 39  [ RunTime:0.0010s ]
SQL: SELECT `name` FROM `music_user` WHERE `id` = 37 LIMIT 1   [ RunTime:0.0000s ]
SQL: SELECT `name` FROM `music_user` WHERE `id` = 37 LIMIT 1   [ RunTime:0.0000s ]
SQL: SELECT `name` FROM `music_user` WHERE `id` = 37 LIMIT 1   [ RunTime:0.0010s ]
SQL: SELECT `name` FROM `music_user` WHERE `id` = 37 LIMIT 1   [ RunTime:0.0000s ]
INFO: [ view_parse ] --START--
INFO: [ template_filter ] --START--
INFO: Run Behavior\ContentReplaceBehavior [ RunTime:0.000000s ]
INFO: [ template_filter ] --END-- [ RunTime:0.000000s ]
INFO: Run Behavior\ParseTemplateBehavior [ RunTime:0.005000s ]
INFO: [ view_parse ] --END-- [ RunTime:0.005000s ]
INFO: [ view_filter ] --START--
INFO: Run Behavior\WriteHtmlCacheBehavior [ RunTime:0.000000s ]
INFO: [ view_filter ] --END-- [ RunTime:0.000000s ]
INFO: [ app_end ] --START--
INFO: Run Behavior\ShowPageTraceBehavior [ RunTime:0.000000s ]
INFO: [ app_end ] --END-- [ RunTime:0.000000s ]

[ 2018-03-24T13:27:45+08:00 ] ::1 /appMusic/index.php/Admin/User/teaLst.html
INFO: [ app_init ] --START--
INFO: Run Behavior\BuildLiteBehavior [ RunTime:0.000000s ]
INFO: [ app_init ] --END-- [ RunTime:0.000000s ]
INFO: [ app_begin ] --START--
INFO: Run Behavior\ReadHtmlCacheBehavior [ RunTime:0.001000s ]
INFO: [ app_begin ] --END-- [ RunTime:0.001000s ]
SQL: SHOW COLUMNS FROM `music_user` [ RunTime:0.0030s ]
SQL: SHOW COLUMNS FROM `music_teacher` [ RunTime:0.0030s ]
SQL: SELECT COUNT(*) AS tp_count FROM `music_user` WHERE `defaul` = '1' LIMIT 1   [ RunTime:0.0000s ]
SQL: SELECT * FROM `music_user` WHERE `defaul` = '1' ORDER BY id desc LIMIT 0,5   [ RunTime:0.0000s ]
SQL: SELECT * FROM `music_teacher` WHERE `id` = 39 LIMIT 1   [ RunTime:0.0000s ]
SQL: SELECT * FROM `music_teacher` WHERE `id` = 38 LIMIT 1   [ RunTime:0.0000s ]
SQL: SELECT * FROM `music_teacher` WHERE `id` = 21 LIMIT 1   [ RunTime:0.0000s ]
SQL: SELECT * FROM `music_teacher` WHERE `id` = 20 LIMIT 1   [ RunTime:0.0000s ]
SQL: SELECT * FROM `music_teacher` WHERE `id` = 19 LIMIT 1   [ RunTime:0.0000s ]
INFO: [ view_parse ] --START--
INFO: [ template_filter ] --START--
INFO: Run Behavior\ContentReplaceBehavior [ RunTime:0.000000s ]
INFO: [ template_filter ] --END-- [ RunTime:0.000000s ]
INFO: Run Behavior\ParseTemplateBehavior [ RunTime:0.006001s ]
INFO: [ view_parse ] --END-- [ RunTime:0.006001s ]
INFO: [ view_filter ] --START--
INFO: Run Behavior\WriteHtmlCacheBehavior [ RunTime:0.000000s ]
INFO: [ view_filter ] --END-- [ RunTime:0.000000s ]
INFO: [ app_end ] --START--
INFO: Run Behavior\ShowPageTraceBehavior [ RunTime:0.001000s ]
INFO: [ app_end ] --END-- [ RunTime:0.001000s ]

[ 2018-03-24T13:27:47+08:00 ] ::1 /appMusic/index.php/Admin/User/teaLst/p/3.html
INFO: [ app_init ] --START--
INFO: Run Behavior\BuildLiteBehavior [ RunTime:0.000000s ]
INFO: [ app_init ] --END-- [ RunTime:0.000000s ]
INFO: [ app_begin ] --START--
INFO: Run Behavior\ReadHtmlCacheBehavior [ RunTime:0.000000s ]
INFO: [ app_begin ] --END-- [ RunTime:0.000000s ]
SQL: SHOW COLUMNS FROM `music_user` [ RunTime:0.0040s ]
SQL: SHOW COLUMNS FROM `music_teacher` [ RunTime:0.0040s ]
SQL: SELECT COUNT(*) AS tp_count FROM `music_user` WHERE `defaul` = '1' LIMIT 1   [ RunTime:0.0000s ]
SQL: SELECT * FROM `music_user` WHERE `defaul` = '1' ORDER BY id desc LIMIT 10,5   [ RunTime:0.0000s ]
SQL: SELECT * FROM `music_teacher` WHERE `id` = 1 LIMIT 1   [ RunTime:0.0010s ]
INFO: [ view_parse ] --START--
INFO: [ template_filter ] --START--
INFO: Run Behavior\ContentReplaceBehavior [ RunTime:0.000000s ]
INFO: [ template_filter ] --END-- [ RunTime:0.000000s ]
INFO: Run Behavior\ParseTemplateBehavior [ RunTime:0.005000s ]
INFO: [ view_parse ] --END-- [ RunTime:0.005000s ]
INFO: [ view_filter ] --START--
INFO: Run Behavior\WriteHtmlCacheBehavior [ RunTime:0.000000s ]
INFO: [ view_filter ] --END-- [ RunTime:0.000000s ]
INFO: [ app_end ] --START--
INFO: Run Behavior\ShowPageTraceBehavior [ RunTime:0.001000s ]
INFO: [ app_end ] --END-- [ RunTime:0.001000s ]

[ 2018-03-24T13:27:49+08:00 ] ::1 /appMusic/index.php/Admin/User/sel/id/1.html
INFO: [ app_init ] --START--
INFO: Run Behavior\BuildLiteBehavior [ RunTime:0.000000s ]
INFO: [ app_init ] --END-- [ RunTime:0.000000s ]
INFO: [ app_begin ] --START--
INFO: Run Behavior\ReadHtmlCacheBehavior [ RunTime:0.000000s ]
INFO: [ app_begin ] --END-- [ RunTime:0.000000s ]
SQL: SHOW COLUMNS FROM `music_user` [ RunTime:0.0030s ]
SQL: SHOW COLUMNS FROM `music_comment` [ RunTime:0.0030s ]
SQL: SELECT COUNT(*) AS tp_count FROM `music_comment` WHERE `teacher_id` = 1 LIMIT 1   [ RunTime:0.0010s ]
SQL: SELECT * FROM `music_comment` WHERE `teacher_id` = 1  [ RunTime:0.0010s ]
SQL: SELECT `name` FROM `music_user` WHERE `id` = 1 LIMIT 1   [ RunTime:0.0000s ]
SQL: SELECT `name` FROM `music_user` WHERE `id` = 37 LIMIT 1   [ RunTime:0.0000s ]
INFO: [ view_parse ] --START--
INFO: [ template_filter ] --START--
INFO: Run Behavior\ContentReplaceBehavior [ RunTime:0.000000s ]
INFO: [ template_filter ] --END-- [ RunTime:0.000000s ]
INFO: Run Behavior\ParseTemplateBehavior [ RunTime:0.005000s ]
INFO: [ view_parse ] --END-- [ RunTime:0.005000s ]
INFO: [ view_filter ] --START--
INFO: Run Behavior\WriteHtmlCacheBehavior [ RunTime:0.000000s ]
INFO: [ view_filter ] --END-- [ RunTime:0.000000s ]
INFO: [ app_end ] --START--
INFO: Run Behavior\ShowPageTraceBehavior [ RunTime:0.000000s ]
INFO: [ app_end ] --END-- [ RunTime:0.000000s ]

[ 2018-03-24T13:27:52+08:00 ] ::1 /appMusic/index.php/Admin/User/del_com_teacher/id/1.html
INFO: [ app_init ] --START--
INFO: Run Behavior\BuildLiteBehavior [ RunTime:0.000000s ]
INFO: [ app_init ] --END-- [ RunTime:0.001000s ]
INFO: [ app_begin ] --START--
INFO: Run Behavior\ReadHtmlCacheBehavior [ RunTime:0.001001s ]
INFO: [ app_begin ] --END-- [ RunTime:0.001001s ]
SQL: SHOW COLUMNS FROM `music_comment` [ RunTime:0.0030s ]
SQL: DELETE FROM `music_comment` WHERE `id` = 1 [ RunTime:0.0360s ]
INFO: [ view_parse ] --START--
INFO: [ template_filter ] --START--
INFO: Run Behavior\ContentReplaceBehavior [ RunTime:0.000000s ]
INFO: [ template_filter ] --END-- [ RunTime:0.000000s ]
INFO: Run Behavior\ParseTemplateBehavior [ RunTime:0.003000s ]
INFO: [ view_parse ] --END-- [ RunTime:0.003000s ]
INFO: [ view_filter ] --START--
INFO: Run Behavior\WriteHtmlCacheBehavior [ RunTime:0.001000s ]
INFO: [ view_filter ] --END-- [ RunTime:0.001000s ]
INFO: [ app_end ] --START--
INFO: Run Behavior\ShowPageTraceBehavior [ RunTime:0.000000s ]
INFO: [ app_end ] --END-- [ RunTime:0.000000s ]

[ 2018-03-24T13:27:53+08:00 ] ::1 /appMusic/index.php/Admin/User/sel.html
INFO: [ app_init ] --START--
INFO: Run Behavior\BuildLiteBehavior [ RunTime:0.000000s ]
INFO: [ app_init ] --END-- [ RunTime:0.000000s ]
INFO: [ app_begin ] --START--
INFO: Run Behavior\ReadHtmlCacheBehavior [ RunTime:0.001000s ]
INFO: [ app_begin ] --END-- [ RunTime:0.001000s ]
SQL: SHOW COLUMNS FROM `music_user` [ RunTime:0.0030s ]
SQL: SHOW COLUMNS FROM `music_comment` [ RunTime:0.0030s ]
SQL: SELECT COUNT(*) AS tp_count FROM `music_comment` WHERE `teacher_id` = 0 LIMIT 1   [ RunTime:0.0000s ]
SQL: SELECT * FROM `music_comment` WHERE `teacher_id` = 0  [ RunTime:0.0000s ]
INFO: [ view_parse ] --START--
INFO: [ template_filter ] --START--
INFO: Run Behavior\ContentReplaceBehavior [ RunTime:0.000000s ]
INFO: [ template_filter ] --END-- [ RunTime:0.000000s ]
INFO: Run Behavior\ParseTemplateBehavior [ RunTime:0.005000s ]
INFO: [ view_parse ] --END-- [ RunTime:0.005000s ]
INFO: [ view_filter ] --START--
INFO: Run Behavior\WriteHtmlCacheBehavior [ RunTime:0.000000s ]
INFO: [ view_filter ] --END-- [ RunTime:0.000000s ]
INFO: [ app_end ] --START--
INFO: Run Behavior\ShowPageTraceBehavior [ RunTime:0.001000s ]
INFO: [ app_end ] --END-- [ RunTime:0.001000s ]

[ 2018-03-24T13:28:24+08:00 ] ::1 /appMusic/index.php/Admin/User/sel.html
INFO: [ app_init ] --START--
INFO: Run Behavior\BuildLiteBehavior [ RunTime:0.000000s ]
INFO: [ app_init ] --END-- [ RunTime:0.000000s ]
INFO: [ app_begin ] --START--
INFO: Run Behavior\ReadHtmlCacheBehavior [ RunTime:0.000000s ]
INFO: [ app_begin ] --END-- [ RunTime:0.000000s ]
SQL: SHOW COLUMNS FROM `music_user` [ RunTime:0.0030s ]
SQL: SHOW COLUMNS FROM `music_comment` [ RunTime:0.0030s ]
SQL: SELECT COUNT(*) AS tp_count FROM `music_comment` WHERE `teacher_id` = 0 LIMIT 1   [ RunTime:0.0000s ]
SQL: SELECT * FROM `music_comment` WHERE `teacher_id` = 0  [ RunTime:0.0000s ]
INFO: [ view_parse ] --START--
INFO: [ template_filter ] --START--
INFO: Run Behavior\ContentReplaceBehavior [ RunTime:0.000000s ]
INFO: [ template_filter ] --END-- [ RunTime:0.000000s ]
INFO: Run Behavior\ParseTemplateBehavior [ RunTime:0.005001s ]
INFO: [ view_parse ] --END-- [ RunTime:0.005001s ]
INFO: [ view_filter ] --START--
INFO: Run Behavior\WriteHtmlCacheBehavior [ RunTime:0.000000s ]
INFO: [ view_filter ] --END-- [ RunTime:0.000000s ]
INFO: [ app_end ] --START--
INFO: Run Behavior\ShowPageTraceBehavior [ RunTime:0.001000s ]
INFO: [ app_end ] --END-- [ RunTime:0.001000s ]

[ 2018-03-24T13:28:26+08:00 ] ::1 /appMusic/index.php/Admin/User/teaLst.html
INFO: [ app_init ] --START--
INFO: Run Behavior\BuildLiteBehavior [ RunTime:0.000000s ]
INFO: [ app_init ] --END-- [ RunTime:0.000000s ]
INFO: [ app_begin ] --START--
INFO: Run Behavior\ReadHtmlCacheBehavior [ RunTime:0.000000s ]
INFO: [ app_begin ] --END-- [ RunTime:0.000000s ]
SQL: SHOW COLUMNS FROM `music_user` [ RunTime:0.0030s ]
SQL: SHOW COLUMNS FROM `music_teacher` [ RunTime:0.0020s ]
SQL: SELECT COUNT(*) AS tp_count FROM `music_user` WHERE `defaul` = '1' LIMIT 1   [ RunTime:0.0000s ]
SQL: SELECT * FROM `music_user` WHERE `defaul` = '1' ORDER BY id desc LIMIT 0,5   [ RunTime:0.0000s ]
SQL: SELECT * FROM `music_teacher` WHERE `id` = 39 LIMIT 1   [ RunTime:0.0000s ]
SQL: SELECT * FROM `music_teacher` WHERE `id` = 38 LIMIT 1   [ RunTime:0.0010s ]
SQL: SELECT * FROM `music_teacher` WHERE `id` = 21 LIMIT 1   [ RunTime:0.0000s ]
SQL: SELECT * FROM `music_teacher` WHERE `id` = 20 LIMIT 1   [ RunTime:0.0000s ]
SQL: SELECT * FROM `music_teacher` WHERE `id` = 19 LIMIT 1   [ RunTime:0.0000s ]
INFO: [ view_parse ] --START--
INFO: [ template_filter ] --START--
INFO: Run Behavior\ContentReplaceBehavior [ RunTime:0.000000s ]
INFO: [ template_filter ] --END-- [ RunTime:0.000000s ]
INFO: Run Behavior\ParseTemplateBehavior [ RunTime:0.005000s ]
INFO: [ view_parse ] --END-- [ RunTime:0.005000s ]
INFO: [ view_filter ] --START--
INFO: Run Behavior\WriteHtmlCacheBehavior [ RunTime:0.001000s ]
INFO: [ view_filter ] --END-- [ RunTime:0.001000s ]
INFO: [ app_end ] --START--
INFO: Run Behavior\ShowPageTraceBehavior [ RunTime:0.000000s ]
INFO: [ app_end ] --END-- [ RunTime:0.000000s ]

[ 2018-03-24T13:28:29+08:00 ] ::1 /appMusic/index.php/Admin/User/sel/id/39.html
INFO: [ app_init ] --START--
INFO: Run Behavior\BuildLiteBehavior [ RunTime:0.000000s ]
INFO: [ app_init ] --END-- [ RunTime:0.000000s ]
INFO: [ app_begin ] --START--
INFO: Run Behavior\ReadHtmlCacheBehavior [ RunTime:0.000000s ]
INFO: [ app_begin ] --END-- [ RunTime:0.000000s ]
SQL: SHOW COLUMNS FROM `music_user` [ RunTime:0.0030s ]
SQL: SHOW COLUMNS FROM `music_comment` [ RunTime:0.0030s ]
SQL: SELECT COUNT(*) AS tp_count FROM `music_comment` WHERE `teacher_id` = 39 LIMIT 1   [ RunTime:0.0000s ]
SQL: SELECT * FROM `music_comment` WHERE `teacher_id` = 39  [ RunTime:0.0000s ]
SQL: SELECT `name` FROM `music_user` WHERE `id` = 37 LIMIT 1   [ RunTime:0.0000s ]
SQL: SELECT `name` FROM `music_user` WHERE `id` = 37 LIMIT 1   [ RunTime:0.0000s ]
SQL: SELECT `name` FROM `music_user` WHERE `id` = 37 LIMIT 1   [ RunTime:0.0000s ]
SQL: SELECT `name` FROM `music_user` WHERE `id` = 37 LIMIT 1   [ RunTime:0.0000s ]
INFO: [ view_parse ] --START--
INFO: [ template_filter ] --START--
INFO: Run Behavior\ContentReplaceBehavior [ RunTime:0.000000s ]
INFO: [ template_filter ] --END-- [ RunTime:0.000000s ]
INFO: Run Behavior\ParseTemplateBehavior [ RunTime:0.005000s ]
INFO: [ view_parse ] --END-- [ RunTime:0.005000s ]
INFO: [ view_filter ] --START--
INFO: Run Behavior\WriteHtmlCacheBehavior [ RunTime:0.000000s ]
INFO: [ view_filter ] --END-- [ RunTime:0.000000s ]
INFO: [ app_end ] --START--
INFO: Run Behavior\ShowPageTraceBehavior [ RunTime:0.001001s ]
INFO: [ app_end ] --END-- [ RunTime:0.001001s ]

[ 2018-03-24T13:28:36+08:00 ] ::1 /appMusic/index.php/Admin/User/del_com_teacher/id/6.html
INFO: [ app_init ] --START--
INFO: Run Behavior\BuildLiteBehavior [ RunTime:0.000000s ]
INFO: [ app_init ] --END-- [ RunTime:0.000000s ]
INFO: [ app_begin ] --START--
INFO: Run Behavior\ReadHtmlCacheBehavior [ RunTime:0.001000s ]
INFO: [ app_begin ] --END-- [ RunTime:0.001000s ]
SQL: SHOW COLUMNS FROM `music_comment` [ RunTime:0.0030s ]
SQL: DELETE FROM `music_comment` WHERE `id` = 6 [ RunTime:0.0330s ]
INFO: [ view_parse ] --START--
INFO: [ template_filter ] --START--
INFO: Run Behavior\ContentReplaceBehavior [ RunTime:0.000000s ]
INFO: [ template_filter ] --END-- [ RunTime:0.000000s ]
INFO: Run Behavior\ParseTemplateBehavior [ RunTime:0.004001s ]
INFO: [ view_parse ] --END-- [ RunTime:0.004001s ]
INFO: [ view_filter ] --START--
INFO: Run Behavior\WriteHtmlCacheBehavior [ RunTime:0.000000s ]
INFO: [ view_filter ] --END-- [ RunTime:0.000000s ]
INFO: [ app_end ] --START--
INFO: Run Behavior\ShowPageTraceBehavior [ RunTime:0.001000s ]
INFO: [ app_end ] --END-- [ RunTime:0.001000s ]

[ 2018-03-24T13:28:37+08:00 ] ::1 /appMusic/index.php/Admin/User/sel/id/6.html
INFO: [ app_init ] --START--
INFO: Run Behavior\BuildLiteBehavior [ RunTime:0.000000s ]
INFO: [ app_init ] --END-- [ RunTime:0.000000s ]
INFO: [ app_begin ] --START--
INFO: Run Behavior\ReadHtmlCacheBehavior [ RunTime:0.000000s ]
INFO: [ app_begin ] --END-- [ RunTime:0.000000s ]
SQL: SHOW COLUMNS FROM `music_user` [ RunTime:0.0030s ]
SQL: SHOW COLUMNS FROM `music_comment` [ RunTime:0.0030s ]
SQL: SELECT COUNT(*) AS tp_count FROM `music_comment` WHERE `teacher_id` = 6 LIMIT 1   [ RunTime:0.0010s ]
SQL: SELECT * FROM `music_comment` WHERE `teacher_id` = 6  [ RunTime:0.0000s ]
INFO: [ view_parse ] --START--
INFO: [ template_filter ] --START--
INFO: Run Behavior\ContentReplaceBehavior [ RunTime:0.000000s ]
INFO: [ template_filter ] --END-- [ RunTime:0.000000s ]
INFO: Run Behavior\ParseTemplateBehavior [ RunTime:0.004000s ]
INFO: [ view_parse ] --END-- [ RunTime:0.004000s ]
INFO: [ view_filter ] --START--
INFO: Run Behavior\WriteHtmlCacheBehavior [ RunTime:0.001000s ]
INFO: [ view_filter ] --END-- [ RunTime:0.001000s ]
INFO: [ app_end ] --START--
INFO: Run Behavior\ShowPageTraceBehavior [ RunTime:0.000000s ]
INFO: [ app_end ] --END-- [ RunTime:0.000000s ]

[ 2018-03-24T15:47:29+08:00 ] ::1 /appMusic/index.php/Admin/User/teaLst.html
INFO: [ app_init ] --START--
INFO: Run Behavior\BuildLiteBehavior [ RunTime:0.000000s ]
INFO: [ app_init ] --END-- [ RunTime:0.001000s ]
INFO: [ app_begin ] --START--
INFO: Run Behavior\ReadHtmlCacheBehavior [ RunTime:0.001000s ]
INFO: [ app_begin ] --END-- [ RunTime:0.001000s ]
SQL: SHOW COLUMNS FROM `music_user` [ RunTime:0.0020s ]
SQL: SHOW COLUMNS FROM `music_teacher` [ RunTime:0.0020s ]
SQL: SELECT COUNT(*) AS tp_count FROM `music_user` WHERE `defaul` = '1' LIMIT 1   [ RunTime:0.0010s ]
SQL: SELECT * FROM `music_user` WHERE `defaul` = '1' ORDER BY id desc LIMIT 0,5   [ RunTime:0.0000s ]
SQL: SELECT * FROM `music_teacher` WHERE `id` = 39 LIMIT 1   [ RunTime:0.0000s ]
SQL: SELECT * FROM `music_teacher` WHERE `id` = 38 LIMIT 1   [ RunTime:0.0000s ]
SQL: SELECT * FROM `music_teacher` WHERE `id` = 21 LIMIT 1   [ RunTime:0.0000s ]
SQL: SELECT * FROM `music_teacher` WHERE `id` = 20 LIMIT 1   [ RunTime:0.0000s ]
SQL: SELECT * FROM `music_teacher` WHERE `id` = 19 LIMIT 1   [ RunTime:0.0000s ]
INFO: [ view_parse ] --START--
INFO: [ template_filter ] --START--
INFO: Run Behavior\ContentReplaceBehavior [ RunTime:0.000000s ]
INFO: [ template_filter ] --END-- [ RunTime:0.000000s ]
INFO: Run Behavior\ParseTemplateBehavior [ RunTime:0.006000s ]
INFO: [ view_parse ] --END-- [ RunTime:0.006000s ]
INFO: [ view_filter ] --START--
INFO: Run Behavior\WriteHtmlCacheBehavior [ RunTime:0.000000s ]
INFO: [ view_filter ] --END-- [ RunTime:0.000000s ]
INFO: [ app_end ] --START--
INFO: Run Behavior\ShowPageTraceBehavior [ RunTime:0.001000s ]
INFO: [ app_end ] --END-- [ RunTime:0.001000s ]

[ 2018-03-24T15:47:32+08:00 ] ::1 /appMusic/index.php/Admin/User/sel/id/39.html
INFO: [ app_init ] --START--
INFO: Run Behavior\BuildLiteBehavior [ RunTime:0.000000s ]
INFO: [ app_init ] --END-- [ RunTime:0.000000s ]
INFO: [ app_begin ] --START--
INFO: Run Behavior\ReadHtmlCacheBehavior [ RunTime:0.000000s ]
INFO: [ app_begin ] --END-- [ RunTime:0.000000s ]
SQL: SHOW COLUMNS FROM `music_user` [ RunTime:0.0030s ]
SQL: SHOW COLUMNS FROM `music_comment` [ RunTime:0.0030s ]
SQL: SELECT COUNT(*) AS tp_count FROM `music_comment` WHERE `teacher_id` = 39 LIMIT 1   [ RunTime:0.0000s ]
SQL: SELECT * FROM `music_comment` WHERE `teacher_id` = 39  [ RunTime:0.0010s ]
SQL: SELECT `name` FROM `music_user` WHERE `id` = 37 LIMIT 1   [ RunTime:0.0000s ]
SQL: SELECT `name` FROM `music_user` WHERE `id` = 37 LIMIT 1   [ RunTime:0.0000s ]
SQL: SELECT `name` FROM `music_user` WHERE `id` = 37 LIMIT 1   [ RunTime:0.0010s ]
INFO: [ view_parse ] --START--
INFO: [ template_filter ] --START--
INFO: Run Behavior\ContentReplaceBehavior [ RunTime:0.000000s ]
INFO: [ template_filter ] --END-- [ RunTime:0.000000s ]
INFO: Run Behavior\ParseTemplateBehavior [ RunTime:0.005000s ]
INFO: [ view_parse ] --END-- [ RunTime:0.005000s ]
INFO: [ view_filter ] --START--
INFO: Run Behavior\WriteHtmlCacheBehavior [ RunTime:0.000000s ]
INFO: [ view_filter ] --END-- [ RunTime:0.000000s ]
INFO: [ app_end ] --START--
INFO: Run Behavior\ShowPageTraceBehavior [ RunTime:0.001001s ]
INFO: [ app_end ] --END-- [ RunTime:0.001001s ]

[ 2018-03-24T15:47:35+08:00 ] ::1 /appMusic/index.php/Admin/User/del_com_teacher/id/5.html
INFO: [ app_init ] --START--
INFO: Run Behavior\BuildLiteBehavior [ RunTime:0.000000s ]
INFO: [ app_init ] --END-- [ RunTime:0.000000s ]
INFO: [ app_begin ] --START--
INFO: Run Behavior\ReadHtmlCacheBehavior [ RunTime:0.000000s ]
INFO: [ app_begin ] --END-- [ RunTime:0.000000s ]
SQL: SHOW COLUMNS FROM `music_comment` [ RunTime:0.0030s ]
SQL: DELETE FROM `music_comment` WHERE `id` = 5 [ RunTime:0.0440s ]
INFO: [ view_parse ] --START--
INFO: [ template_filter ] --START--
INFO: Run Behavior\ContentReplaceBehavior [ RunTime:0.000000s ]
INFO: [ template_filter ] --END-- [ RunTime:0.000000s ]
INFO: Run Behavior\ParseTemplateBehavior [ RunTime:0.004000s ]
INFO: [ view_parse ] --END-- [ RunTime:0.004000s ]
INFO: [ view_filter ] --START--
INFO: Run Behavior\WriteHtmlCacheBehavior [ RunTime:0.000000s ]
INFO: [ view_filter ] --END-- [ RunTime:0.000000s ]
INFO: [ app_end ] --START--
INFO: Run Behavior\ShowPageTraceBehavior [ RunTime:0.001000s ]
INFO: [ app_end ] --END-- [ RunTime:0.001000s ]

[ 2018-03-24T15:49:23+08:00 ] ::1 /appMusic/index.php/Admin/User/teaLst.html
INFO: [ app_init ] --START--
INFO: Run Behavior\BuildLiteBehavior [ RunTime:0.000000s ]
INFO: [ app_init ] --END-- [ RunTime:0.000000s ]
INFO: [ app_begin ] --START--
INFO: Run Behavior\ReadHtmlCacheBehavior [ RunTime:0.000000s ]
INFO: [ app_begin ] --END-- [ RunTime:0.000000s ]
SQL: SHOW COLUMNS FROM `music_user` [ RunTime:0.0040s ]
SQL: SHOW COLUMNS FROM `music_teacher` [ RunTime:0.0030s ]
SQL: SELECT COUNT(*) AS tp_count FROM `music_user` WHERE `defaul` = '1' LIMIT 1   [ RunTime:0.0000s ]
SQL: SELECT * FROM `music_user` WHERE `defaul` = '1' ORDER BY id desc LIMIT 0,5   [ RunTime:0.0000s ]
SQL: SELECT * FROM `music_teacher` WHERE `id` = 39 LIMIT 1   [ RunTime:0.0010s ]
SQL: SELECT * FROM `music_teacher` WHERE `id` = 38 LIMIT 1   [ RunTime:0.0000s ]
SQL: SELECT * FROM `music_teacher` WHERE `id` = 21 LIMIT 1   [ RunTime:0.0000s ]
SQL: SELECT * FROM `music_teacher` WHERE `id` = 20 LIMIT 1   [ RunTime:0.0000s ]
SQL: SELECT * FROM `music_teacher` WHERE `id` = 19 LIMIT 1   [ RunTime:0.0000s ]
INFO: [ view_parse ] --START--
INFO: [ template_filter ] --START--
INFO: Run Behavior\ContentReplaceBehavior [ RunTime:0.000000s ]
INFO: [ template_filter ] --END-- [ RunTime:0.000000s ]
INFO: Run Behavior\ParseTemplateBehavior [ RunTime:0.005000s ]
INFO: [ view_parse ] --END-- [ RunTime:0.005000s ]
INFO: [ view_filter ] --START--
INFO: Run Behavior\WriteHtmlCacheBehavior [ RunTime:0.001000s ]
INFO: [ view_filter ] --END-- [ RunTime:0.001000s ]
INFO: [ app_end ] --START--
INFO: Run Behavior\ShowPageTraceBehavior [ RunTime:0.000000s ]
INFO: [ app_end ] --END-- [ RunTime:0.000000s ]

[ 2018-03-24T15:49:26+08:00 ] ::1 /appMusic/index.php/Admin/User/sel/id/39.html
INFO: [ app_init ] --START--
INFO: Run Behavior\BuildLiteBehavior [ RunTime:0.000000s ]
INFO: [ app_init ] --END-- [ RunTime:0.001000s ]
INFO: [ app_begin ] --START--
INFO: Run Behavior\ReadHtmlCacheBehavior [ RunTime:0.000000s ]
INFO: [ app_begin ] --END-- [ RunTime:0.000000s ]
SQL: SHOW COLUMNS FROM `music_user` [ RunTime:0.0030s ]
SQL: SHOW COLUMNS FROM `music_comment` [ RunTime:0.0030s ]
SQL: SELECT COUNT(*) AS tp_count FROM `music_comment` WHERE `teacher_id` = 39 LIMIT 1   [ RunTime:0.0000s ]
SQL: SELECT * FROM `music_comment` WHERE `teacher_id` = 39  [ RunTime:0.0010s ]
SQL: SELECT `name` FROM `music_user` WHERE `id` = 37 LIMIT 1   [ RunTime:0.0000s ]
SQL: SELECT `name` FROM `music_user` WHERE `id` = 37 LIMIT 1   [ RunTime:0.0000s ]
INFO: [ view_parse ] --START--
INFO: [ template_filter ] --START--
INFO: Run Behavior\ContentReplaceBehavior [ RunTime:0.000000s ]
INFO: [ template_filter ] --END-- [ RunTime:0.000000s ]
INFO: Run Behavior\ParseTemplateBehavior [ RunTime:0.004000s ]
INFO: [ view_parse ] --END-- [ RunTime:0.005000s ]
INFO: [ view_filter ] --START--
INFO: Run Behavior\WriteHtmlCacheBehavior [ RunTime:0.000000s ]
INFO: [ view_filter ] --END-- [ RunTime:0.000000s ]
INFO: [ app_end ] --START--
INFO: Run Behavior\ShowPageTraceBehavior [ RunTime:0.001000s ]
INFO: [ app_end ] --END-- [ RunTime:0.001000s ]

[ 2018-03-24T15:49:32+08:00 ] ::1 /appMusic/index.php/Admin/User/del_com_teacher/id/4.html
INFO: [ app_init ] --START--
INFO: Run Behavior\BuildLiteBehavior [ RunTime:0.000000s ]
INFO: [ app_init ] --END-- [ RunTime:0.001000s ]
INFO: [ app_begin ] --START--
INFO: Run Behavior\ReadHtmlCacheBehavior [ RunTime:0.001001s ]
INFO: [ app_begin ] --END-- [ RunTime:0.001001s ]
SQL: SHOW COLUMNS FROM `music_comment` [ RunTime:0.0020s ]
SQL: DELETE FROM `music_comment` WHERE `id` = 4 [ RunTime:0.0530s ]
INFO: [ view_parse ] --START--
INFO: [ template_filter ] --START--
INFO: Run Behavior\ContentReplaceBehavior [ RunTime:0.000000s ]
INFO: [ template_filter ] --END-- [ RunTime:0.000000s ]
INFO: Run Behavior\ParseTemplateBehavior [ RunTime:0.004000s ]
INFO: [ view_parse ] --END-- [ RunTime:0.004000s ]
INFO: [ view_filter ] --START--
INFO: Run Behavior\WriteHtmlCacheBehavior [ RunTime:0.000000s ]
INFO: [ view_filter ] --END-- [ RunTime:0.000000s ]
INFO: [ app_end ] --START--
INFO: Run Behavior\ShowPageTraceBehavior [ RunTime:0.000000s ]
INFO: [ app_end ] --END-- [ RunTime:0.000000s ]

[ 2018-03-24T15:49:33+08:00 ] ::1 /appMusic/index.php/Admin/User/sel.html
INFO: [ app_init ] --START--
INFO: Run Behavior\BuildLiteBehavior [ RunTime:0.000000s ]
INFO: [ app_init ] --END-- [ RunTime:0.000000s ]
INFO: [ app_begin ] --START--
INFO: Run Behavior\ReadHtmlCacheBehavior [ RunTime:0.000000s ]
INFO: [ app_begin ] --END-- [ RunTime:0.000000s ]
SQL: SHOW COLUMNS FROM `music_user` [ RunTime:0.0030s ]
SQL: SHOW COLUMNS FROM `music_comment` [ RunTime:0.0030s ]
SQL: SELECT COUNT(*) AS tp_count FROM `music_comment` WHERE `teacher_id` = 0 LIMIT 1   [ RunTime:0.0000s ]
SQL: SELECT * FROM `music_comment` WHERE `teacher_id` = 0  [ RunTime:0.0000s ]
INFO: [ view_parse ] --START--
INFO: [ template_filter ] --START--
INFO: Run Behavior\ContentReplaceBehavior [ RunTime:0.001000s ]
INFO: [ template_filter ] --END-- [ RunTime:0.001000s ]
INFO: Run Behavior\ParseTemplateBehavior [ RunTime:0.005000s ]
INFO: [ view_parse ] --END-- [ RunTime:0.005000s ]
INFO: [ view_filter ] --START--
INFO: Run Behavior\WriteHtmlCacheBehavior [ RunTime:0.000000s ]
INFO: [ view_filter ] --END-- [ RunTime:0.000000s ]
INFO: [ app_end ] --START--
INFO: Run Behavior\ShowPageTraceBehavior [ RunTime:0.000000s ]
INFO: [ app_end ] --END-- [ RunTime:0.000000s ]

[ 2018-03-24T15:49:46+08:00 ] ::1 /appMusic/index.php/Admin/User/teaLst.html
INFO: [ app_init ] --START--
INFO: Run Behavior\BuildLiteBehavior [ RunTime:0.000000s ]
INFO: [ app_init ] --END-- [ RunTime:0.001000s ]
INFO: [ app_begin ] --START--
INFO: Run Behavior\ReadHtmlCacheBehavior [ RunTime:0.000000s ]
INFO: [ app_begin ] --END-- [ RunTime:0.000000s ]
SQL: SHOW COLUMNS FROM `music_user` [ RunTime:0.0030s ]
SQL: SHOW COLUMNS FROM `music_teacher` [ RunTime:0.0020s ]
SQL: SELECT COUNT(*) AS tp_count FROM `music_user` WHERE `defaul` = '1' LIMIT 1   [ RunTime:0.0010s ]
SQL: SELECT * FROM `music_user` WHERE `defaul` = '1' ORDER BY id desc LIMIT 0,5   [ RunTime:0.0010s ]
SQL: SELECT * FROM `music_teacher` WHERE `id` = 39 LIMIT 1   [ RunTime:0.0000s ]
SQL: SELECT * FROM `music_teacher` WHERE `id` = 38 LIMIT 1   [ RunTime:0.0000s ]
SQL: SELECT * FROM `music_teacher` WHERE `id` = 21 LIMIT 1   [ RunTime:0.0010s ]
SQL: SELECT * FROM `music_teacher` WHERE `id` = 20 LIMIT 1   [ RunTime:0.0000s ]
SQL: SELECT * FROM `music_teacher` WHERE `id` = 19 LIMIT 1   [ RunTime:0.0000s ]
INFO: [ view_parse ] --START--
INFO: [ template_filter ] --START--
INFO: Run Behavior\ContentReplaceBehavior [ RunTime:0.000000s ]
INFO: [ template_filter ] --END-- [ RunTime:0.000000s ]
INFO: Run Behavior\ParseTemplateBehavior [ RunTime:0.006001s ]
INFO: [ view_parse ] --END-- [ RunTime:0.006001s ]
INFO: [ view_filter ] --START--
INFO: Run Behavior\WriteHtmlCacheBehavior [ RunTime:0.000000s ]
INFO: [ view_filter ] --END-- [ RunTime:0.000000s ]
INFO: [ app_end ] --START--
INFO: Run Behavior\ShowPageTraceBehavior [ RunTime:0.000000s ]
INFO: [ app_end ] --END-- [ RunTime:0.000000s ]

[ 2018-03-24T15:50:55+08:00 ] ::1 /appMusic/index.php/Admin/User/teaLst.html
INFO: [ app_init ] --START--
INFO: Run Behavior\BuildLiteBehavior [ RunTime:0.000000s ]
INFO: [ app_init ] --END-- [ RunTime:0.000000s ]
INFO: [ app_begin ] --START--
INFO: Run Behavior\ReadHtmlCacheBehavior [ RunTime:0.001000s ]
INFO: [ app_begin ] --END-- [ RunTime:0.001000s ]
SQL: SHOW COLUMNS FROM `music_user` [ RunTime:0.0030s ]
SQL: SHOW COLUMNS FROM `music_teacher` [ RunTime:0.0030s ]
SQL: SELECT COUNT(*) AS tp_count FROM `music_user` WHERE `defaul` = '1' LIMIT 1   [ RunTime:0.0000s ]
SQL: SELECT * FROM `music_user` WHERE `defaul` = '1' ORDER BY id desc LIMIT 0,5   [ RunTime:0.0000s ]
SQL: SELECT * FROM `music_teacher` WHERE `id` = 39 LIMIT 1   [ RunTime:0.0000s ]
SQL: SELECT * FROM `music_teacher` WHERE `id` = 38 LIMIT 1   [ RunTime:0.0010s ]
SQL: SELECT * FROM `music_teacher` WHERE `id` = 21 LIMIT 1   [ RunTime:0.0000s ]
SQL: SELECT * FROM `music_teacher` WHERE `id` = 20 LIMIT 1   [ RunTime:0.0000s ]
SQL: SELECT * FROM `music_teacher` WHERE `id` = 19 LIMIT 1   [ RunTime:0.0010s ]
INFO: [ view_parse ] --START--
INFO: [ template_filter ] --START--
INFO: Run Behavior\ContentReplaceBehavior [ RunTime:0.000000s ]
INFO: [ template_filter ] --END-- [ RunTime:0.000000s ]
INFO: Run Behavior\ParseTemplateBehavior [ RunTime:0.006000s ]
INFO: [ view_parse ] --END-- [ RunTime:0.006000s ]
INFO: [ view_filter ] --START--
INFO: Run Behavior\WriteHtmlCacheBehavior [ RunTime:0.000000s ]
INFO: [ view_filter ] --END-- [ RunTime:0.000000s ]
INFO: [ app_end ] --START--
INFO: Run Behavior\ShowPageTraceBehavior [ RunTime:0.001000s ]
INFO: [ app_end ] --END-- [ RunTime:0.001000s ]

[ 2018-03-24T15:50:56+08:00 ] ::1 /appMusic/index.php/Admin/User/teaLst.html
INFO: [ app_init ] --START--
INFO: Run Behavior\BuildLiteBehavior [ RunTime:0.000000s ]
INFO: [ app_init ] --END-- [ RunTime:0.000000s ]
INFO: [ app_begin ] --START--
INFO: Run Behavior\ReadHtmlCacheBehavior [ RunTime:0.001001s ]
INFO: [ app_begin ] --END-- [ RunTime:0.001001s ]
SQL: SHOW COLUMNS FROM `music_user` [ RunTime:0.0030s ]
SQL: SHOW COLUMNS FROM `music_teacher` [ RunTime:0.0030s ]
SQL: SELECT COUNT(*) AS tp_count FROM `music_user` WHERE `defaul` = '1' LIMIT 1   [ RunTime:0.0010s ]
SQL: SELECT * FROM `music_user` WHERE `defaul` = '1' ORDER BY id desc LIMIT 0,5   [ RunTime:0.0010s ]
SQL: SELECT * FROM `music_teacher` WHERE `id` = 39 LIMIT 1   [ RunTime:0.0000s ]
SQL: SELECT * FROM `music_teacher` WHERE `id` = 38 LIMIT 1   [ RunTime:0.0000s ]
SQL: SELECT * FROM `music_teacher` WHERE `id` = 21 LIMIT 1   [ RunTime:0.0010s ]
SQL: SELECT * FROM `music_teacher` WHERE `id` = 20 LIMIT 1   [ RunTime:0.0000s ]
SQL: SELECT * FROM `music_teacher` WHERE `id` = 19 LIMIT 1   [ RunTime:0.0000s ]
INFO: [ view_parse ] --START--
INFO: [ template_filter ] --START--
INFO: Run Behavior\ContentReplaceBehavior [ RunTime:0.000000s ]
INFO: [ template_filter ] --END-- [ RunTime:0.000000s ]
INFO: Run Behavior\ParseTemplateBehavior [ RunTime:0.006000s ]
INFO: [ view_parse ] --END-- [ RunTime:0.006000s ]
INFO: [ view_filter ] --START--
INFO: Run Behavior\WriteHtmlCacheBehavior [ RunTime:0.000000s ]
INFO: [ view_filter ] --END-- [ RunTime:0.000000s ]
INFO: [ app_end ] --START--
INFO: Run Behavior\ShowPageTraceBehavior [ RunTime:0.001000s ]
INFO: [ app_end ] --END-- [ RunTime:0.001000s ]

[ 2018-03-24T15:50:57+08:00 ] ::1 /appMusic/index.php/Admin/User/sel/id/39.html
INFO: [ app_init ] --START--
INFO: Run Behavior\BuildLiteBehavior [ RunTime:0.000000s ]
INFO: [ app_init ] --END-- [ RunTime:0.000000s ]
INFO: [ app_begin ] --START--
INFO: Run Behavior\ReadHtmlCacheBehavior [ RunTime:0.000000s ]
INFO: [ app_begin ] --END-- [ RunTime:0.000000s ]
SQL: SHOW COLUMNS FROM `music_user` [ RunTime:0.0040s ]
SQL: SHOW COLUMNS FROM `music_comment` [ RunTime:0.0030s ]
SQL: SELECT COUNT(*) AS tp_count FROM `music_comment` WHERE `teacher_id` = 39 LIMIT 1   [ RunTime:0.0000s ]
SQL: SELECT * FROM `music_comment` WHERE `teacher_id` = 39  [ RunTime:0.0000s ]
SQL: SELECT `name` FROM `music_user` WHERE `id` = 37 LIMIT 1   [ RunTime:0.0000s ]
INFO: [ view_parse ] --START--
INFO: [ template_filter ] --START--
INFO: Run Behavior\ContentReplaceBehavior [ RunTime:0.000000s ]
INFO: [ template_filter ] --END-- [ RunTime:0.000000s ]
INFO: Run Behavior\ParseTemplateBehavior [ RunTime:0.004001s ]
INFO: [ view_parse ] --END-- [ RunTime:0.004001s ]
INFO: [ view_filter ] --START--
INFO: Run Behavior\WriteHtmlCacheBehavior [ RunTime:0.000000s ]
INFO: [ view_filter ] --END-- [ RunTime:0.000000s ]
INFO: [ app_end ] --START--
INFO: Run Behavior\ShowPageTraceBehavior [ RunTime:0.000000s ]
INFO: [ app_end ] --END-- [ RunTime:0.000000s ]

[ 2018-03-24T18:17:33+08:00 ] ::1 /appMusic/index.php/Admin/Login/avatar.html
INFO: [ app_init ] --START--
INFO: Run Behavior\BuildLiteBehavior [ RunTime:0.000000s ]
INFO: [ app_init ] --END-- [ RunTime:0.000000s ]
INFO: [ app_begin ] --START--
INFO: Run Behavior\ReadHtmlCacheBehavior [ RunTime:0.001000s ]
INFO: [ app_begin ] --END-- [ RunTime:0.001000s ]
INFO: [ view_parse ] --START--
INFO: [ template_filter ] --START--
INFO: Run Behavior\ContentReplaceBehavior [ RunTime:0.000000s ]
INFO: [ template_filter ] --END-- [ RunTime:0.000000s ]
INFO: Run Behavior\ParseTemplateBehavior [ RunTime:0.005000s ]
INFO: [ view_parse ] --END-- [ RunTime:0.005000s ]
INFO: [ view_filter ] --START--
INFO: Run Behavior\WriteHtmlCacheBehavior [ RunTime:0.000000s ]
INFO: [ view_filter ] --END-- [ RunTime:0.000000s ]
INFO: [ app_end ] --START--
INFO: Run Behavior\ShowPageTraceBehavior [ RunTime:0.000000s ]
INFO: [ app_end ] --END-- [ RunTime:0.000000s ]

